Started by user [8mha:////4KVef2Y2rt1aHG3Ubl730ZXhQB3qCGGZoQc5yMa57M8MAAAAmB+LCAAAAAAAAP9b85aBtbiIQTGjNKU4P08vOT+vOD8nVc83PyU1x6OyILUoJzMv2y+/JJUBAhiZGBgqihhk0NSjKDWzXb3RdlLBUSYGJk8GtpzUvPSSDB8G5tKinBIGIZ+sxLJE/ZzEvHT94JKizLx0a6BxUmjGOUNodHsLgAyeEgYe/dLi1CL9osyS1OIMAJg1/OrBAAAA[0mRitesh_Kumar
[8mha:////4EqIFo33+ygWeqyLAjeH6aRO9sIVBmCCiy7XpGheDl+uAAAAoh+LCAAAAAAAAP9tjTEOwjAQBM8BClpKHuFItIiK1krDC0x8GCfWnbEdkooX8TX+gCESFVvtrLSa5wtWKcKBo5UdUu8otU4GP9jS5Mixv3geZcdn2TIl9igbHBs2eJyx4YwwR1SwULBGaj0nRzbDRnX6rmuvydanHMu2V1A5c4MHCFXMWcf8hSnC9jqYxPTz/BXAFEIGsfuclm8zQVqFvQAAAA==[0m[Pipeline] Start of Pipeline
[8mha:////4Bhs329OlVlRpwXvXnfshWvvkamgP35m/K7a2gTHD3fiAAAApR+LCAAAAAAAAP9tjTEOwjAUQ3+KOrAycohUghExsUZZOEFIQkgb/d8mKe3EibgadyBQiQlLlmxL1nu+oE4RjhQdby12HpP2vA+jK4lPFLtroIm3dOGaMFGwXNpJkrGnpUrKFhaxClYC1hZ1oOTRZdiIVt1VExS65pxj2Q4CKm8GeAAThZxVzN8yR9jeRpMIf5y/AJj7DGxXvP/86jduZBmjwAAAAA==[0m[Pipeline] node
Running on [8mha:////4Bumgr/3+X8LC3vDHdcZbRRfhjVsKmqb+q9Plb+uCDVoAAAAoR+LCAAAAAAAAP9b85aBtbiIQTGjNKU4P08vOT+vOD8nVc83PyU1x6OyILUoJzMv2y+/JJUBAhiZGBgqihhk0NSjKDWzXb3RdlLBUSYGJk8GtpzUvPSSDB8G5tKinBIGIZ+sxLJE/ZzEvHT94JKizLx0a6BxUmjGOUNodHsLgAz2EgZR/eT83ILSktQifY2k0sycEt3MPE19AHHxbH3KAAAA[0mJenkins in /var/lib/jenkins/workspace/Trails/pipeline04_scripted
[8mha:////4GwQu244lF+aWw0E1hM0WxLbXZvLwPy52mVp8k/2BC1tAAAApR+LCAAAAAAAAP9tjTEOwjAUQ3+KOrAycoh0gA0xsUZZOEFIQkgb/d8mKe3EibgadyBQiQlLlmxL1nu+oE4RjhQdby12HpP2vA+jK4lPFLtroIm3dOGaMFGwXNpJkrGnpUrKFhaxClYC1hZ1oOTRZdiIVt1VExS65pxj2Q4CKm8GeAAThZxVzN8yR9jeRpMIf5y/AJj7DGxXvP/86jfoP95RwAAAAA==[0m[Pipeline] {
[8mha:////4M6OrO/EK9vy2YsD54xpvvw6fwYuwwwYThy3NbqF5wWtAAAApR+LCAAAAAAAAP9tjTEOwjAUQ3+KOrAycoh0gQkxsUZZOEFIQkgb/d8mKe3EibgadyBQiQlLlmxL1nu+oE4RjhQdby12HpP2vA+jK4lPFLtroIm3dOGaMFGwXNpJkrGnpUrKFhaxClYC1hZ1oOTRZdiIVt1VExS65pxj2Q4CKm8GeAAThZxVzN8yR9jeRpMIf5y/AJj7DGxXvP/86jc09154wAAAAA==[0m[Pipeline] stage
[8mha:////4P9k1nrH0Z9KTr2Bh/YVjeNitJv4+QnAOYoxzutIBiv4AAAApR+LCAAAAAAAAP9tjTEOwjAUQ3+KOrAycoh0ggUxsUZZOEFIQkgb/d8mKe3EibgadyBQiQlLlmxL1nu+oE4RjhQdby12HpP2vA+jK4lPFLtroIm3dOGaMFGwXNpJkrGnpUrKFhaxClYC1hZ1oOTRZdiIVt1VExS65pxj2Q4CKm8GeAAThZxVzN8yR9jeRpMIf5y/AJj7DGxXvP/86jek7ggRwAAAAA==[0m[Pipeline] { (checkout)
[8mha:////4NeMq7VfCKvSAZH2VWrQgXhb+b0ESduJs4VA4lWfXTdlAAAAoh+LCAAAAAAAAP9tjTEOAiEURD9rLGwtPQTbaWGsbAmNJ0AWEZb8zwLrbuWJvJp3kLiJlZNMMm+a93rDOic4UbLcG+wdZu14DKOti0+U+lugiXu6ck2YKRguzSSpM+cFJRUDS1gDKwEbgzpQdmgLbIVXD9UGhba9lFS/o4DGdQM8gYlqLiqVL8wJdvexy4Q/z18BzLEA29ce4gfg7KmOvAAAAA==[0m[Pipeline] checkout
The recommended git tool is: NONE
No credentials specified
Cloning the remote Git repository
Cloning repository https://github.com/opstree/spring3hibernate.git
 > git init /var/lib/jenkins/workspace/Trails/pipeline04_scripted # timeout=10
Fetching upstream changes from https://github.com/opstree/spring3hibernate.git
 > git --version # timeout=10
 > git --version # 'git version 2.34.1'
 > git fetch --tags --force --progress -- https://github.com/opstree/spring3hibernate.git +refs/heads/*:refs/remotes/origin/* # timeout=10
 > git config remote.origin.url https://github.com/opstree/spring3hibernate.git # timeout=10
 > git config --add remote.origin.fetch +refs/heads/*:refs/remotes/origin/* # timeout=10
Avoid second fetch
Seen branch in repository origin/bp_packer
Seen branch in repository origin/bpmaven
Seen branch in repository origin/canary
Seen branch in repository origin/compose-setup
Seen branch in repository origin/dependabot/maven/commons-beanutils-commons-beanutils-1.9.4
Seen branch in repository origin/dependabot/maven/commons-collections-commons-collections-3.2.2
Seen branch in repository origin/dependabot/maven/commons-fileupload-commons-fileupload-1.5
Seen branch in repository origin/dependabot/maven/commons-io-commons-io-2.7
Seen branch in repository origin/dependabot/maven/junit-junit-4.13.1
Seen branch in repository origin/dependabot/maven/mysql-mysql-connector-java-8.0.28
Seen branch in repository origin/dependabot/maven/org.apache.commons-commons-email-1.5
Seen branch in repository origin/dependabot/maven/org.apache.lucene-lucene-core-7.1.0
Seen branch in repository origin/dependabot/maven/org.hibernate-hibernate-validator-5.3.5.Final
Seen branch in repository origin/dependabot/maven/org.springframework-spring-beans-5.2.20.RELEASE
Seen branch in repository origin/dependabot/maven/org.springframework-spring-core-5.2.22.RELEASE
Seen branch in repository origin/dependabot/maven/org.springframework-spring-expression-5.2.21.RELEASE
Seen branch in repository origin/dependabot/maven/org.springframework-spring-webmvc-5.2.20.RELEASE
Seen branch in repository origin/dependabot/maven/xalan-xalan-2.7.2
Seen branch in repository origin/dependabot/maven/xerces-xercesImpl-2.12.2
Seen branch in repository origin/dev
Seen branch in repository origin/gradle
Seen branch in repository origin/kubernetes_setup
Seen branch in repository origin/master
Seen branch in repository origin/ms
Seen branch in repository origin/msk-tf-files
Seen branch in repository origin/ninja
Seen branch in repository origin/sonar-branch-test
Seen branch in repository origin/surabhi
Seen branch in repository origin/tf-var-override
Seen 29 remote branches
 > git show-ref --tags -d # timeout=10
Multiple candidate revisions
Checking out Revision 7dd69492f68fc5584569cc5decea97aa84e62ada (origin/ninja)
 > git config core.sparsecheckout # timeout=10
 > git checkout -f 7dd69492f68fc5584569cc5decea97aa84e62ada # timeout=10
Commit message: "Update README.md"
First time build. Skipping changelog.
[8mha:////4BpQsQWxb5GXbdJg02k5t7/kpUfP/F36MWDnyYu66ZDDAAAAoh+LCAAAAAAAAP9tjTEOAiEURD9rLGwtPQTbGRNjZUtoPAGyiLDkfxZYdytP5NW8g8RNrJxkknnTvNcb1jnBiZLl3mDvMGvHYxhtXXyi1N8CTdzTlWvCTMFwaSZJnTkvKKkYWMIaWAnYGNSBskNbYCu8eqg2KLTtpaT6HQU0rhvgCUxUc1GpfGFOsLuPXSb8ef4KYI4F2L72ED8v8DEJvAAAAA==[0m[Pipeline] tool
[8mha:////4G0urA5wmE8TnEOUaOZhCteF3R6hb/EMax2ud+LAnZbMAAAAoh+LCAAAAAAAAP9tjTEOAiEURD9rLGwtPQTbmRhjZUtoPAGyiLDkfxZYdytP5NW8g8RNrJxkknnTvNcb1jnBiZLl3mDvMGvHYxhtXXyi1N8CTdzTlWvCTMFwaSZJnTkvKKkYWMIaWAnYGNSBskNbYCu8eqg2KLTtpaT6HQU0rhvgCUxUc1GpfGFOsLuPXSb8ef4KYI6xADvU7j/zqggXvAAAAA==[0m[Pipeline] }
[8mha:////4C2uYcZS66EDV9ApQbjQ9uviaSQKV0d82VJSjq1HhbGQAAAAox+LCAAAAAAAAP9tjTESgjAQRT84FraWHiJoYeVY2WZoPEGEGAOZXUwWofJEXs07yMiMlb/67zXv9cYyRRw5OtVYaj2lyqsu9G56auDYXgMPquGLqpgSB6tKO5Rc29OMJYvFvCzHQmNlqQqcPDnBWjfmYYpgyBVniZM7aOS+vuOJTE9lMVG+MEZsbn2dmH6dvwGMXSfId1tBtv8AExtCpb0AAAA=[0m[Pipeline] // stage
[8mha:////4KZVu4a+wdES5HnaX9ZCcqvNwnoF94c0EltoqRPXXpGWAAAAph+LCAAAAAAAAP9tjTEOwjAQBC9BKWgpeYSjSHSIitZywwtMbIwT6y7YF5KKF/E1/oAhEhVb7ay0mucLqhThQNGJzmLvMbVeDGF0uYmJYn8JNImOzqIlTBSsUHZSZOxxQUVsYUlRwkrC2mIbKHl0DBvZ6buug0ZXnzjmbS+h9OYGDyhkNrOO/IU5wvY6mkT48/wVwDwwFDuGsmk+x+oNEzd2msEAAAA=[0m[Pipeline] stage
[8mha:////4JJ+OMwc/82qfgpYkJLXAl8wCj9XHTcSHKjTjcNHpctaAAAAph+LCAAAAAAAAP9tjTEOwjAUQ3+LOrAycohUZUVMrFEWThCaEJJG/7dJSjpxIq7GHWipxIQHy7ZkvdcbqhjgRMEwp7GzGFvLej+aObFMobt5yszRlbWEkbxmQmdBSp/XKihpWFWUsOGw1dh6ihZNgh138iFrL9HUlxTm7cihtGqAJxR8JicZ0rdMAfb3UUXCH+cvAKY+Qdk0ix2WZ/UBbwyqm8IAAAA=[0m[Pipeline] { (Build)
[8mha:////4Cc/wyazeNVE1sjsPzo9qUmtwOuhb8eKIpuILCwgLzFxAAAAph+LCAAAAAAAAP9tjTEOwjAUQ3+LOrAycohUwIiYukZZOEFoQkgb/V9+UtqJE3E17kBLJSY8WLYl673eUESGE7ETjcXWY6y96ELvpiQG4vYaaBANXURNGClYoeygyNhqqYqShUVZDisJa4t1oOjRJdjIRj90GTS68px42o4Scm/u8IRMTuSkOX3LyLC99SYS/jh/ATB2CfLdfrbD/Cw+y7kUycIAAAA=[0m[Pipeline] withEnv
[8mha:////4P4vjApQFWpy8gnmIxPPBgwLnGJ7mfeFKMhSeKYE1TJNAAAApx+LCAAAAAAAAP9tjTEOwjAUQ3+LOrAycohUCDbE1DXKwglCE0La6P/yk9JOnIircQdaKjHhwbItWe/1hiIynIidaCy2HmPtRRd6NyUxELfXQINo6CJqwkjBCmUHRcZWS1WULCzKclhJWFusA0WPLsFGNvqhy6DRlefE03aUkHtzhydkciInzelbRobtrTeR8Mf5C4CxS5Dv9rMd5mfxAbNWnxXCAAAA[0m[Pipeline] {
[8mha:////4AaAH2V/eHM2+KDf9N04mOb+D0ZffeIjP/J7IZN+kRVZAAAApB+LCAAAAAAAAP9tjTEOwjAQBC9BFLSUPOIiJKgQVVrLDS8wsTFOrDtjOyQVL+Jr/IFAJCq2WO1sM88XLFOEI0eLraHOUWocBt/baeHAsbt4HrDlMzZMib1BaQbJ2tQzSs4G5hQlLASsDDWekyObYS1adVeVV2SrU47TdxBQOn2DBxRiMmcV8xfGCJtrrxPTz/NXAGPIUG53n9qHN8W7Eii+AAAA[0m[Pipeline] isUnix
[8mha:////4DIeJlrNldS80aBjq7NPasY8t2oV2s+3sA3VaMb3fT27AAAApR+LCAAAAAAAAP9tjTEOwjAQBC9BFLSUPOIiJESDqNJabniBiY1xYt0Z2yGpeBFf4w8EIlGxxWpnm3m+YJkiHDlabA11jlLjMPjeTgsHjt3F84Atn7FhSuwNSjNI1qaeUXI2MKcoYSFgZajxnBzZDGvRqruqvCJbnXKcvoOA0ukbPKAQkzmrmL8wRthce52Yfp6/AhhDhnK7+9Q+vAEG6D8DvgAAAA==[0m[Pipeline] sh
+ /var/lib/jenkins/tools/hudson.tasks.Maven_MavenInstallation/maven/bin/mvn -Dmaven.test.failure.ignore clean package
[INFO] Scanning for projects...
[INFO] 
[INFO] --------------< Spring3HibernateApp:Spring3HibernateApp >---------------
[INFO] Building Spring3HibernateApp 1.8-SNAPSHOT
[INFO]   from pom.xml
[INFO] --------------------------------[ war ]---------------------------------
[WARNING] The artifact ehcache:ehcache:jar:1.2.3 has been relocated to net.sf.ehcache:ehcache:jar:1.2.3
[WARNING] The artifact icu4j:icu4j:jar:2.6.1 has been relocated to com.ibm.icu:icu4j:jar:2.6.1
[INFO] 
[INFO] --- clean:3.2.0:clean (default-clean) @ Spring3HibernateApp ---
[INFO] 
[INFO] --- resources:3.3.0:resources (default-resources) @ Spring3HibernateApp ---
[WARNING] Using platform encoding (UTF-8 actually) to copy filtered resources, i.e. build is platform dependent!
[INFO] Copying 2 resources
[INFO] 
[INFO] --- compiler:2.3.2:compile (default-compile) @ Spring3HibernateApp ---
[WARNING] File encoding has not been set, using platform encoding UTF-8, i.e. build is platform dependent!
[INFO] Compiling 15 source files to /var/lib/jenkins/workspace/Trails/pipeline04_scripted/target/classes
[INFO] 
[INFO] >>> findbugs:3.0.5:check (analyze-compile) > :findbugs @ Spring3HibernateApp >>>
[INFO] 
[INFO] --- findbugs:3.0.5:findbugs (findbugs) @ Spring3HibernateApp ---
WARNING: An illegal reflective access operation has occurred
WARNING: Illegal reflective access by org.codehaus.groovy.reflection.CachedClass (file:/var/lib/jenkins/.m2/repository/org/codehaus/groovy/groovy/2.4.12/groovy-2.4.12.jar) to method java.lang.Object.finalize()
WARNING: Please consider reporting this to the maintainers of org.codehaus.groovy.reflection.CachedClass
WARNING: Use --illegal-access=warn to enable warnings of further illegal reflective access operations
WARNING: All illegal access operations will be denied in a future release
[INFO] Fork Value is true
     [java] WARNING: An illegal reflective access operation has occurred
     [java] WARNING: Illegal reflective access by org.dom4j.io.SAXContentHandler (file:/var/lib/jenkins/.m2/repository/dom4j/dom4j/1.6.1/dom4j-1.6.1.jar) to method com.sun.org.apache.xerces.internal.parsers.AbstractSAXParser$LocatorProxy.getEncoding()
     [java] WARNING: Please consider reporting this to the maintainers of org.dom4j.io.SAXContentHandler
     [java] WARNING: Use --illegal-access=warn to enable warnings of further illegal reflective access operations
     [java] WARNING: All illegal access operations will be denied in a future release
     [java] The following classes needed for analysis were missing:
     [java]   java.lang.Object
     [java]   java.io.Serializable
     [java]   java.io.File
     [java]   java.util.List
     [java]   java.util.Iterator
     [java]   java.lang.StringBuilder
     [java]   java.util.Properties
     [java]   java.io.InputStream
     [java]   java.io.IOException
     [java]   java.lang.Long
     [java]   java.lang.Integer
     [java]   java.util.HashMap
     [java]   java.util.Map
     [java]   java.util.ArrayList
     [java]   java.io.FileInputStream
     [java]   java.io.PrintStream
     [java]   java.lang.String
     [java]   java.io.OutputStream
     [java]   java.lang.NoSuchFieldError
     [java]   java.lang.UnsatisfiedLinkError
     [java]   java.lang.IllegalAccessError
     [java]   java.lang.NoSuchMethodError
     [java]   java.lang.NullPointerException
     [java]   java.lang.IncompatibleClassChangeError
     [java]   java.lang.AbstractMethodError
     [java]   java.lang.Error
     [java]   java.lang.RuntimeException
     [java]   java.lang.Throwable
     [java]   java.lang.NoClassDefFoundError
     [java]   java.lang.ClassFormatError
     [java]   java.lang.VerifyError
     [java]   java.lang.ExceptionInInitializerError
     [java]   java.lang.ClassCastException
     [java] Warnings generated: 5
     [java] Missing classes: 21
[INFO] Done FindBugs Analysis....
[INFO] 
[INFO] <<< findbugs:3.0.5:check (analyze-compile) < :findbugs @ Spring3HibernateApp <<<
[INFO] 
[INFO] 
[INFO] --- findbugs:3.0.5:check (analyze-compile) @ Spring3HibernateApp ---
[INFO] BugInstance size is 5
[INFO] Error size is 0
[INFO] Total bugs: 5
[INFO] The field name com.sample.bean.EmployeeBean.Name doesn't start with a lower case letter [com.sample.bean.EmployeeBean] In EmployeeBean.java NM_FIELD_NAMING_CONVENTION
[INFO] The field name com.sample.bean.FileBean.Name doesn't start with a lower case letter [com.sample.bean.FileBean] In FileBean.java NM_FIELD_NAMING_CONVENTION
[INFO] Relative path traversal in com.sample.servlet.DownloadServlet.doGet(HttpServletRequest, HttpServletResponse) [com.sample.servlet.DownloadServlet, com.sample.servlet.DownloadServlet] Value generated at DownloadServlet.java:[line 26]At DownloadServlet.java:[line 29] PT_RELATIVE_PATH_TRAVERSAL
[INFO] com.sample.servlet.DownloadServlet is Serializable; consider declaring a serialVersionUID [com.sample.servlet.DownloadServlet] At DownloadServlet.java:[lines 21-87] SE_NO_SERIALVERSIONID
[INFO] com.sample.servlet.FileUploadServlet is Serializable; consider declaring a serialVersionUID [com.sample.servlet.FileUploadServlet] At FileUploadServlet.java:[lines 25-89] SE_NO_SERIALVERSIONID
[INFO] 


To see bug detail using the Findbugs GUI, use the following command "mvn findbugs:gui"



[INFO] 
[INFO] --- resources:3.3.0:testResources (default-testResources) @ Spring3HibernateApp ---
[WARNING] Using platform encoding (UTF-8 actually) to copy filtered resources, i.e. build is platform dependent!
[INFO] skip non existing resourceDirectory /var/lib/jenkins/workspace/Trails/pipeline04_scripted/src/test/resources
[INFO] 
[INFO] --- compiler:2.3.2:testCompile (default-testCompile) @ Spring3HibernateApp ---
[WARNING] File encoding has not been set, using platform encoding UTF-8, i.e. build is platform dependent!
[INFO] Compiling 2 source files to /var/lib/jenkins/workspace/Trails/pipeline04_scripted/target/test-classes
[INFO] 
[INFO] --- surefire:3.0.0:test (default-test) @ Spring3HibernateApp ---
[INFO] Using auto detected provider org.apache.maven.surefire.junit4.JUnit4Provider
[INFO] 
[INFO] -------------------------------------------------------
[INFO]  T E S T S
[INFO] -------------------------------------------------------
[INFO] Running com.sample.service.EmployeeServiceImplTest
WARNING: An illegal reflective access operation has occurred
WARNING: Illegal reflective access by org.mockito.cglib.core.ReflectUtils$2 (file:/var/lib/jenkins/.m2/repository/org/mockito/mockito-all/1.9.5/mockito-all-1.9.5.jar) to method java.lang.ClassLoader.defineClass(java.lang.String,byte[],int,int,java.security.ProtectionDomain)
WARNING: Please consider reporting this to the maintainers of org.mockito.cglib.core.ReflectUtils$2
WARNING: Use --illegal-access=warn to enable warnings of further illegal reflective access operations
WARNING: All illegal access operations will be denied in a future release
[INFO] Tests run: 2, Failures: 0, Errors: 0, Skipped: 0, Time elapsed: 0.293 s - in com.sample.service.EmployeeServiceImplTest
[INFO] Running com.sample.bean.EmployeeBeanTest
[INFO] Tests run: 1, Failures: 0, Errors: 0, Skipped: 0, Time elapsed: 0 s - in com.sample.bean.EmployeeBeanTest
[INFO] 
[INFO] Results:
[INFO] 
[INFO] Tests run: 3, Failures: 0, Errors: 0, Skipped: 0
[INFO] 
[INFO] 
[INFO] --- war:2.1.1:war (default-war) @ Spring3HibernateApp ---
[INFO] Packaging webapp
[INFO] Assembling webapp [Spring3HibernateApp] in [/var/lib/jenkins/workspace/Trails/pipeline04_scripted/target/Spring3HibernateApp-1.8-SNAPSHOT]
[INFO] Processing war project
[INFO] Copying webapp resources [/var/lib/jenkins/workspace/Trails/pipeline04_scripted/src/main/webapp]
[INFO] Webapp assembled in [305 msecs]
[INFO] Building war: /var/lib/jenkins/workspace/Trails/pipeline04_scripted/target/Spring3HibernateApp.war
[INFO] WEB-INF/web.xml already added, skipping
[INFO] 
[INFO] >>> cobertura:2.5.1:cobertura (default) > [cobertura]test @ Spring3HibernateApp >>>
[INFO] 
[INFO] --- resources:3.3.0:resources (default-resources) @ Spring3HibernateApp ---
[WARNING] Using platform encoding (UTF-8 actually) to copy filtered resources, i.e. build is platform dependent!
[INFO] Copying 2 resources
[INFO] 
[INFO] --- compiler:2.3.2:compile (default-compile) @ Spring3HibernateApp ---
[INFO] Nothing to compile - all classes are up to date
[INFO] 
[INFO] >>> findbugs:3.0.5:check (analyze-compile) > :findbugs @ Spring3HibernateApp >>>
[INFO] 
[INFO] --- findbugs:3.0.5:findbugs (findbugs) @ Spring3HibernateApp ---
[INFO] Fork Value is true
     [java] WARNING: An illegal reflective access operation has occurred
     [java] WARNING: Illegal reflective access by org.dom4j.io.SAXContentHandler (file:/var/lib/jenkins/.m2/repository/dom4j/dom4j/1.6.1/dom4j-1.6.1.jar) to method com.sun.org.apache.xerces.internal.parsers.AbstractSAXParser$LocatorProxy.getEncoding()
     [java] WARNING: Please consider reporting this to the maintainers of org.dom4j.io.SAXContentHandler
     [java] WARNING: Use --illegal-access=warn to enable warnings of further illegal reflective access operations
     [java] WARNING: All illegal access operations will be denied in a future release
     [java] The following classes needed for analysis were missing:
     [java]   java.lang.Object
     [java]   java.io.Serializable
     [java]   java.io.File
     [java]   java.util.List
     [java]   java.util.Iterator
     [java]   java.lang.StringBuilder
     [java]   java.util.Properties
     [java]   java.io.InputStream
     [java]   java.io.IOException
     [java]   java.lang.Long
     [java]   java.lang.Integer
     [java]   java.util.HashMap
     [java]   java.util.Map
     [java]   java.util.ArrayList
     [java]   java.io.FileInputStream
     [java]   java.io.PrintStream
     [java]   java.lang.String
     [java]   java.io.OutputStream
     [java]   java.lang.NoSuchFieldError
     [java]   java.lang.UnsatisfiedLinkError
     [java]   java.lang.IllegalAccessError
     [java]   java.lang.NoSuchMethodError
     [java]   java.lang.NullPointerException
     [java]   java.lang.IncompatibleClassChangeError
     [java]   java.lang.AbstractMethodError
     [java]   java.lang.Error
     [java]   java.lang.RuntimeException
     [java]   java.lang.Throwable
     [java]   java.lang.NoClassDefFoundError
     [java]   java.lang.ClassFormatError
     [java]   java.lang.VerifyError
     [java]   java.lang.ExceptionInInitializerError
     [java]   java.lang.ClassCastException
     [java] Warnings generated: 5
     [java] Missing classes: 21
[INFO] Done FindBugs Analysis....
[INFO] 
[INFO] <<< findbugs:3.0.5:check (analyze-compile) < :findbugs @ Spring3HibernateApp <<<
[INFO] 
[INFO] 
[INFO] --- findbugs:3.0.5:check (analyze-compile) @ Spring3HibernateApp ---
[INFO] BugInstance size is 5
[INFO] Error size is 0
[INFO] Total bugs: 5
[INFO] The field name com.sample.bean.EmployeeBean.Name doesn't start with a lower case letter [com.sample.bean.EmployeeBean] In EmployeeBean.java NM_FIELD_NAMING_CONVENTION
[INFO] The field name com.sample.bean.FileBean.Name doesn't start with a lower case letter [com.sample.bean.FileBean] In FileBean.java NM_FIELD_NAMING_CONVENTION
[INFO] Relative path traversal in com.sample.servlet.DownloadServlet.doGet(HttpServletRequest, HttpServletResponse) [com.sample.servlet.DownloadServlet, com.sample.servlet.DownloadServlet] Value generated at DownloadServlet.java:[line 26]At DownloadServlet.java:[line 29] PT_RELATIVE_PATH_TRAVERSAL
[INFO] com.sample.servlet.DownloadServlet is Serializable; consider declaring a serialVersionUID [com.sample.servlet.DownloadServlet] At DownloadServlet.java:[lines 21-87] SE_NO_SERIALVERSIONID
[INFO] com.sample.servlet.FileUploadServlet is Serializable; consider declaring a serialVersionUID [com.sample.servlet.FileUploadServlet] At FileUploadServlet.java:[lines 25-89] SE_NO_SERIALVERSIONID
[INFO] 


To see bug detail using the Findbugs GUI, use the following command "mvn findbugs:gui"



[INFO] 
[INFO] --- cobertura:2.5.1:instrument (default) @ Spring3HibernateApp ---
[INFO] Cobertura 1.9.4.1 - GNU GPL License (NO WARRANTY) - See COPYRIGHT file
Instrumenting 15 files to /var/lib/jenkins/workspace/Trails/pipeline04_scripted/target/generated-classes/cobertura
Cobertura: Saved information on 15 classes.
Instrument time: 182ms

[INFO] Instrumentation was successful.
[INFO] NOT adding cobertura ser file to attached artifacts list.
[WARNING] The artifact ehcache:ehcache:jar:1.2.3 has been relocated to net.sf.ehcache:ehcache:jar:1.2.3
[WARNING] The artifact icu4j:icu4j:jar:2.6.1 has been relocated to com.ibm.icu:icu4j:jar:2.6.1
[INFO] 
[INFO] --- resources:3.3.0:testResources (default-testResources) @ Spring3HibernateApp ---
[WARNING] Using platform encoding (UTF-8 actually) to copy filtered resources, i.e. build is platform dependent!
[INFO] skip non existing resourceDirectory /var/lib/jenkins/workspace/Trails/pipeline04_scripted/src/test/resources
[INFO] 
[INFO] --- compiler:2.3.2:testCompile (default-testCompile) @ Spring3HibernateApp ---
[INFO] Nothing to compile - all classes are up to date
[INFO] 
[INFO] --- surefire:3.0.0:test (default-test) @ Spring3HibernateApp ---
[INFO] Using auto detected provider org.apache.maven.surefire.junit4.JUnit4Provider
[INFO] 
[INFO] -------------------------------------------------------
[INFO]  T E S T S
[INFO] -------------------------------------------------------
[INFO] Running com.sample.service.EmployeeServiceImplTest
WARNING: An illegal reflective access operation has occurred
WARNING: Illegal reflective access by org.mockito.cglib.core.ReflectUtils$2 (file:/var/lib/jenkins/.m2/repository/org/mockito/mockito-all/1.9.5/mockito-all-1.9.5.jar) to method java.lang.ClassLoader.defineClass(java.lang.String,byte[],int,int,java.security.ProtectionDomain)
WARNING: Please consider reporting this to the maintainers of org.mockito.cglib.core.ReflectUtils$2
WARNING: Use --illegal-access=warn to enable warnings of further illegal reflective access operations
WARNING: All illegal access operations will be denied in a future release
[INFO] Tests run: 2, Failures: 0, Errors: 0, Skipped: 0, Time elapsed: 0.236 s - in com.sample.service.EmployeeServiceImplTest
[INFO] Running com.sample.bean.EmployeeBeanTest
[INFO] Tests run: 1, Failures: 0, Errors: 0, Skipped: 0, Time elapsed: 0.015 s - in com.sample.bean.EmployeeBeanTest
[INFO] 
[INFO] Results:
[INFO] 
[INFO] Tests run: 3, Failures: 0, Errors: 0, Skipped: 0
[INFO] 
[INFO] 
[INFO] <<< cobertura:2.5.1:cobertura (default) < [cobertura]test @ Spring3HibernateApp <<<
[INFO] 
[INFO] 
[INFO] --- cobertura:2.5.1:cobertura (default) @ Spring3HibernateApp ---
[INFO] Cobertura 1.9.4.1 - GNU GPL License (NO WARRANTY) - See COPYRIGHT file
Cobertura: Loaded information on 15 classes.
Report time: 233ms

[INFO] Cobertura Report generation was successful.
[INFO] ------------------------------------------------------------------------
[INFO] BUILD SUCCESS
[INFO] ------------------------------------------------------------------------
[INFO] Total time:  22.239 s
[INFO] Finished at: 2023-05-30T18:47:43Z
[INFO] ------------------------------------------------------------------------
[WARNING] 
[WARNING] Plugin validation issues were detected in 5 plugin(s)
[WARNING] 
[WARNING]  * org.codehaus.mojo:findbugs-maven-plugin:3.0.5
[WARNING]  * org.codehaus.mojo:cobertura-maven-plugin:2.5.1
[WARNING]  * org.apache.maven.plugins:maven-war-plugin:2.1.1
[WARNING]  * org.apache.maven.plugins:maven-resources-plugin:3.3.0
[WARNING]  * org.apache.maven.plugins:maven-compiler-plugin:2.3.2
[WARNING] 
[WARNING] For more or less details, use 'maven.plugin.validation' property with one of the values (case insensitive): [BRIEF, DEFAULT, VERBOSE]
[WARNING] 
[8mha:////4Hzg/Qqn1YmznKQom+hP8SThCqJAWsXmE2mjRwucf9ZBAAAApR+LCAAAAAAAAP9tjTEOwjAQBC9BFLSUPOIiJCQKRJXWcsMLTGyME+vO2A5JxYv4Gn8gEImKLVY728zzBcsU4cjRYmuoc5Qah8H3dlo4cOwungds+YwNU2JvUJpBsjb1jJKzgTlFCQsBK0ON5+TIZliLVt1V5RXZ6pTj9B0ElE7f4AGFmMxZxfyFMcLm2uvE9PP8FcAYQoZyu//U7g0YU4IMvgAAAA==[0m[Pipeline] }
[8mha:////4M8hdAoGkf9F/IniHsxP2Jhf0MMwkSi00VUvcH7b6wlLAAAApR+LCAAAAAAAAP9tjTEOwjAQBC9BFLSUPOIiRIOEqNJabniBiY1xYt0Z2yGpeBFf4w8EIlGxxWpnm3m+YJkiHDlabA11jlLjMPjeTgsHjt3F84Atn7FhSuwNSjNI1qaeUXI2MKcoYSFgZajxnBzZDGvRqruqvCJbnXKcvoOA0ukbPKAQkzmrmL8wRthce52Yfp6/AhhDyFBu95/avQFudLBjvgAAAA==[0m[Pipeline] // withEnv
[8mha:////4Al0uh3BMUSQMhU9G1u8dvSk8QZVd4F/S/JZg+GNXCv0AAAApB+LCAAAAAAAAP9tjTEOwjAQBC9BFLSUPOIi6BCiSmu54QUmNsaJdWdsh6TiRXyNPxCIRMUWq51t5vmCZYpw5GixNdQ5So3D4Hs7LRw4dhfPA7Z8xoYpsTcozSBZm3pGydnAnKKEhYCVocZzcmQzrEWr7qryimx1ynH6DgJKp2/wgEJM5qxi/sIYYXPtdWL6ef4KYAwhQ7ndf2r3Bl2X69++AAAA[0m[Pipeline] }
[8mha:////4D8aNA9Bu69x6qZdTmhghA7bvKnBm9lztJ4PyK5Kz/VFAAAApB+LCAAAAAAAAP9tjTEOwjAQBC9BFLSUPMIhtIgqrZWGF5j4ME6sO2M7JBUv4mv8AYtIVGyx2tlmXm9YxwAnDkb0SIOl2Fnh3WjyEhOH4ep4Ej1fRMcU2aFocWpZY7NgywlhSVHCSsIGqXMcLZkEW9mrh6qcIlOdU8jfUUJp9R2eUMhsTiqkL8wBdrdRR6af568AZu8TlId9rrr+ALKNBVC+AAAA[0m[Pipeline] // stage
[8mha:////4DO3zHBYPKHxNuf+/mb11jj8g4KIVRBCMTxDuOPLNhnjAAAAph+LCAAAAAAAAP9tjTEOwjAQBM9BKWgpeYQjEB2iorXc8AITG+PEugv2haTiRXyNPxCIRMVWOyut5vmCMic4UPKycdgGzHWQXez91ORAqb1EGmRDZ1kTZopOajdosu44oyZ2MEcUsFCwdFhHygE9w0o15m6qaNBXJ07TtldQBHuDBwg1mdkk/sKYYH3tbSb8ef4KYOwYxI6h2G4+x/INji2eq8EAAAA=[0m[Pipeline] stage
[8mha:////4OlRg+Ee9QK8eaqBqGg/uic4imkjQD0m3IuegafA9hxOAAAAph+LCAAAAAAAAP9tjTEOwjAUQ3+DOrAycohUdEVMrFEXThCaEJJG/7dJSjpxIq7GHWipxIQHy7ZkvdcbyhjgRMFwp7GzGFvLez+aOfFMobt5ytzRlbeEkbzmjc4NKX1ea0NJw6qCwUbAVmPrKVo0CXbCyYesvERTXVKYt6MAZtUATyjETE4ypG+ZAuzvo4qEP85fAEx9AlYfFquXZ/kBAsTc3cIAAAA=[0m[Pipeline] { (Results)
[8mha:////4BOWylroPQo6kc0rQRd77+SX3eDIf8KwvoXXmrXO0PYNAAAAox+LCAAAAAAAAP9tjTESwiAURH/iWNhaeggyE0vHypah8QSYIEKY/wkQSeWJvJp3EM2MlVvs7NvmPV+wjgGOFDSzCgeDsTPMu0mXxTKF4eooM0sX1hFGcooJlQX16rSgoKRgSVXDisNGYecoGtQJttzKu2ycRN2cUyjfgUNt+hEeUPFiTjKkL8wBdrepj4Q/z18BzD5B3baf2vs3w5BRkb4AAAA=[0m[Pipeline] junit
Recording test results
[Checks API] No suitable checks publisher found.
[8mha:////4PNH3uPVys1xOMVwNQBGIMJDVn/p+U+Hr5oqbOIFQtkDAAAApB+LCAAAAAAAAP9tjbEOwiAURV9rHFwd/QiaNG7GyZWw+AXYIkLJexSodPKL/DX/QbSJk3e4uecu5/mCdQxwpKCZVTgYjJ1h3k26LJYpDFdHmVm6sI4wklNMqCyoV6cFBSUFS6oaVhw2CjtH0aBOsOVW3mXjJOrmnEL5Dhxq04/wgIoXc5IhfWEOsLtNfST8ef4KYPYJ6rb91N6/AQQGEN6+AAAA[0m[Pipeline] archiveArtifacts
Archiving artifacts
‘target/*.jar’ doesn’t match anything: ‘target’ exists but not ‘target/*.jar’
[8mha:////4PUXIe5Yg/K89yZNMfE2+AbXl5L86P3nlOM1oqmb3ckVAAAApB+LCAAAAAAAAP9tjbEOwiAURV9rHFwd/QiaNHEyTq6ExS/AFhFK3qNApZNf5K/5D6JNnLzDzT13Oc8XrGOAIwXNrMLBYOwM827SZbFMYbg6yszShXWEkZxiQmVBvTotKCgpWFLVsOKwUdg5igZ1gi238i4bJ1E35xTKd+BQm36EB1S8mJMM6QtzgN1t6iPhz/NXALP3Cep2/6n2DXge7LK+AAAA[0m[Pipeline] }
[8mha:////4Ewr8QAdgjzgmEBdidnQ/ohNrBu/b7VQBMjSQ35sDg0rAAAApB+LCAAAAAAAAP9tjTEOwjAQBC9BFLSUPOIiKGgQVVrLDS8wsTFOrDtjOyQVL+Jr/IFAJCq2WO1sM88XLFOEI0eLraHOUWocBt/baeHAsbt4HrDlMzZMib1BaQbJ2tQzSs4G5hQlLASsDDWekyObYS1adVeVV2SrU47TdxBQOn2DBxRiMmcV8xfGCJtrrxPTz/NXAGMIGcrd/lPbN2w9ca2+AAAA[0m[Pipeline] // stage
[8mha:////4B0GuaARD1S1f5JsQrrS/GNf7Kq3mPDrUJIDuAOQN0eyAAAApB+LCAAAAAAAAP9tjTEOwjAQBDdBFLSUPMKREBIFoqK10vACkxjjxLoL9oWk4kV8jT8QEYmKrXammdcbyxRx5OhUY6n1lCqvutC76amBY3sNPKiGL6piShysKu1Qcm1PM5YsFvOyHAuNlaUqcPLkBGvdmIcpgiFXnCVO7qCR+/qOJzI9lcVE+cIYsbn1dWL6df4GMHadIN/uBdnuAzuF8ea9AAAA[0m[Pipeline] }
[8mha:////4M7ZvCvR1zRZm6UJcIsRXdvu8E/vM/x0TV+iCerfyxZbAAAApB+LCAAAAAAAAP9tjTEOwjAQBDdBFLSUPMKRoEFCVLRWGl5gEmOcWHfBvpBUvIiv8QciIlGx1c4083pjmSKOHJ1qLLWeUuVVF3o3PTVwbK+BB9XwRVVMiYNVpR1Kru1pxpLFYl6WY6GxslQFTp6cYK0b8zBFMOSKs8TJHTRyX9/xRKanspgoXxgjNre+Tky/zt8Axq4T5Nu9INt9AEmHxfq9AAAA[0m[Pipeline] // node
[8mha:////4EBFR8eVV+mQfRBg5sPK9Gy+dc3LJHYXwtSPXEo6FfZzAAAAox+LCAAAAAAAAP9tjbEOgjAURS8YB1dHP6IkbMY4uTYsfkGFWgvNe9g+hMkv8tf8B4kkTt7pnrOc1xvrFHHk6FRrqfOUaq/6MLj5qZFjdw08qpYvqmZKHKyq7FhxY08LViwWy7IcK42NpTpw8uQEW92ahymCIVecJc7uoJH75o4nMj2XxUT5whSxuw1NYvp1/gYw9b0gL/eCrPwAb56isL0AAAA=[0m[Pipeline] End of Pipeline
ERROR: No artifacts found that match the file pattern "target/*.jar". Configuration error?
Finished: FAILURE
