Started by user [8mha:////4KVef2Y2rt1aHG3Ubl730ZXhQB3qCGGZoQc5yMa57M8MAAAAmB+LCAAAAAAAAP9b85aBtbiIQTGjNKU4P08vOT+vOD8nVc83PyU1x6OyILUoJzMv2y+/JJUBAhiZGBgqihhk0NSjKDWzXb3RdlLBUSYGJk8GtpzUvPSSDB8G5tKinBIGIZ+sxLJE/ZzEvHT94JKizLx0a6BxUmjGOUNodHsLgAyeEgYe/dLi1CL9osyS1OIMAJg1/OrBAAAA[0mRitesh_Kumar
[8mha:////4EqIFo33+ygWeqyLAjeH6aRO9sIVBmCCiy7XpGheDl+uAAAAoh+LCAAAAAAAAP9tjTEOwjAQBM8BClpKHuFItIiK1krDC0x8GCfWnbEdkooX8TX+gCESFVvtrLSa5wtWKcKBo5UdUu8otU4GP9jS5Mixv3geZcdn2TIl9igbHBs2eJyx4YwwR1SwULBGaj0nRzbDRnX6rmuvydanHMu2V1A5c4MHCFXMWcf8hSnC9jqYxPTz/BXAFEIGsfuclm8zQVqFvQAAAA==[0m[Pipeline] Start of Pipeline
[8mha:////4Bhs329OlVlRpwXvXnfshWvvkamgP35m/K7a2gTHD3fiAAAApR+LCAAAAAAAAP9tjTEOwjAUQ3+KOrAycohUghExsUZZOEFIQkgb/d8mKe3EibgadyBQiQlLlmxL1nu+oE4RjhQdby12HpP2vA+jK4lPFLtroIm3dOGaMFGwXNpJkrGnpUrKFhaxClYC1hZ1oOTRZdiIVt1VExS65pxj2Q4CKm8GeAAThZxVzN8yR9jeRpMIf5y/AJj7DGxXvP/86jduZBmjwAAAAA==[0m[Pipeline] node
Running on [8mha:////4Bumgr/3+X8LC3vDHdcZbRRfhjVsKmqb+q9Plb+uCDVoAAAAoR+LCAAAAAAAAP9b85aBtbiIQTGjNKU4P08vOT+vOD8nVc83PyU1x6OyILUoJzMv2y+/JJUBAhiZGBgqihhk0NSjKDWzXb3RdlLBUSYGJk8GtpzUvPSSDB8G5tKinBIGIZ+sxLJE/ZzEvHT94JKizLx0a6BxUmjGOUNodHsLgAz2EgZR/eT83ILSktQifY2k0sycEt3MPE19AHHxbH3KAAAA[0mJenkins in /var/lib/jenkins/workspace/Trails/pipeline04_scripted@2
[8mha:////4GwQu244lF+aWw0E1hM0WxLbXZvLwPy52mVp8k/2BC1tAAAApR+LCAAAAAAAAP9tjTEOwjAUQ3+KOrAycoh0gA0xsUZZOEFIQkgb/d8mKe3EibgadyBQiQlLlmxL1nu+oE4RjhQdby12HpP2vA+jK4lPFLtroIm3dOGaMFGwXNpJkrGnpUrKFhaxClYC1hZ1oOTRZdiIVt1VExS65pxj2Q4CKm8GeAAThZxVzN8yR9jeRpMIf5y/AJj7DGxXvP/86jfoP95RwAAAAA==[0m[Pipeline] {
[8mha:////4M6OrO/EK9vy2YsD54xpvvw6fwYuwwwYThy3NbqF5wWtAAAApR+LCAAAAAAAAP9tjTEOwjAUQ3+KOrAycoh0gQkxsUZZOEFIQkgb/d8mKe3EibgadyBQiQlLlmxL1nu+oE4RjhQdby12HpP2vA+jK4lPFLtroIm3dOGaMFGwXNpJkrGnpUrKFhaxClYC1hZ1oOTRZdiIVt1VExS65pxj2Q4CKm8GeAAThZxVzN8yR9jeRpMIf5y/AJj7DGxXvP/86jc09154wAAAAA==[0m[Pipeline] stage
[8mha:////4P9k1nrH0Z9KTr2Bh/YVjeNitJv4+QnAOYoxzutIBiv4AAAApR+LCAAAAAAAAP9tjTEOwjAUQ3+KOrAycoh0ggUxsUZZOEFIQkgb/d8mKe3EibgadyBQiQlLlmxL1nu+oE4RjhQdby12HpP2vA+jK4lPFLtroIm3dOGaMFGwXNpJkrGnpUrKFhaxClYC1hZ1oOTRZdiIVt1VExS65pxj2Q4CKm8GeAAThZxVzN8yR9jeRpMIf5y/AJj7DGxXvP/86jek7ggRwAAAAA==[0m[Pipeline] { (Checkout)
[8mha:////4NeMq7VfCKvSAZH2VWrQgXhb+b0ESduJs4VA4lWfXTdlAAAAoh+LCAAAAAAAAP9tjTEOAiEURD9rLGwtPQTbaWGsbAmNJ0AWEZb8zwLrbuWJvJp3kLiJlZNMMm+a93rDOic4UbLcG+wdZu14DKOti0+U+lugiXu6ck2YKRguzSSpM+cFJRUDS1gDKwEbgzpQdmgLbIVXD9UGhba9lFS/o4DGdQM8gYlqLiqVL8wJdvexy4Q/z18BzLEA29ce4gfg7KmOvAAAAA==[0m[Pipeline] checkout
The recommended git tool is: NONE
No credentials specified
Cloning the remote Git repository
Cloning repository https://github.com/opstree/spring3hibernate.git
 > git init /var/lib/jenkins/workspace/Trails/pipeline04_scripted@2 # timeout=10
Fetching upstream changes from https://github.com/opstree/spring3hibernate.git
 > git --version # timeout=10
 > git --version # 'git version 2.34.1'
 > git fetch --tags --force --progress -- https://github.com/opstree/spring3hibernate.git +refs/heads/*:refs/remotes/origin/* # timeout=10
 > git config remote.origin.url https://github.com/opstree/spring3hibernate.git # timeout=10
 > git config --add remote.origin.fetch +refs/heads/*:refs/remotes/origin/* # timeout=10
Avoid second fetch
Seen branch in repository origin/bp_packer
Seen branch in repository origin/bpmaven
Seen branch in repository origin/canary
Seen branch in repository origin/compose-setup
Seen branch in repository origin/dependabot/maven/commons-beanutils-commons-beanutils-1.9.4
Seen branch in repository origin/dependabot/maven/commons-collections-commons-collections-3.2.2
Seen branch in repository origin/dependabot/maven/commons-fileupload-commons-fileupload-1.5
Seen branch in repository origin/dependabot/maven/commons-io-commons-io-2.7
Seen branch in repository origin/dependabot/maven/junit-junit-4.13.1
Seen branch in repository origin/dependabot/maven/mysql-mysql-connector-java-8.0.28
Seen branch in repository origin/dependabot/maven/org.apache.commons-commons-email-1.5
Seen branch in repository origin/dependabot/maven/org.apache.lucene-lucene-core-7.1.0
Seen branch in repository origin/dependabot/maven/org.hibernate-hibernate-validator-5.3.5.Final
Seen branch in repository origin/dependabot/maven/org.springframework-spring-beans-5.2.20.RELEASE
Seen branch in repository origin/dependabot/maven/org.springframework-spring-core-5.2.22.RELEASE
Seen branch in repository origin/dependabot/maven/org.springframework-spring-expression-5.2.21.RELEASE
Seen branch in repository origin/dependabot/maven/org.springframework-spring-webmvc-5.2.20.RELEASE
Seen branch in repository origin/dependabot/maven/xalan-xalan-2.7.2
Seen branch in repository origin/dependabot/maven/xerces-xercesImpl-2.12.2
Seen branch in repository origin/dev
Seen branch in repository origin/gradle
Seen branch in repository origin/kubernetes_setup
Seen branch in repository origin/master
Seen branch in repository origin/ms
Seen branch in repository origin/msk-tf-files
Seen branch in repository origin/ninja
Seen branch in repository origin/sonar-branch-test
Seen branch in repository origin/surabhi
Seen branch in repository origin/tf-var-override
Seen 29 remote branches
 > git show-ref --tags -d # timeout=10
Checking out Revision 82d59771f414e2ea2583b200e688d2878c98cb29 (origin/master)
 > git config core.sparsecheckout # timeout=10
 > git checkout -f 82d59771f414e2ea2583b200e688d2878c98cb29 # timeout=10
Commit message: "Updated path to correct value"
 > git rev-list --no-walk 82d59771f414e2ea2583b200e688d2878c98cb29 # timeout=10
[Checks API] No suitable checks publisher found.
[8mha:////4P+uiw6/7DUBs6KR0V88AD1Xb04Ln6aDUnA0IB9Qrl0UAAAAoh+LCAAAAAAAAP9tjTEOAiEURD9rLGwtPQTbGRNjZUtoPAGyiLDkfxZYdytP5NW8g8RNrJxkknnTvNcb1jnBiZLl3mDvMGvHYxhtXXyi1N8CTdzTlWvCTMFwaSZJnTkvKKkYWMIaWAnYGNSBskNbYCu8eqg2KLTtpaT6HQU0rhvgCUxUc1GpfGFOsLuPXSb8ef4KYI6xADvU7j9Dg2gqvAAAAA==[0m[Pipeline] }
[8mha:////4AapgAO40aUFaaq9rOFqJKfG5TOAjs5yiFalxyGiMpn8AAAAoh+LCAAAAAAAAP9tjTEOAiEURD9rLGwtPQRbWRhjZUtoPAGyiLDkfxZYdytP5NW8g8RNrJxkknnTvNcb1jnBiZLl3mDvMGvHYxhtXXyi1N8CTdzTlWvCTMFwaSZJnTkvKKkYWMIaWAnYGNSBskNbYCu8eqg2KLTtpaT6HQU0rhvgCUxUc1GpfGFOsLuPXSb8ef4KYI6xADvU7j9J+wGOvAAAAA==[0m[Pipeline] // stage
[8mha:////4KZTdFY0De3el9rSzsNFhXfRFtk/qqYSrMpZbBQCCHBdAAAAph+LCAAAAAAAAP9tjTEOwjAQBM9BKWgpeYQDEh2iorXc8AITG+PEugv2haTiRXyNPxCIRMVWOyut5vmCMic4UPKycdgGzHWQXez91ORAqb1EGmRDZ1kTZopOajdosu44oyZ2MEcUsFCwdFhHygE9w0o15m6qaNBXJ07TtldQBHuDBwg1mdkk/sKYYH3tbSb8ef4KYOwYxI6h2G4+x/INtuQqUcEAAAA=[0m[Pipeline] stage
[8mha:////4N6n5UpHAORWnU4jihWIkXkXWIfinE6eQhLX3pZuA22wAAAApR+LCAAAAAAAAP9tjTEOwjAUQ3+DOrAycoiUzoiJNerCCUITQtLo/zZJSSdOxNW4Ay2VmPBg2Zas93pDGQOcKBjuNHYWY2t570czJ54pdDdPmTu68pYwkte80bkhpc9rbShpWFUw2AjYamw9RYsmwU44+ZCVl2iqSwrzdhTArBrgCYWYyUmG9C1TgP19VJHwx/kLgKlPwOrDYvXyLD8BobDcwgAAAA==[0m[Pipeline] { (Build)
[8mha:////4MjEb1kWhri1CYbKZiXNIXfb2BEA4vtjjLbrHEVqMOAVAAAAox+LCAAAAAAAAP9tjTESwiAURH/iWNhaeggysXWsbBkaT4AJIoT5nwCRVJ7Iq3kH0cxYucXOvm3e8wXrGOBIQTOrcDAYO8O8m3RZLFMYro4ys3RhHWEkp5hQWVCvTgsKSgqWVDWsOGwUdo6iQZ1gy628y8ZJ1M05hfIdONSmH+EBFS/mJEP6whxgd5v6SPjz/BXA7BPUbfupvX8DpQJrNb4AAAA=[0m[Pipeline] sh
+ mvn clean package
[[1;34mINFO[m] Scanning for projects...
[[1;34mINFO[m] 
[[1;34mINFO[m] [1m--------------< [0;36mSpring3HibernateApp:Spring3HibernateApp[0;1m >---------------[m
[[1;34mINFO[m] [1mBuilding Spring3HibernateApp 1.8-SNAPSHOT[m
[[1;34mINFO[m] [1m--------------------------------[ war ]---------------------------------[m
[[1;33mWARNING[m] The artifact ehcache:ehcache:jar:1.2.3 has been relocated to net.sf.ehcache:ehcache:jar:1.2.3
[[1;33mWARNING[m] The artifact icu4j:icu4j:jar:2.6.1 has been relocated to com.ibm.icu:icu4j:jar:2.6.1
[[1;34mINFO[m] 
[[1;34mINFO[m] [1m--- [0;32mmaven-clean-plugin:2.5:clean[m [1m(default-clean)[m @ [36mSpring3HibernateApp[0;1m ---[m
[[1;34mINFO[m] 
[[1;34mINFO[m] [1m--- [0;32mmaven-resources-plugin:2.6:resources[m [1m(default-resources)[m @ [36mSpring3HibernateApp[0;1m ---[m
[[1;33mWARNING[m] Using platform encoding (UTF-8 actually) to copy filtered resources, i.e. build is platform dependent!
[[1;34mINFO[m] Copying 2 resources
[[1;34mINFO[m] 
[[1;34mINFO[m] [1m--- [0;32mmaven-compiler-plugin:2.3.2:compile[m [1m(default-compile)[m @ [36mSpring3HibernateApp[0;1m ---[m
[[1;33mWARNING[m] File encoding has not been set, using platform encoding UTF-8, i.e. build is platform dependent!
[[1;34mINFO[m] Compiling 15 source files to /var/lib/jenkins/workspace/Trails/pipeline04_scripted@2/target/classes
[[1;34mINFO[m] 
[[1;34mINFO[m] [1m>>> [0;32mfindbugs-maven-plugin:3.0.5:check[m [1m(analyze-compile)[0;1m > [0;1m:findbugs[m @ [36mSpring3HibernateApp[0;1m >>>[m
[[1;34mINFO[m] 
[[1;34mINFO[m] [1m--- [0;32mfindbugs-maven-plugin:3.0.5:findbugs[m [1m(findbugs)[m @ [36mSpring3HibernateApp[0;1m ---[m
WARNING: An illegal reflective access operation has occurred
WARNING: Illegal reflective access by org.codehaus.groovy.reflection.CachedClass (file:/var/lib/jenkins/.m2/repository/org/codehaus/groovy/groovy/2.4.12/groovy-2.4.12.jar) to method java.lang.Object.finalize()
WARNING: Please consider reporting this to the maintainers of org.codehaus.groovy.reflection.CachedClass
WARNING: Use --illegal-access=warn to enable warnings of further illegal reflective access operations
WARNING: All illegal access operations will be denied in a future release
[[1;34mINFO[m] Fork Value is true
     [java] WARNING: An illegal reflective access operation has occurred
     [java] WARNING: Illegal reflective access by org.dom4j.io.SAXContentHandler (file:/var/lib/jenkins/.m2/repository/dom4j/dom4j/1.6.1/dom4j-1.6.1.jar) to method com.sun.org.apache.xerces.internal.parsers.AbstractSAXParser$LocatorProxy.getEncoding()
     [java] WARNING: Please consider reporting this to the maintainers of org.dom4j.io.SAXContentHandler
     [java] WARNING: Use --illegal-access=warn to enable warnings of further illegal reflective access operations
     [java] WARNING: All illegal access operations will be denied in a future release
     [java] The following classes needed for analysis were missing:
     [java]   java.lang.Object
     [java]   java.io.Serializable
     [java]   java.io.File
     [java]   java.util.List
     [java]   java.util.Iterator
     [java]   java.lang.StringBuilder
     [java]   java.util.Properties
     [java]   java.io.InputStream
     [java]   java.io.IOException
     [java]   java.lang.Long
     [java]   java.lang.Integer
     [java]   java.util.HashMap
     [java]   java.util.Map
     [java]   java.util.ArrayList
     [java]   java.io.FileInputStream
     [java]   java.io.PrintStream
     [java]   java.lang.String
     [java]   java.io.OutputStream
     [java]   java.lang.NoSuchFieldError
     [java]   java.lang.UnsatisfiedLinkError
     [java]   java.lang.IllegalAccessError
     [java]   java.lang.NoSuchMethodError
     [java]   java.lang.NullPointerException
     [java]   java.lang.IncompatibleClassChangeError
     [java]   java.lang.AbstractMethodError
     [java]   java.lang.Error
     [java]   java.lang.RuntimeException
     [java]   java.lang.Throwable
     [java]   java.lang.NoClassDefFoundError
     [java]   java.lang.ClassFormatError
     [java]   java.lang.VerifyError
     [java]   java.lang.ExceptionInInitializerError
     [java]   java.lang.ClassCastException
     [java] Warnings generated: 5
     [java] Missing classes: 21
[[1;34mINFO[m] Done FindBugs Analysis....
[[1;34mINFO[m] 
[[1;34mINFO[m] [1m<<< [0;32mfindbugs-maven-plugin:3.0.5:check[m [1m(analyze-compile)[0;1m < [0;1m:findbugs[m @ [36mSpring3HibernateApp[0;1m <<<[m
[[1;34mINFO[m] 
[[1;34mINFO[m] 
[[1;34mINFO[m] [1m--- [0;32mfindbugs-maven-plugin:3.0.5:check[m [1m(analyze-compile)[m @ [36mSpring3HibernateApp[0;1m ---[m
[[1;34mINFO[m] BugInstance size is 5
[[1;34mINFO[m] Error size is 0
[[1;34mINFO[m] Total bugs: 5
[[1;34mINFO[m] The field name com.sample.bean.EmployeeBean.Name doesn't start with a lower case letter [com.sample.bean.EmployeeBean] In EmployeeBean.java NM_FIELD_NAMING_CONVENTION
[[1;34mINFO[m] The field name com.sample.bean.FileBean.Name doesn't start with a lower case letter [com.sample.bean.FileBean] In FileBean.java NM_FIELD_NAMING_CONVENTION
[[1;34mINFO[m] Relative path traversal in com.sample.servlet.DownloadServlet.doGet(HttpServletRequest, HttpServletResponse) [com.sample.servlet.DownloadServlet, com.sample.servlet.DownloadServlet] Value generated at DownloadServlet.java:[line 26]At DownloadServlet.java:[line 29] PT_RELATIVE_PATH_TRAVERSAL
[[1;34mINFO[m] com.sample.servlet.DownloadServlet is Serializable; consider declaring a serialVersionUID [com.sample.servlet.DownloadServlet] At DownloadServlet.java:[lines 21-87] SE_NO_SERIALVERSIONID
[[1;34mINFO[m] com.sample.servlet.FileUploadServlet is Serializable; consider declaring a serialVersionUID [com.sample.servlet.FileUploadServlet] At FileUploadServlet.java:[lines 25-89] SE_NO_SERIALVERSIONID
[[1;34mINFO[m] 


To see bug detail using the Findbugs GUI, use the following command "mvn findbugs:gui"



[[1;34mINFO[m] 
[[1;34mINFO[m] [1m--- [0;32mmaven-resources-plugin:2.6:testResources[m [1m(default-testResources)[m @ [36mSpring3HibernateApp[0;1m ---[m
[[1;33mWARNING[m] Using platform encoding (UTF-8 actually) to copy filtered resources, i.e. build is platform dependent!
[[1;34mINFO[m] skip non existing resourceDirectory /var/lib/jenkins/workspace/Trails/pipeline04_scripted@2/src/test/resources
[[1;34mINFO[m] 
[[1;34mINFO[m] [1m--- [0;32mmaven-compiler-plugin:2.3.2:testCompile[m [1m(default-testCompile)[m @ [36mSpring3HibernateApp[0;1m ---[m
[[1;33mWARNING[m] File encoding has not been set, using platform encoding UTF-8, i.e. build is platform dependent!
[[1;34mINFO[m] Compiling 2 source files to /var/lib/jenkins/workspace/Trails/pipeline04_scripted@2/target/test-classes
[[1;34mINFO[m] 
[[1;34mINFO[m] [1m--- [0;32mmaven-surefire-plugin:2.12.4:test[m [1m(default-test)[m @ [36mSpring3HibernateApp[0;1m ---[m
[[1;34mINFO[m] Surefire report directory: /var/lib/jenkins/workspace/Trails/pipeline04_scripted@2/target/surefire-reports

-------------------------------------------------------
 T E S T S
-------------------------------------------------------
Running com.sample.service.EmployeeServiceImplTest
WARNING: An illegal reflective access operation has occurred
WARNING: Illegal reflective access by org.mockito.cglib.core.ReflectUtils$2 (file:/var/lib/jenkins/.m2/repository/org/mockito/mockito-all/1.9.5/mockito-all-1.9.5.jar) to method java.lang.ClassLoader.defineClass(java.lang.String,byte[],int,int,java.security.ProtectionDomain)
WARNING: Please consider reporting this to the maintainers of org.mockito.cglib.core.ReflectUtils$2
WARNING: Use --illegal-access=warn to enable warnings of further illegal reflective access operations
WARNING: All illegal access operations will be denied in a future release
Tests run: 2, Failures: 0, Errors: 0, Skipped: 0, Time elapsed: 0.47 sec
Running com.sample.bean.EmployeeBeanTest
Tests run: 1, Failures: 0, Errors: 0, Skipped: 0, Time elapsed: 0.002 sec

Results :

Tests run: 3, Failures: 0, Errors: 0, Skipped: 0

[[1;34mINFO[m] 
[[1;34mINFO[m] [1m--- [0;32mmaven-war-plugin:2.1.1:war[m [1m(default-war)[m @ [36mSpring3HibernateApp[0;1m ---[m
[[1;34mINFO[m] Packaging webapp
[[1;34mINFO[m] Assembling webapp [Spring3HibernateApp] in [/var/lib/jenkins/workspace/Trails/pipeline04_scripted@2/target/Spring3HibernateApp-1.8-SNAPSHOT]
[[1;34mINFO[m] Processing war project
[[1;34mINFO[m] Copying webapp resources [/var/lib/jenkins/workspace/Trails/pipeline04_scripted@2/src/main/webapp]
[[1;34mINFO[m] Webapp assembled in [165 msecs]
[[1;34mINFO[m] Building war: /var/lib/jenkins/workspace/Trails/pipeline04_scripted@2/target/Spring3HibernateApp.war
[[1;34mINFO[m] WEB-INF/web.xml already added, skipping
[[1;34mINFO[m] 
[[1;34mINFO[m] [1m>>> [0;32mcobertura-maven-plugin:2.5.1:cobertura[m [1m(default)[0;1m > [0;1m[cobertura]test[m @ [36mSpring3HibernateApp[0;1m >>>[m
[[1;34mINFO[m] 
[[1;34mINFO[m] [1m--- [0;32mmaven-resources-plugin:2.6:resources[m [1m(default-resources)[m @ [36mSpring3HibernateApp[0;1m ---[m
[[1;33mWARNING[m] Using platform encoding (UTF-8 actually) to copy filtered resources, i.e. build is platform dependent!
[[1;34mINFO[m] Copying 2 resources
[[1;34mINFO[m] 
[[1;34mINFO[m] [1m--- [0;32mmaven-compiler-plugin:2.3.2:compile[m [1m(default-compile)[m @ [36mSpring3HibernateApp[0;1m ---[m
[[1;34mINFO[m] Nothing to compile - all classes are up to date
[[1;34mINFO[m] 
[[1;34mINFO[m] [1m>>> [0;32mfindbugs-maven-plugin:3.0.5:check[m [1m(analyze-compile)[0;1m > [0;1m:findbugs[m @ [36mSpring3HibernateApp[0;1m >>>[m
[[1;34mINFO[m] 
[[1;34mINFO[m] [1m--- [0;32mfindbugs-maven-plugin:3.0.5:findbugs[m [1m(findbugs)[m @ [36mSpring3HibernateApp[0;1m ---[m
[[1;34mINFO[m] Fork Value is true
     [java] WARNING: An illegal reflective access operation has occurred
     [java] WARNING: Illegal reflective access by org.dom4j.io.SAXContentHandler (file:/var/lib/jenkins/.m2/repository/dom4j/dom4j/1.6.1/dom4j-1.6.1.jar) to method com.sun.org.apache.xerces.internal.parsers.AbstractSAXParser$LocatorProxy.getEncoding()
     [java] WARNING: Please consider reporting this to the maintainers of org.dom4j.io.SAXContentHandler
     [java] WARNING: Use --illegal-access=warn to enable warnings of further illegal reflective access operations
     [java] WARNING: All illegal access operations will be denied in a future release
     [java] The following classes needed for analysis were missing:
     [java]   java.lang.Object
     [java]   java.io.Serializable
     [java]   java.io.File
     [java]   java.util.List
     [java]   java.util.Iterator
     [java]   java.lang.StringBuilder
     [java]   java.util.Properties
     [java]   java.io.InputStream
     [java]   java.io.IOException
     [java]   java.lang.Long
     [java]   java.lang.Integer
     [java]   java.util.HashMap
     [java]   java.util.Map
     [java]   java.util.ArrayList
     [java]   java.io.FileInputStream
     [java]   java.io.PrintStream
     [java]   java.lang.String
     [java]   java.io.OutputStream
     [java]   java.lang.NoSuchFieldError
     [java]   java.lang.UnsatisfiedLinkError
     [java]   java.lang.IllegalAccessError
     [java]   java.lang.NoSuchMethodError
     [java]   java.lang.NullPointerException
     [java]   java.lang.IncompatibleClassChangeError
     [java]   java.lang.AbstractMethodError
     [java]   java.lang.Error
     [java]   java.lang.RuntimeException
     [java]   java.lang.Throwable
     [java]   java.lang.NoClassDefFoundError
     [java]   java.lang.ClassFormatError
     [java]   java.lang.VerifyError
     [java]   java.lang.ExceptionInInitializerError
     [java]   java.lang.ClassCastException
     [java] Warnings generated: 5
     [java] Missing classes: 21
[[1;34mINFO[m] Done FindBugs Analysis....
[[1;34mINFO[m] 
[[1;34mINFO[m] [1m<<< [0;32mfindbugs-maven-plugin:3.0.5:check[m [1m(analyze-compile)[0;1m < [0;1m:findbugs[m @ [36mSpring3HibernateApp[0;1m <<<[m
[[1;34mINFO[m] 
[[1;34mINFO[m] 
[[1;34mINFO[m] [1m--- [0;32mfindbugs-maven-plugin:3.0.5:check[m [1m(analyze-compile)[m @ [36mSpring3HibernateApp[0;1m ---[m
[[1;34mINFO[m] BugInstance size is 5
[[1;34mINFO[m] Error size is 0
[[1;34mINFO[m] Total bugs: 5
[[1;34mINFO[m] The field name com.sample.bean.EmployeeBean.Name doesn't start with a lower case letter [com.sample.bean.EmployeeBean] In EmployeeBean.java NM_FIELD_NAMING_CONVENTION
[[1;34mINFO[m] The field name com.sample.bean.FileBean.Name doesn't start with a lower case letter [com.sample.bean.FileBean] In FileBean.java NM_FIELD_NAMING_CONVENTION
[[1;34mINFO[m] Relative path traversal in com.sample.servlet.DownloadServlet.doGet(HttpServletRequest, HttpServletResponse) [com.sample.servlet.DownloadServlet, com.sample.servlet.DownloadServlet] Value generated at DownloadServlet.java:[line 26]At DownloadServlet.java:[line 29] PT_RELATIVE_PATH_TRAVERSAL
[[1;34mINFO[m] com.sample.servlet.DownloadServlet is Serializable; consider declaring a serialVersionUID [com.sample.servlet.DownloadServlet] At DownloadServlet.java:[lines 21-87] SE_NO_SERIALVERSIONID
[[1;34mINFO[m] com.sample.servlet.FileUploadServlet is Serializable; consider declaring a serialVersionUID [com.sample.servlet.FileUploadServlet] At FileUploadServlet.java:[lines 25-89] SE_NO_SERIALVERSIONID
[[1;34mINFO[m] 


To see bug detail using the Findbugs GUI, use the following command "mvn findbugs:gui"



[[1;34mINFO[m] 
[[1;34mINFO[m] [1m--- [0;32mcobertura-maven-plugin:2.5.1:instrument[m [1m(default)[m @ [36mSpring3HibernateApp[0;1m ---[m
[[1;34mINFO[m] Cobertura 1.9.4.1 - GNU GPL License (NO WARRANTY) - See COPYRIGHT file
Instrumenting 15 files to /var/lib/jenkins/workspace/Trails/pipeline04_scripted@2/target/generated-classes/cobertura
Cobertura: Saved information on 15 classes.
Instrument time: 173ms

[[1;34mINFO[m] Instrumentation was successful.
[[1;34mINFO[m] NOT adding cobertura ser file to attached artifacts list.
[[1;33mWARNING[m] The artifact ehcache:ehcache:jar:1.2.3 has been relocated to net.sf.ehcache:ehcache:jar:1.2.3
[[1;33mWARNING[m] The artifact icu4j:icu4j:jar:2.6.1 has been relocated to com.ibm.icu:icu4j:jar:2.6.1
[[1;34mINFO[m] 
[[1;34mINFO[m] [1m--- [0;32mmaven-resources-plugin:2.6:testResources[m [1m(default-testResources)[m @ [36mSpring3HibernateApp[0;1m ---[m
[[1;33mWARNING[m] Using platform encoding (UTF-8 actually) to copy filtered resources, i.e. build is platform dependent!
[[1;34mINFO[m] skip non existing resourceDirectory /var/lib/jenkins/workspace/Trails/pipeline04_scripted@2/src/test/resources
[[1;34mINFO[m] 
[[1;34mINFO[m] [1m--- [0;32mmaven-compiler-plugin:2.3.2:testCompile[m [1m(default-testCompile)[m @ [36mSpring3HibernateApp[0;1m ---[m
[[1;34mINFO[m] Nothing to compile - all classes are up to date
[[1;34mINFO[m] 
[[1;34mINFO[m] [1m--- [0;32mmaven-surefire-plugin:2.12.4:test[m [1m(default-test)[m @ [36mSpring3HibernateApp[0;1m ---[m
[[1;34mINFO[m] Surefire report directory: /var/lib/jenkins/workspace/Trails/pipeline04_scripted@2/target/surefire-reports

-------------------------------------------------------
 T E S T S
-------------------------------------------------------
Running com.sample.service.EmployeeServiceImplTest
WARNING: An illegal reflective access operation has occurred
WARNING: Illegal reflective access by org.mockito.cglib.core.ReflectUtils$2 (file:/var/lib/jenkins/.m2/repository/org/mockito/mockito-all/1.9.5/mockito-all-1.9.5.jar) to method java.lang.ClassLoader.defineClass(java.lang.String,byte[],int,int,java.security.ProtectionDomain)
WARNING: Please consider reporting this to the maintainers of org.mockito.cglib.core.ReflectUtils$2
WARNING: Use --illegal-access=warn to enable warnings of further illegal reflective access operations
WARNING: All illegal access operations will be denied in a future release
Tests run: 2, Failures: 0, Errors: 0, Skipped: 0, Time elapsed: 0.443 sec
Running com.sample.bean.EmployeeBeanTest
Tests run: 1, Failures: 0, Errors: 0, Skipped: 0, Time elapsed: 0.012 sec
Flushing results...
Flushing results done
Cobertura: Loaded information on 15 classes.
Cobertura: Saved information on 15 classes.

Results :

Tests run: 3, Failures: 0, Errors: 0, Skipped: 0

[[1;34mINFO[m] 
[[1;34mINFO[m] [1m<<< [0;32mcobertura-maven-plugin:2.5.1:cobertura[m [1m(default)[0;1m < [0;1m[cobertura]test[m @ [36mSpring3HibernateApp[0;1m <<<[m
[[1;34mINFO[m] 
[[1;34mINFO[m] 
[[1;34mINFO[m] [1m--- [0;32mcobertura-maven-plugin:2.5.1:cobertura[m [1m(default)[m @ [36mSpring3HibernateApp[0;1m ---[m
[[1;34mINFO[m] Cobertura 1.9.4.1 - GNU GPL License (NO WARRANTY) - See COPYRIGHT file
Cobertura: Loaded information on 15 classes.
Report time: 428ms

[[1;34mINFO[m] Cobertura Report generation was successful.
[[1;34mINFO[m] [1m------------------------------------------------------------------------[m
[[1;34mINFO[m] [1;32mBUILD SUCCESS[m
[[1;34mINFO[m] [1m------------------------------------------------------------------------[m
[[1;34mINFO[m] Total time:  29.235 s
[[1;34mINFO[m] Finished at: 2023-05-30T20:45:00Z
[[1;34mINFO[m] [1m------------------------------------------------------------------------[m
[8mha:////4H5pyjlSXLDHCPe4dLPa0g9J58Hr2CLRbZu7BYT3jaxBAAAAox+LCAAAAAAAAP9tjTESwiAURH/iWNhaeggyGUvHypah8QSYIEKY/wkQSeWJvJp3EM2MlVvs7NvmPV+wjgGOFDSzCgeDsTPMu0mXxTKF4eooM0sX1hFGcooJlQX16rSgoKRgSVXDisNGYecoGtQJttzKu2ycRN2cUyjfgUNt+hEeUPFiTjKkL8wBdrepj4Q/z18BzN4nqNv9p9o3geV5574AAAA=[0m[Pipeline] }
[8mha:////4N2NVo/kEY85cFMVFWGfhdBmqJd6tUZyp6MsyO5qEbvNAAAApB+LCAAAAAAAAP9tjTEOwjAQBC9BFLSUPOICEh2iSmu54QUmNsaJdWdsh6TiRXyNPxCIRMUWq51t5vmCZYpw5GixNdQ5So3D4Hs7LRw4dhfPA7Z8xoYpsTcozSBZm3pGydnAnKKEhYCVocZzcmQzrEWr7qryimx1ynH6DgJKp2/wgEJM5qxi/sIYYXPtdWL6ef4KYAwhQ7nbf2r7Bq/le42+AAAA[0m[Pipeline] // stage
[8mha:////4MAA0R8ZSUMWOoWnclF1HCLP5Gb5ZrWP4IrTH3q4jLXSAAAAph+LCAAAAAAAAP9tjTEOwjAQBM9BKWgpeYQjJKgQFa3lhheY2Bgn1l2wLyQVL+Jr/IFAJCq22llpNc8XlDnBgZKXjcM2YK6D7GLvpyYHSu0l0iAbOsuaMFN0UrtBk3XHGTWxgzmigIWCpcM6Ug7oGVaqMXdTRYO+OnGatr2CItgbPECoycwm8RfGBOtrbzPhz/NXAGPHILYMxWb3OZZvBXXnAcEAAAA=[0m[Pipeline] stage
[8mha:////4Pqd1Myds1awEf15EY9MiQy+tnhv2j8vgmdBtJQxVDARAAAApx+LCAAAAAAAAP9tjTEOwjAUQ3+LOrAycohUDLAgpq5RFk4QmhDSRv+Xn5R24kRcjTvQUokJD5ZtyXqvNxSR4UTsRGOx9RhrL7rQuymJgbi9BhpEQxdRE0YKVig7KDK2WqqiZGFRlsNKwtpiHSh6dAk2stEPXQaNrjwnnrajhNybOzwhkxM5aU7fMjJsb72JhD/OXwCMXYJ8t5/tMD+LD/s94rDCAAAA[0m[Pipeline] { (Test)
[8mha:////4HQ5dOas9AxWSTMRc7AOtrFfF55o+k+i80DJGgtf03bsAAAApB+LCAAAAAAAAP9tjTEOwjAQBC9BFLSUPOIiGigQVVrLDS8wsTFOrDtjOyQVL+Jr/IFAJCq2WO1sM88XLFOEI0eLraHOUWocBt/baeHAsbt4HrDlMzZMib1BaQbJ2tQzSs4G5hQlLASsDDWekyObYS1adVeVV2SrU47TdxBQOn2DBxRiMmcV8xfGCJtrrxPTz/NXAGMIGcrt/lO7NzQyjOK+AAAA[0m[Pipeline] }
[8mha:////4K48w44p0n9ZVwwBa4FpeKsK84v/nRwBNGFa6VLzevnXAAAApR+LCAAAAAAAAP9tjTEOwjAQBC9BFLSUPOIiCiQkRJXWcsMLTGyME+vO2A5JxYv4Gn8gEImKLVY728zzBcsU4cjRYmuoc5Qah8H3dlo4cOwungds+YwNU2JvUJpBsjb1jJKzgTlFCQsBK0ON5+TIZliLVt1V5RXZ6pTj9B0ElE7f4AGFmMxZxfyFMcLm2uvE9PP8FcAYQoZyu//U7g1b0dOKvgAAAA==[0m[Pipeline] // stage
[8mha:////4NqvKYHFEhQ9NGkjmnga3Nim7D/DmBzJ1aL0exoq1WJJAAAApx+LCAAAAAAAAP9tjTEOwjAQBM9BKWgpeYQjJBqEqGgtN7zAxMY4se6CfSGpeBFf4w8EIlGx1c5Kq3m+oMwJDpS8bBy2AXMdZBd7PzU5UGovkQbZ0FnWhJmik9oNmqw7zqiJHcwRBSwULB3WkXJAz7BSjbmbKhr01YnTtO0VFMHe4AFCTWY2ib8wJlhfe5sJf56/Ahg7BrFlKDa7z7F8A361JXbBAAAA[0m[Pipeline] stage
[8mha:////4MXNeBdtM+XLyqL3P/ETKZaEpXv/0fkLzpbjzMKdvb3GAAAApx+LCAAAAAAAAP9tjTEOwjAUQ3+LOrAycogU2BDqxBp14QShCSFp9H9JUtKJE3E17kCgEhMeLNuS9Z4vqIKHhrxmVmFvMHSGDW7UObFEvr84SszSmXWEgZxirUotSXWca0tRwayihAWHpcLOUTCoI6y4FXdRO4G6PkWftwOH0sgbPKDgmRyFj98yeVhfRxkIf5y/AJiGCOV2n223+TyrN7xWSV3CAAAA[0m[Pipeline] { (Report Generation)
[8mha:////4DptAdFjrwQ/CZBpjoiRb2R9eRD2rltwfk816AogpE96AAAAox+LCAAAAAAAAP9tjTEOwjAQBC9BFLSUPOICtIgqreWGF5jYGCfWnbEdkooX8TX+QCASFVusdraZ5wuWKcKRo8XWUOcoNQ6D7+20cODYXTwP2PIZG6bE3qA0g2Rt6hklZwNzihIWAlaGGs/Jkc2wFq26q8orstUpx+k7CCidvsEDCjGZs4r5C2OEzbXXienn+SuAMWQo99tP7cIbaOP4NL4AAAA=[0m[Pipeline] echo
Generating Report
[8mha:////4A+XXuaNH/TZy9q3N/oiyPwFeye4J2sTJZnwyHH2tbCOAAAAox+LCAAAAAAAAP9tjTEOwjAQBC9BFLSUPOKC0iIqWisNLzCJMXasO8d2cCpexNf4A4FIVGyx2tlmni9YxwBHDhqtot5QbA16N+p5YebQXx1ntHzBlimyU9io3HCnTgs2nBQsKUpYCdgoah1HQzrBVlh5l5WTpKtzCvN3EFCaboAHFGI2JxnSF6YAu9vYRaaf568AJp+grPefqv0bq7DVH74AAAA=[0m[Pipeline] sh
+ mvn checkstyle:checkstyle
[8mha:////4HJukyb8Cp+4s12oF4Fob5nt2e4NmV4iL+pPWdRDGiz/AAAAox+LCAAAAAAAAP9tjTEOwjAQBC9BFLSUPOKCoERUaS03vMDExjix7oztkFS8iK/xBwKRqNhitbPNPF+wTBGOHC22hjpHqXEYfG+nhQPH7uJ5wJbP2DAl9galGSRrU88oORuYU5SwELAy1HhOjmyGtWjVXVVeka1OOU7fQUDp9A0eUIjJnFXMXxgjbK69Tkw/z18BjCFDudt+ah/e6oHOBr4AAAA=[0m[Pipeline] sh
+ mvn cobertura:cobertura
WARNING: An illegal reflective access operation has occurred
WARNING: Illegal reflective access by org.codehaus.groovy.reflection.CachedClass (file:/var/lib/jenkins/.m2/repository/org/codehaus/groovy/groovy/2.4.12/groovy-2.4.12.jar) to method java.lang.Object.finalize()
WARNING: Please consider reporting this to the maintainers of org.codehaus.groovy.reflection.CachedClass
WARNING: Use --illegal-access=warn to enable warnings of further illegal reflective access operations
WARNING: All illegal access operations will be denied in a future release
[8mha:////4KoBe0OM8n6g3v7H8psaHfTtj1bemBLSBbN49i5/Kap2AAAApB+LCAAAAAAAAP9tjTEOwjAQBC9BFLSUPOKCEB2iSmu54QUmNsaJdWdsh6TiRXyNPxCIRMUWq51t5vmCZYpw5GixNdQ5So3D4Hs7LRw4dhfPA7Z8xoYpsTcozSBZm3pGydnAnKKEhYCVocZzcmQzrEWr7qryimx1ynH6DgJKp2/wgEJM5qxi/sIYYXPtdWL6ef4KYAwhQ7nbf2r7BvGsvpe+AAAA[0m[Pipeline] }
[8mha:////4M4oxKE2xWzDoAIYzpkVLQnGnKh0pa/j0twx5DW+hAYgAAAAph+LCAAAAAAAAP9tjTEOwjAQBC9BFLSUPOIikCgQSkVrueEFJjHGiXUXbAen4kV8jT9gEYmKLVY728zrDcvgoWZvsNPUWwqNxcGNJi9M7Pur44QdX7BhCuw0Sp0kt/o0o+SoYU5RwkLASlPjOFgyEdaiUw9VOUWmOkefv6OA0rZ3eEIhsjkqH78wedjcxjYw/Tx/BTANQ4Ryt8+1PXwAM5QTDr4AAAA=[0m[Pipeline] // stage
[8mha:////4M/6riV/1CuzIY7APBM/Hu7cosV0jHNtmLKUyJJ/FW4wAAAApx+LCAAAAAAAAP9tjTEOwjAQBM9BKWgpeYQjIUSDqGgtN7zAxMY4se6CfSGpeBFf4w8EIlGx1c5Kq3m+oMwJDpS8bBy2AXMdZBd7PzU5UGovkQbZ0FnWhJmik9oNmqw7zqiJHcwRBSwULB3WkXJAz7BSjbmbKhr01YnTtO0VFMHe4AFCTWY2ib8wJlhfe5sJf56/Ahg7BrFlKDa7z7F8AzYdm7bBAAAA[0m[Pipeline] stage
[8mha:////4MB+H0ApKU3wUgTxodVP4kSXU38xhVIZKWUsiC1fdjnbAAAAqB+LCAAAAAAAAP9tjTEOwjAUQ3+LOrAycohUYoABMXWNsnCC0ISQNvq//KS0EyfiatyBlkpMeLBsS9Z7vaGIDCdiJxqLrcdYe9GF3k1JDMTtNdAgGrqImjBSsELZQZGx1VIVJQuLshxWEtYW60DRo0uwkY1+6DJodOU58bQdJeTe3OEJmZzISXP6lpFhe+tNJPxx/gJg7BLku/1sh/lZfAAyQCqkwgAAAA==[0m[Pipeline] { (Artifact archieve)
[8mha:////4O9SbxgPvtttx4FLW1PLklYq9+eBZImKy7Wkbo19YbyVAAAApR+LCAAAAAAAAP9tjTEOwjAQBC9BFLSUPOIi0YCEqNJabniBiY1xYt0Z2yGpeBFf4w8EIlGxxWpnm3m+YJkiHDlabA11jlLjMPjeTgsHjt3F84Atn7FhSuwNSjNI1qaeUXI2MKcoYSFgZajxnBzZDGvRqruqvCJbnXKcvoOA0ukbPKAQkzmrmL8wRthce52Yfp6/AhhDhnK7+9Q+vAGvZp0gvgAAAA==[0m[Pipeline] archiveArtifacts
Archiving artifacts
[8mha:////4GpIFwBmorU+rX5Kw3SINSRAPZPePserLhATyVqyKEPoAAAApR+LCAAAAAAAAP9tjTEOwjAQBC9BFLSUPOIi0SCEqNJabniBiY1xYt0Z2yGpeBFf4w8EIlGxxWpnm3m+YJkiHDlabA11jlLjMPjeTgsHjt3F84Atn7FhSuwNSjNI1qaeUXI2MKcoYSFgZajxnBzZDGvRqruqvCJbnXKcvoOA0ukbPKAQkzmrmL8wRthce52Yfp6/AhhDyFBu95/avQGMKkS1vgAAAA==[0m[Pipeline] }
[8mha:////4NrntmzjKRorwn+s6gxSTbTm3XAx7oKypRi2103ap3PKAAAApR+LCAAAAAAAAP9tjTEOwjAQBC9BFLSUPOKCQKJBqWgtN7zAJMY4se6C7eBUvIiv8QcsIlGxxWpnm3m9YRk81OwNdpp6S6GxOLjR5IWJfX91nLDjCzZMgZ1GqZPkVp9mlBw1zClKWAhYaWocB0smwlp06qEqp8hU5+jzdxRQ2vYOTyhENkfl4xcmD5vb2Aamn+evAKZhiFDut7l2hw9mQDtDvgAAAA==[0m[Pipeline] // stage
[8mha:////4EUN2ylMm1fACzW0d9DZz5We/+i5YeYgRpP0myrawzchAAAAph+LCAAAAAAAAP9tjTEOwjAQBM9BKWgpeYQjBB2iorXc8AITG+PEugv2haTiRXyNPxCIRMVWOyut5vmCMic4UPKycdgGzHWQXez91ORAqb1EGmRDZ1kTZopOajdosu44oyZ2MEcUsFCwdFhHygE9w0o15m6qaNBXJ07TtldQBHuDBwg1mdkk/sKYYH3tbSb8ef4KYOwYxI6h2G4+x/INOibpDcEAAAA=[0m[Pipeline] stage
[8mha:////4NYEr0EsV4lLzZfIujA8lJ8vhxWYM1lbn5yCYxvDAYInAAAAph+LCAAAAAAAAP9tjTEOwjAUQ3+LOrAycohUwIiYukZZOEFoQkgb/V9+UtqJE3E17kBLJSY8WLYl673eUESGE7ETjcXWY6y96ELvpiQG4vYaaBANXURNGClYoeygyNhqqYqShUVZDisJa4t1oOjRJdjIRj90GTS68px42o4Scm/u8IRMTuSkOX3LyLC99SYS/jh/ATB2CfLDbrb9/Cw+2YMO4MIAAAA=[0m[Pipeline] { (Deploy)
[8mha:////4F/cha8bSlBEZlMvUEOw6apJN4/ygq/EQoM0O95ITaf8AAAAox+LCAAAAAAAAP9tjTEOwjAQBC9BFLSUPOIikRJR0VppeIFJjLFj3Tm2g1PxIr7GHwhEomKL1c4283zBOgY4ctBoFfWGYmvQu1HPCzOH/uo4o+ULtkyRncJG5YY7dVqw4aRgSVHCSsBGUes4GtIJtsLKu6ycJF2dU5i/g4DSdAM8oBCzOcmQvjAF2N3GLjL9PH8FMPkEZb3/VO3favo5XL4AAAA=[0m[Pipeline] sh
+ echo Deploying the application
Deploying the application
[8mha:////4J2swkRSBjAiUqf8n2YgW7cHe1s+9X3f55UZJRZk0TlhAAAApB+LCAAAAAAAAP9tjTEOwjAQBC9BFLSUPOIiAR2iSmu54QUmNsaJdWdsh6TiRXyNPxCIRMUWq51t5vmCZYpw5GixNdQ5So3D4Hs7LRw4dhfPA7Z8xoYpsTcozSBZm3pGydnAnKKEhYCVocZzcmQzrEWr7qryimx1ynH6DgJKp2/wgEJM5qxi/sIYYXPtdWL6ef4KYAwhQ7nbf2r7Bij33Ma+AAAA[0m[Pipeline] }
[8mha:////4NRsfXfAqhwjFZ7w5LUYPnP4GH0W7gk2+0wRDU1vCqClAAAApB+LCAAAAAAAAP9tjTEOwjAQBC9BFLSUPOIihKgQVVrLDS8wsTFOrDtjOyQVL+Jr/IFAJCq2WO1sM88XLFOEI0eLraHOUWocBt/baeHAsbt4HrDlMzZMib1BaQbJ2tQzSs4G5hQlLASsDDWekyObYS1adVeVV2SrU47TdxBQOn2DBxRiMmcV8xfGCJtrrxPTz/NXAGMIGcrd/lPbNzd1iZS+AAAA[0m[Pipeline] // stage
[8mha:////4HXDZTQ36AxKLYx7pNMuVvCR9Vt96rAz3IGedYahK7K4AAAAox+LCAAAAAAAAP9tjTEOwjAQBDdBFLSUPMIpQDSIitZKwwtMYowT6y7YF5KKF/E1/kBEJCq22plmXm8sU8SRo1ONpdZTqrzqQu+mpwaO7TXwoBq+qIopcbCqtEPJtT3NWLJYzMtyLDRWlqrAyZMTrHVjHqYIhlxxlji5g0bu6zueyPRUFhPlC2PE5tbXienX+RvA2HWCfLsXZLsPLn/NEL0AAAA=[0m[Pipeline] }
[8mha:////4KDKOLNKgI3Ww/xZTaQuvTKiZ4einfsXIh6KKgr0aTB/AAAAox+LCAAAAAAAAP9tjTESgjAQRT84FraWHiIUFBaOlW2GxhNEiDGQ2cVkESpP5NW8g4zMWPmr/17zXm+sU8SRo1Otpc5Tqr3qw+Dmp0aO3TXwqFq+qJopcbCqsmPFjT0tWLFYLMtyrDQ2lurAyZMTbHVrHqYIhlxxlji7g0bumzueyPRcFhPlC1PE7jY0ienX+RvA1PeCvNwLsvIDPcPJs70AAAA=[0m[Pipeline] // node
[8mha:////4I2MMzgkqsZqwrDp7GbGrz4bDUvzkpa9WZHeUVlaE/KkAAAApB+LCAAAAAAAAP9tjTEOwjAQBDdBFLSUPMKRoEFCVLRWGl5gEmOcWHfBvpBUvIiv8QciIlGx1c4083pjmSKOHJ1qLLWeUuVVF3o3PTVwbK+BB9XwRVVMiYNVpR1Kru1pxpLFYl6WY6GxslQFTp6cYK0b8zBFMOSKs8TJHTRyX9/xRKanspgoXxgjNre+Tky/zt8Axq4T5Lu9INt+AHpknka9AAAA[0m[Pipeline] End of Pipeline
Also:   org.jenkinsci.plugins.workflow.actions.ErrorAction$ErrorId: 35bb022b-aa2d-4a00-bfe4-898372067140
java.lang.NoSuchMethodError: No such DSL method 'post' found among steps [ArtifactoryGradleBuild, MavenDescriptorStep, acceptGitLabMR, addGitLabMRComment, addInteractivePromotion, ansiblePlaybook, ansibleVault, archive, artifactoryBuildTrigger, artifactoryDistributeBuild, artifactoryDownload, artifactoryEditProps, artifactoryGoPublish, artifactoryGoRun, artifactoryMavenBuild, artifactoryNpmCi, artifactoryNpmInstall, artifactoryNpmPublish, artifactoryNugetRun, artifactoryPipRun, artifactoryPromoteBuild, artifactoryUpload, bat, build, buildAppend, catchError, checkout, collectEnv, collectIssues, conanAddRemote, conanAddUser, createDockerBuildStep, createReleaseBundle, deleteDir, deleteReleaseBundle, deployArtifacts, dir, distributeReleaseBundle, dockerPullStep, dockerPushStep, dsCreateReleaseBundle, dsDeleteReleaseBundle, dsDistributeReleaseBundle, dsSignReleaseBundle, dsUpdateReleaseBundle, echo, emailext, emailextrecipients, envVarsForTool, error, fileExists, findBuildScans, getArtifactoryServer, getContext, getJFrogPlatformInstance, git, gitlabBuilds, gitlabCommitStatus, initConanClient, input, isUnix, jfPipelines, jfrogInstance, junit, library, libraryResource, load, mail, milestone, newArtifactoryServer, newBuildInfo, newGoBuild, newGradleBuild, newJFrogPlatformInstance, newMavenBuild, newNpmBuild, newNugetBuild, newPipBuild, node, parallel, powershell, properties, publishBuildInfo, publishChecks, publishCoverageGithub, publishHTML, publishIssues, pwd, pwsh, readFile, readTrusted, recordCoverage, recordIssues, resolveScm, retry, rtAddInteractivePromotion, rtBuildAppend, rtBuildInfo, rtBuildTrigger, rtCollectIssues, rtConanClient, rtConanRemote, rtConanRun, rtCreateDockerBuild, rtDeleteProps, rtDockerPull, rtDockerPush, rtDotnetResolver, rtDotnetRun, rtDownload, rtGoDeployer, rtGoPublish, rtGoResolver, rtGoRun, rtGradleDeployer, rtGradleResolver, rtGradleRun, rtMavenDeployer, rtMavenResolver, rtMavenRun, rtNpmCi, rtNpmDeployer, rtNpmInstall, rtNpmPublish, rtNpmResolver, rtNugetResolver, rtNugetRun, rtPipInstall, rtPipResolver, rtPromote, rtPublishBuildInfo, rtServer, rtSetProps, rtUpload, runConanCommand, scanForIssues, script, setGerritReview, setGitHubPullRequestStatus, sh, signReleaseBundle, slackSend, slackUploadFile, slackUserIdFromEmail, slackUserIdsFromCommitters, sleep, stage, stash, step, throttle, timeout, timestamps, tm, tool, unarchive, unstable, unstash, updateGitlabCommitStatus, updateReleaseBundle, validateDeclarativePipeline, waitForBuild, waitForQualityGate, waitUntil, warnError, withChecks, withContext, withCredentials, withEnv, withGradle, withMaven, wrap, writeFile, ws, xrayScan, xrayScanBuild] or symbols [GitUsernamePassword, Number, Open, PVSStudio, acuCobol, agent, ajc, all, allBranchesSame, allOf, allowRunOnStatus, always, analysisParser, androidLintParser, ansible, ansibleLint, ant, antFromApache, antOutcome, antPath, antTarget, any, anyOf, apiToken, apiTokenProperty, aquaScanner, architecture, archiveArtifacts, armCc, artifactManager, artifactsPublisher, asIsGITScm, assembla, authorInChangelog, authorizationMatrix, axivion, axivionSuite, batchFile, bitbucket, bitbucketBranchDiscovery, bitbucketBuildStatusNotifications, bitbucketForkDiscovery, bitbucketPublicRepoPullRequestFilter, bitbucketPullRequestDiscovery, bitbucketServer, bitbucketSshCheckout, bitbucketTagDiscovery, bitbucketTrustEveryone, bitbucketTrustNobody, bitbucketTrustProject, bitbucketTrustTeam, bitbucketWebhookConfiguration, bitbucketWebhookRegistration, bluepearl, booleanParam, brakeman, branch, branchCreated, branches, brokenBuildSuspects, brokenTestsSuspects, browser, buckminster, buildButton, buildCancellationPolicy, buildDiscarder, buildDiscarders, buildRetention, buildSingleRevisionOnly, buildUser, buildingTag, builtInNode, cadence, cargo, caseInsensitive, caseSensitive, ccm, certificate, cgit, changeAbandoned, changeMerged, changeRequest, changeRestored, changelog, changelogBase, changelogToBranch, changeset, checkStyle, checkoutOption, checkoutToSubdirectory, choice, choiceParam, clair, clang, clangAnalyzer, clangTidy, cleanAfterCheckout, cleanBeforeCheckout, cleanWs, clock, cloneOption, close, cmake, cobertura, coberturaAdapter, coberturaReportAdapter, codeAnalysis, codeChecker, codeGeneratorParser, codeNarc, command, commentAdded, commentAddedContains, commentPattern, commit, commitChanged, commitMessagePattern, concordionPublisher, configFile, configFileProvider, contributor, coolflux, coverageTotalsColumn, cpd, cppCheck, cppLint, created, credentials, cron, crumb, cssLint, culprits, dart, defaultFolderConfiguration, defaultView, deleted, demand, dependenciesFingerprintPublisher, description, detekt, developers, diabC, disableConcurrentBuilds, disableRestartFromStage, disableResume, discoverOtherRefs, discoverOtherRefsTrait, discoverReferenceBuild, docFx, dockerLint, downstream, doxygen, drMemory, draftPublished, dscanner, dumb, dupFinder, durabilityHint, eclipse, email-ext, embeddedEngineerParser, envVars, envVarsFilter, environment, equals, erlc, errorProne, esLint, excludeCategory, excludeFile, excludeMessage, excludeModule, excludeNamespace, excludePackage, excludeType, experimentalFlags, expression, extendedEmailPublisher, file, fileParam, filePath, findBugs, findbugsPublisher, fingerprint, fingerprints, fisheye, flake8, flawfinder, flexSdk, frameOptions, freeStyle, freeStyleJob, fromScm, fromSource, fxcop, gcc, gcc3, gcc4, gendarme, gerrit, gerrit-trigger, ghsMulti, git, gitBranchDiscovery, gitHooks, gitHub, gitHubBranchDiscovery, gitHubBranchHeadAuthority, gitHubEvents, gitHubExcludeArchivedRepositories, gitHubExcludeForkedRepositories, gitHubExcludePrivateRepositories, gitHubExcludePublicRepositories, gitHubForkDiscovery, gitHubIgnoreDraftPullRequestFilter, gitHubPRStatus, gitHubPlugin, gitHubPullRequestDiscovery, gitHubSourceChecks, gitHubSshCheckout, gitHubStatusChecks, gitHubTagDiscovery, gitHubTopicsFilter, gitHubTrustContributors, gitHubTrustEveryone, gitHubTrustNobody, gitHubTrustPermissions, gitLab, gitLabConnection, gitList, gitSCM, gitTagDiscovery, gitTool, gitUsernamePassword, gitWeb, gitblit, github, githubAccessToken, githubBranches, githubPRAddLabels, githubPRClosePublisher, githubPRComment, githubPRMessage, githubPRRemoveLabels, githubPRStatusPublisher, githubPlugin, githubProjectProperty, githubPullRequests, githubPush, gitiles, gitlab, globalConfigFiles, globalSlackNotifier, gnat, gnuFortran, goLint, goVet, gogs, gradle, groovyScript, hadoLint, hashChanged, headRegexFilter, headWildcardFilter, hyperlink, hyperlinkToModels, iar, iarCstat, ibLinter, ideaInspection, ignoreOnPush, inbound, includeCategory, includeFile, includeMessage, includeModule, includeNamespace, includePackage, includeType, infer, inheriting, inheritingGlobal, installSource, intel, invalids, invokerPublisher, isRestartedRun, issueCommentTrigger, issues, istanbulCobertura, istanbulCoberturaAdapter, jacoco, jacocoAdapter, jacocoPublisher, java, javaDoc, javadoc, jcReport, jdk, jdkInstaller, jgit, jgitapache, jgivenPublisher, jnlp, jobBuildDiscarder, jobName, jsHint, jsLint, junitParser, junitPublisher, junitTestResultStorage, kiln, klocWork, kotlin, ktLint, label, labels, labelsAdded, labelsExist, labelsNotExist, labelsPatternExists, labelsRemoved, lastDuration, lastFailure, lastGrantedAuthorities, lastStable, lastSuccess, legacy, legacySCM, lfs, list, local, localBranch, localBranchTrait, location, logRotator, loggedInUsersCanDoAnything, mailer, masterBuild, maven, maven3Mojos, mavenConsole, mavenErrors, mavenGlobalConfig, mavenLinkerPublisher, mavenMojos, mavenWarnings, message, metrowerksCodeWarrior, mineRepository, modelsim, modernSCM, msBuild, multibranch, myPy, myView, nagFortran, namedBranchesDifferent, noGITScm, node, nodeProperties, nonInheriting, nonMergeable, none, nonresumable, not, oelintAdv, openTasksPublisher, organizationFolder, otDockerLint, overrideIndexTriggers, owaspDependencyCheck, paneStatus, parallelsAlwaysFailFast, parameters, password, patchsetCreated, pattern, pcLint, pep8, perBuildTag, perforce, perlCritic, permanent, phabricator, php, phpCodeSniffer, phpStan, pipeline, pipelineGraphPublisher, pipelineMaven, pipelineTriggers, pit, plainText, plugin, pmdParser, pollSCM, polyspaceParser, prefast, preserveStashes, previewMode, previous, prismConfiguration, privateStateChanged, projectNamingStrategy, protoLint, proxy, pruneStaleBranch, pruneStaleTag, pruneTags, publishCoverage, pullRequest, pullRequestReview, pullRequests, puppetLint, pyDocStyle, pyLint, qacSourceCodeAnalyser, qtTranslation, queueItemAuthenticator, quietPeriod, rateLimit, rateLimitBuilds, recipients, recordCoverage, recordIssues, redmine, refSpecs, refUpdated, remoteName, requestor, rerunCheck, resharperInspectCode, resourceRoot, restriction, restrictions, retainOnlyVariables, revApi, rfLint, rhodeCode, robocopy, ruboCop, run, runParam, sSHLauncher, sarif, scala, schedule, scmGit, scmRetryCount, scriptApproval, scriptApprovalLink, search, security, shell, simian, simpleBuildDiscarder, simulinkCheckParser, skipDefaultCheckout, skipStagesAfterUnstable, slackNotifier, slave, snapshotDependencies, sonarQube, sonarToGerrit, sourceFiles, sourceRegexFilter, sourceWildcardFilter, sparseCheckoutPaths, sphinxBuild, spotBugs, spotbugsPublisher, ssh, sshPublicKey, sshUserPrivateKey, standard, status, statusOnPublisherError, string, stringParam, styleCop, styleLint, submodule, submoduleOption, sunC, suppressAutomaticTriggering, suppressFolderAutomaticTriggering, swapSpace, swiftLint, tag, tagList, tags, taskScanner, taskingVx, teamFoundation, teamSlugFilter, text, textParam, throttleJobProperty, tiCss, timestamper, timestamperConfig, timezone, tmpSpace, tnsdl, toolLocation, topicChanged, triggeredBy, trivy, tsLint, unsecured, untrusted, upstream, upstreamDevelopers, userIdentity, userSeed, usernameColonPassword, usernamePassword, veracodePipelineScanner, viewgit, viewsTabBar, warningsParsers, warningsPlugin, weather, wipStateChanged, withAnt, withSonarQubeEnv, xlc, xmlLint, yamlLint, yuiCompressor, zip, zptLint] or globals [Artifactory, JFrog, currentBuild, env, params, pipeline, scm]
	at org.jenkinsci.plugins.workflow.cps.DSL.invokeMethod(DSL.java:219)
	at org.jenkinsci.plugins.workflow.cps.CpsScript.invokeMethod(CpsScript.java:124)
	at jdk.internal.reflect.GeneratedMethodAccessor1148.invoke(Unknown Source)
	at java.base/jdk.internal.reflect.DelegatingMethodAccessorImpl.invoke(DelegatingMethodAccessorImpl.java:43)
	at java.base/java.lang.reflect.Method.invoke(Method.java:566)
	at org.codehaus.groovy.reflection.CachedMethod.invoke(CachedMethod.java:98)
	at groovy.lang.MetaMethod.doMethodInvoke(MetaMethod.java:325)
	at groovy.lang.MetaClassImpl.invokeMethod(MetaClassImpl.java:1225)
	at groovy.lang.MetaClassImpl.invokeMethod(MetaClassImpl.java:1034)
	at org.codehaus.groovy.runtime.callsite.PogoMetaClassSite.call(PogoMetaClassSite.java:41)
	at org.codehaus.groovy.runtime.callsite.CallSiteArray.defaultCall(CallSiteArray.java:47)
	at org.codehaus.groovy.runtime.callsite.AbstractCallSite.call(AbstractCallSite.java:116)
	at org.kohsuke.groovy.sandbox.impl.Checker$1.call(Checker.java:180)
	at org.kohsuke.groovy.sandbox.GroovyInterceptor.onMethodCall(GroovyInterceptor.java:23)
	at org.jenkinsci.plugins.scriptsecurity.sandbox.groovy.SandboxInterceptor.onMethodCall(SandboxInterceptor.java:163)
	at org.jenkinsci.plugins.scriptsecurity.sandbox.groovy.SandboxInterceptor.onMethodCall(SandboxInterceptor.java:148)
	at org.kohsuke.groovy.sandbox.impl.Checker$1.call(Checker.java:178)
	at org.kohsuke.groovy.sandbox.impl.Checker.checkedCall(Checker.java:182)
	at com.cloudbees.groovy.cps.sandbox.SandboxInvoker.methodCall(SandboxInvoker.java:17)
	at WorkflowScript.run(WorkflowScript:55)
	at ___cps.transform___(Native Method)
	at com.cloudbees.groovy.cps.impl.ContinuationGroup.methodCall(ContinuationGroup.java:90)
	at com.cloudbees.groovy.cps.impl.FunctionCallBlock$ContinuationImpl.dispatchOrArg(FunctionCallBlock.java:116)
	at com.cloudbees.groovy.cps.impl.FunctionCallBlock$ContinuationImpl.fixArg(FunctionCallBlock.java:85)
	at jdk.internal.reflect.GeneratedMethodAccessor153.invoke(Unknown Source)
	at java.base/jdk.internal.reflect.DelegatingMethodAccessorImpl.invoke(DelegatingMethodAccessorImpl.java:43)
	at java.base/java.lang.reflect.Method.invoke(Method.java:566)
	at com.cloudbees.groovy.cps.impl.ContinuationPtr$ContinuationImpl.receive(ContinuationPtr.java:72)
	at com.cloudbees.groovy.cps.impl.ClosureBlock.eval(ClosureBlock.java:46)
	at com.cloudbees.groovy.cps.Next.step(Next.java:83)
	at com.cloudbees.groovy.cps.Continuable$1.call(Continuable.java:152)
	at com.cloudbees.groovy.cps.Continuable$1.call(Continuable.java:146)
	at org.codehaus.groovy.runtime.GroovyCategorySupport$ThreadCategoryInfo.use(GroovyCategorySupport.java:136)
	at org.codehaus.groovy.runtime.GroovyCategorySupport.use(GroovyCategorySupport.java:275)
	at com.cloudbees.groovy.cps.Continuable.run0(Continuable.java:146)
	at org.jenkinsci.plugins.workflow.cps.SandboxContinuable.access$001(SandboxContinuable.java:18)
	at org.jenkinsci.plugins.workflow.cps.SandboxContinuable.run0(SandboxContinuable.java:51)
	at org.jenkinsci.plugins.workflow.cps.CpsThread.runNextChunk(CpsThread.java:187)
	at org.jenkinsci.plugins.workflow.cps.CpsThreadGroup.run(CpsThreadGroup.java:420)
	at org.jenkinsci.plugins.workflow.cps.CpsThreadGroup$2.call(CpsThreadGroup.java:330)
	at org.jenkinsci.plugins.workflow.cps.CpsThreadGroup$2.call(CpsThreadGroup.java:294)
	at org.jenkinsci.plugins.workflow.cps.CpsVmExecutorService$2.call(CpsVmExecutorService.java:67)
	at java.base/java.util.concurrent.FutureTask.run(FutureTask.java:264)
	at hudson.remoting.SingleLaneExecutorService$1.run(SingleLaneExecutorService.java:139)
	at jenkins.util.ContextResettingExecutorService$1.run(ContextResettingExecutorService.java:28)
	at jenkins.security.ImpersonatingExecutorService$1.run(ImpersonatingExecutorService.java:68)
	at jenkins.util.ErrorLoggingExecutorService.lambda$wrap$0(ErrorLoggingExecutorService.java:51)
	at java.base/java.util.concurrent.Executors$RunnableAdapter.call(Executors.java:515)
	at java.base/java.util.concurrent.FutureTask.run(FutureTask.java:264)
	at java.base/java.util.concurrent.ThreadPoolExecutor.runWorker(ThreadPoolExecutor.java:1128)
	at java.base/java.util.concurrent.ThreadPoolExecutor$Worker.run(ThreadPoolExecutor.java:628)
	at java.base/java.lang.Thread.run(Thread.java:829)
[Checks API] No suitable checks publisher found.
Finished: FAILURE
