Started by user [8mha:////4KVef2Y2rt1aHG3Ubl730ZXhQB3qCGGZoQc5yMa57M8MAAAAmB+LCAAAAAAAAP9b85aBtbiIQTGjNKU4P08vOT+vOD8nVc83PyU1x6OyILUoJzMv2y+/JJUBAhiZGBgqihhk0NSjKDWzXb3RdlLBUSYGJk8GtpzUvPSSDB8G5tKinBIGIZ+sxLJE/ZzEvHT94JKizLx0a6BxUmjGOUNodHsLgAyeEgYe/dLi1CL9osyS1OIMAJg1/OrBAAAA[0mRitesh_Kumar
[8mha:////4EqIFo33+ygWeqyLAjeH6aRO9sIVBmCCiy7XpGheDl+uAAAAoh+LCAAAAAAAAP9tjTEOwjAQBM8BClpKHuFItIiK1krDC0x8GCfWnbEdkooX8TX+gCESFVvtrLSa5wtWKcKBo5UdUu8otU4GP9jS5Mixv3geZcdn2TIl9igbHBs2eJyx4YwwR1SwULBGaj0nRzbDRnX6rmuvydanHMu2V1A5c4MHCFXMWcf8hSnC9jqYxPTz/BXAFEIGsfuclm8zQVqFvQAAAA==[0m[Pipeline] Start of Pipeline
[8mha:////4Bhs329OlVlRpwXvXnfshWvvkamgP35m/K7a2gTHD3fiAAAApR+LCAAAAAAAAP9tjTEOwjAUQ3+KOrAycohUghExsUZZOEFIQkgb/d8mKe3EibgadyBQiQlLlmxL1nu+oE4RjhQdby12HpP2vA+jK4lPFLtroIm3dOGaMFGwXNpJkrGnpUrKFhaxClYC1hZ1oOTRZdiIVt1VExS65pxj2Q4CKm8GeAAThZxVzN8yR9jeRpMIf5y/AJj7DGxXvP/86jduZBmjwAAAAA==[0m[Pipeline] node
Running on [8mha:////4Bumgr/3+X8LC3vDHdcZbRRfhjVsKmqb+q9Plb+uCDVoAAAAoR+LCAAAAAAAAP9b85aBtbiIQTGjNKU4P08vOT+vOD8nVc83PyU1x6OyILUoJzMv2y+/JJUBAhiZGBgqihhk0NSjKDWzXb3RdlLBUSYGJk8GtpzUvPSSDB8G5tKinBIGIZ+sxLJE/ZzEvHT94JKizLx0a6BxUmjGOUNodHsLgAz2EgZR/eT83ILSktQifY2k0sycEt3MPE19AHHxbH3KAAAA[0mJenkins in /var/lib/jenkins/workspace/Assignment_04
[8mha:////4GwQu244lF+aWw0E1hM0WxLbXZvLwPy52mVp8k/2BC1tAAAApR+LCAAAAAAAAP9tjTEOwjAUQ3+KOrAycoh0gA0xsUZZOEFIQkgb/d8mKe3EibgadyBQiQlLlmxL1nu+oE4RjhQdby12HpP2vA+jK4lPFLtroIm3dOGaMFGwXNpJkrGnpUrKFhaxClYC1hZ1oOTRZdiIVt1VExS65pxj2Q4CKm8GeAAThZxVzN8yR9jeRpMIf5y/AJj7DGxXvP/86jfoP95RwAAAAA==[0m[Pipeline] {
[8mha:////4M6OrO/EK9vy2YsD54xpvvw6fwYuwwwYThy3NbqF5wWtAAAApR+LCAAAAAAAAP9tjTEOwjAUQ3+KOrAycoh0gQkxsUZZOEFIQkgb/d8mKe3EibgadyBQiQlLlmxL1nu+oE4RjhQdby12HpP2vA+jK4lPFLtroIm3dOGaMFGwXNpJkrGnpUrKFhaxClYC1hZ1oOTRZdiIVt1VExS65pxj2Q4CKm8GeAAThZxVzN8yR9jeRpMIf5y/AJj7DGxXvP/86jc09154wAAAAA==[0m[Pipeline] stage
[8mha:////4P9k1nrH0Z9KTr2Bh/YVjeNitJv4+QnAOYoxzutIBiv4AAAApR+LCAAAAAAAAP9tjTEOwjAUQ3+KOrAycoh0ggUxsUZZOEFIQkgb/d8mKe3EibgadyBQiQlLlmxL1nu+oE4RjhQdby12HpP2vA+jK4lPFLtroIm3dOGaMFGwXNpJkrGnpUrKFhaxClYC1hZ1oOTRZdiIVt1VExS65pxj2Q4CKm8GeAAThZxVzN8yR9jeRpMIf5y/AJj7DGxXvP/86jek7ggRwAAAAA==[0m[Pipeline] { (Declarative: Tool Install)
[8mha:////4NeMq7VfCKvSAZH2VWrQgXhb+b0ESduJs4VA4lWfXTdlAAAAoh+LCAAAAAAAAP9tjTEOAiEURD9rLGwtPQTbaWGsbAmNJ0AWEZb8zwLrbuWJvJp3kLiJlZNMMm+a93rDOic4UbLcG+wdZu14DKOti0+U+lugiXu6ck2YKRguzSSpM+cFJRUDS1gDKwEbgzpQdmgLbIVXD9UGhba9lFS/o4DGdQM8gYlqLiqVL8wJdvexy4Q/z18BzLEA29ce4gfg7KmOvAAAAA==[0m[Pipeline] tool
[8mha:////4BpQsQWxb5GXbdJg02k5t7/kpUfP/F36MWDnyYu66ZDDAAAAoh+LCAAAAAAAAP9tjTEOAiEURD9rLGwtPQTbGRNjZUtoPAGyiLDkfxZYdytP5NW8g8RNrJxkknnTvNcb1jnBiZLl3mDvMGvHYxhtXXyi1N8CTdzTlWvCTMFwaSZJnTkvKKkYWMIaWAnYGNSBskNbYCu8eqg2KLTtpaT6HQU0rhvgCUxUc1GpfGFOsLuPXSb8ef4KYI4F2L72ED8v8DEJvAAAAA==[0m[Pipeline] envVarsForTool
[8mha:////4FgILbWxElQjb1/V+kA8e3OnRBZz1QVm29POYQ6QTia0AAAAoh+LCAAAAAAAAP9tjTEOAiEURD9rLGwtPQTbmRhjZUtoPAGyiLDkfxZYdytP5NW8g8RNrJxkknnTvNcb1jnBiZLl3mDvMGvHYxhtXXyi1N8CTdzTlWvCTMFwaSZJnTkvKKkYWMIaWAnYGNSBskNbYCu8eqg2KLTtpaT6HQU0rhvgCUxUc1GpfGFOsLuPXSb8ef4KYI4F2L72ED9uwSoQvAAAAA==[0m[Pipeline] tool
[8mha:////4LmyUZC9Hnqzt6SYBLSLDGvvmDKnU53lJgxPCjZm2f5eAAAAox+LCAAAAAAAAP9tjTESgjAQRT84FraWHiJoY+NY2WZoPEGEGAOZXUwWofJEXs07yMiMlb/67zXv9cYyRRw5OtVYaj2lyqsu9G56auDYXgMPquGLqpgSB6tKO5Rc29OMJYvFvCzHQmNlqQqcPDnBWjfmYYpgyBVniZM7aOS+vuOJTE9lMVG+MEZsbn2dmH6dvwGMnSDbC/LdtvsAfEnCxL0AAAA=[0m[Pipeline] envVarsForTool
[8mha:////4OjChgyf7qH4K4A7KUcgRULLMpU3jW04PB9Qt/UBD1gTAAAAox+LCAAAAAAAAP9tjTESgjAQRT84FraWHiIMjY1jZZuh8QQRYgxkdjFZhMoTeTXvICMzVv7qv9e81xvrFHHk6FRrqfOUaq/6MLj5qZFjdw08qpYvqmZKHKyq7FhxY08LViwWy7IcK42NpTpw8uQEW92ahymCIVecJc7uoJH75o4nMj2XxUT5whSxuw1NYvp1/gYw9YJsL8jLsv8APXjZ3b0AAAA=[0m[Pipeline] tool
[8mha:////4FwrJaAypGOWRbI7B8b4ZqBviAlLsYlkg3pk+/A5ol0SAAAAox+LCAAAAAAAAP9tjTEOwjAQBDdBFLSUPMIRFDSIitZKwwtMYowT6y7YF5KKF/E1/kBEJCq22plmXm8sU8SRo1ONpdZTqrzqQu+mpwaO7TXwoBq+qIopcbCqtEPJtT3NWLJYzMtyLDRWlqrAyZMTrHVjHqYIhlxxlji5g0bu6zueyPRUFhPlC2PE5tbXienX+RvA2AmyvSDf7roP/iv09r0AAAA=[0m[Pipeline] envVarsForTool
[8mha:////4K3FL6EMVogWaPdBb+2Rrer8JNcbha24PgSjDxE+EC+VAAAApB+LCAAAAAAAAP9tjTEOwjAQBDdBFLSUPMIRQqJBVLRWGl5gEmOcWHfBvpBUvIiv8QciIlGx1c4083pjmSKOHJ1qLLWeUuVVF3o3PTVwbK+BB9XwRVVMiYNVpR1Kru1pxpLFYl6WY6GxslQFTp6cYK0b8zBFMOSKs8TJHTRyX9/xRKanspgoXxgjNre+Tky/zt8Axq4T5NudINt/AHkw63u9AAAA[0m[Pipeline] }
[8mha:////4DPmQP3bbb9TzDcDgfe7GoEWjfL1GwJPnhjNFJ1Y0q4uAAAAox+LCAAAAAAAAP9tjTEOwjAQBDdBFLSUPMIRElSIitZKwwtMYowT6y7YF5KKF/E1/kBEJCq22plmXm8sU8SRo1ONpdZTqrzqQu+mpwaO7TXwoBq+qIopcbCqtEPJtT3NWLJYzMtyLDRWlqrAyZMTrHVjHqYIhlxxlji5g0bu6zueyPRUFhPlC2PE5tbXienX+RvA2HWCfLsTZPsP073CUL0AAAA=[0m[Pipeline] // stage
[8mha:////4MAA0R8ZSUMWOoWnclF1HCLP5Gb5ZrWP4IrTH3q4jLXSAAAAph+LCAAAAAAAAP9tjTEOwjAQBM9BKWgpeYQjJKgQFa3lhheY2Bgn1l2wLyQVL+Jr/IFAJCq22llpNc8XlDnBgZKXjcM2YK6D7GLvpyYHSu0l0iAbOsuaMFN0UrtBk3XHGTWxgzmigIWCpcM6Ug7oGVaqMXdTRYO+OnGatr2CItgbPECoycwm8RfGBOtrbzPhz/NXAGPHILYMxWb3OZZvBXXnAcEAAAA=[0m[Pipeline] withEnv
[8mha:////4Pqd1Myds1awEf15EY9MiQy+tnhv2j8vgmdBtJQxVDARAAAApx+LCAAAAAAAAP9tjTEOwjAUQ3+LOrAycohUDLAgpq5RFk4QmhDSRv+Xn5R24kRcjTvQUokJD5ZtyXqvNxSR4UTsRGOx9RhrL7rQuymJgbi9BhpEQxdRE0YKVig7KDK2WqqiZGFRlsNKwtpiHSh6dAk2stEPXQaNrjwnnrajhNybOzwhkxM5aU7fMjJsb72JhD/OXwCMXYJ8t5/tMD+LD/s94rDCAAAA[0m[Pipeline] {
[8mha:////4H8GmTUoFqCWWQZ0J+Dvv0H/U2GMNIe02tSAQKV7p7EoAAAApx+LCAAAAAAAAP9tjTEOwjAUQ3+LOrAycohULDAgpq5RFk4QmhDSRv+Xn5R24kRcjTvQUokJD5ZtyXqvNxSR4UTsRGOx9RhrL7rQuymJgbi9BhpEQxdRE0YKVig7KDK2WqqiZGFRlsNKwtpiHSh6dAk2stEPXQaNrjwnnrajhNybOzwhkxM5aU7fMjJsb72JhD/OXwCMXYJ8t5/tMD+LD1+IXOLCAAAA[0m[Pipeline] stage
[8mha:////4DrDg6o122GPPCxlu0JUf/HorOxe68KcacDsjA6orHMKAAAApx+LCAAAAAAAAP9tjTEOwjAUQ3+LOrAycohUTCAhpq5RFk4QmhDSRv+Xn5R24kRcjTvQUokJD5ZtyXqvNxSR4UTsRGOx9RhrL7rQuymJgbi9BhpEQxdRE0YKVig7KDK2WqqiZGFRlsNKwtpiHSh6dAk2stEPXQaNrjwnnrajhNybOzwhkxM5aU7fMjJsb72JhD/OXwCMXYJ8t5/tMD+LD0rlhNLCAAAA[0m[Pipeline] { (Checkout)
[8mha:////4Ekw3OaEfKf6o6ZM97OIkqU5mvS+vWtC0DeqR3xHnMsnAAAApB+LCAAAAAAAAP9tjTEOwjAQBC9BFLSUPOIiOhCiSmu54QUmNsaJdWdsh6TiRXyNPxCIRMUWq51t5vmCZYpw5GixNdQ5So3D4Hs7LRw4dhfPA7Z8xoYpsTcozSBZm3pGydnAnKKEhYCVocZzcmQzrEWr7qryimx1ynH6DgJKp2/wgEJM5qxi/sIYYXPtdWL6ef4KYAwZyu3uU/vwBr2eB0O+AAAA[0m[Pipeline] tool
[8mha:////4OpqFZTyuJZvt7GP0s1MGibeQHMQC0NX5VJ8XqEtGLjmAAAApR+LCAAAAAAAAP9tjTEOwjAQBC9BFLSUPOICVEgoFa3lhheYxBgn1l2wHZyKF/E1/oBFJCq2WO1sM683LIOHmr3BTlNvKTQWBzeavDCx76+OE3Z8wYYpsNModZLc6tOMkqOGOUUJCwErTY3jYMlEWItOPVTlFJnqHH3+jgJK297hCYXI5qh8/MLkYXMb28D08/wVwDREKHeHXPvt8AGtm4OQvgAAAA==[0m[Pipeline] envVarsForTool
[8mha:////4C2VGgP0mFE0iHDAlLdeJQhQZsDao1OotbgswA4DttFLAAAApR+LCAAAAAAAAP9tjTEOwjAQBC9BFLSUPOKiUCEhqrRWGl5gYmOcWHfGdkgqXsTX+AMWkajYYrWzzbzesI4BThwM9poGS7Gz6N1o8sKJw3B1PGHPF+yYIjuNrZ5aVrpZsOWkYUlRwkrARlPnOFoyCbailw9ZOUmmOqeQv6OA0qo7PKEQ2ZxkSF+YA+xuo4pMP89fAcw+QVkfcu1r/wHsqpiJvgAAAA==[0m[Pipeline] tool
[8mha:////4EyylkuCpyRZKguYqVrCCfd3bka4Zm6l9eZfIZ1szhQTAAAApR+LCAAAAAAAAP9tjTEOwjAQBC9BFLSUPMIRqZAQVVorDS8w8WGcWHfGdkgqXsTX+AMWkajYYrWzzbzesI4BThyM6JEGS7GzwrvR5CUmDsPV8SR6voiOKbJD0eLUssZmwZYTwpKihJWEDVLnOFoyCbayVw9VOUWmOqeQv6OE0uo7PKGQ2ZxUSF+YA+xuo45MP89fAcw+Qbk/5Kpr/wEv+bWivgAAAA==[0m[Pipeline] envVarsForTool
[8mha:////4FSFxpxNu9CuTvgvpdHfX4q8qjcovCU+XzqxUOnCC/9mAAAApR+LCAAAAAAAAP9tjTEOwjAQBC9BFLSUPOIioEFCqWgtN7zAJMY4se6C7eBUvIiv8QcsIlGxxWpnm3m9YRk81OwNdpp6S6GxOLjR5IWJfX91nLDjCzZMgZ1GqZPkVp9mlBw1zClKWAhYaWocB0smwlp06qEqp8hU5+jzdxRQ2vYOTyhENkfl4xcmD5vb2Aamn+evAKYhQrk95Nrthw9uyK67vgAAAA==[0m[Pipeline] tool
[8mha:////4EclEXnXew03idwlwxbC5zI7Ft+D+KbVxbUd7rXWueh5AAAAph+LCAAAAAAAAP9tjTEOwjAQBC9BFLSUPOIiEAUSSkVrueEFJjHGiXUXbAen4kV8jT9gEYmKLVY728zrDcvgoWZvsNPUWwqNxcGNJi9M7Pur44QdX7BhCuw0Sp0kt/o0o+SoYU5RwkLASlPjOFgyEdaiUw9VOUWmOkefv6OA0rZ3eEIhsjkqH78wedjcxjYw/Tx/BTANEcrtIdduP3wAqV7v9L4AAAA=[0m[Pipeline] envVarsForTool
[8mha:////4JtzJiwOv6ih0/iqJFs7Ct1glZNGMHjrOcEeGYr/8RZ3AAAAqB+LCAAAAAAAAP9tjUEKwjAURH8rXbh16SFSFARBunIbuvEEsYkxafi/JqnpyhN5Ne9gtODKWQwzA8N7vqAKHhrymlmFvcHQGTa4UefEEvn+4igxS2fWEQZyirUqtSTVca4tRQWzihIWHJYKO0fBoI6w4lbcRe0E6voUfd4OHEojb/CAgmdyFD5+y+RhfR1lIPxx/gJgGiKUm3227e7zrN7PGArMwgAAAA==[0m[Pipeline] withEnv
[8mha:////4LTyxgFbpwTA+qaKKNbL4+l94qd8YGZYFNU+ymzKitXmAAAAqB+LCAAAAAAAAP9tjTEOwjAUQ3+LOrAycohUQoIFMXWNsnCC0ISQNvq//KS0EyfiatyBlkpMeLBsS9Z7vaGIDCdiJxqLrcdYe9GF3k1JDMTtNdAgGrqImjBSsELZQZGx1VIVJQuLshxWEtYW60DRo0uwkY1+6DJodOU58bQdJeTe3OEJmZzISXP6lpFhe+tNJPxx/gJg7BLku/1sh/lZfACW9ZT2wgAAAA==[0m[Pipeline] {
[8mha:////4MN4keOvh0ss5inwGN97yNqt9fadGSPoPRmpouXhv0TeAAAApR+LCAAAAAAAAP9tjTEOwjAQBC9BFLSUPOIiUUCBqNJabniBiY1xYt0Z2yGpeBFf4w8EIlGxxWpnm3m+YJkiHDlabA11jlLjMPjeTgsHjt3F84Atn7FhSuwNSjNI1qaeUXI2MKcoYSFgZajxnBzZDGvRqruqvCJbnXKcvoOA0ukbPKAQkzmrmL8wRthce52Yfp6/AhhDhnK7+9Q+vAHUcXIBvgAAAA==[0m[Pipeline] checkout
The recommended git tool is: NONE
No credentials specified
 > git rev-parse --resolve-git-dir /var/lib/jenkins/workspace/Assignment_04/.git # timeout=10
Fetching changes from the remote Git repository
 > git config remote.origin.url https://github.com/opstree/spring3hibernate.git # timeout=10
Fetching upstream changes from https://github.com/opstree/spring3hibernate.git
 > git --version # timeout=10
 > git --version # 'git version 2.34.1'
 > git fetch --tags --force --progress -- https://github.com/opstree/spring3hibernate.git +refs/heads/*:refs/remotes/origin/* # timeout=10
Seen branch in repository origin/bp_packer
Seen branch in repository origin/bpmaven
Seen branch in repository origin/canary
Seen branch in repository origin/compose-setup
Seen branch in repository origin/dependabot/maven/commons-beanutils-commons-beanutils-1.9.4
Seen branch in repository origin/dependabot/maven/commons-collections-commons-collections-3.2.2
Seen branch in repository origin/dependabot/maven/commons-fileupload-commons-fileupload-1.5
Seen branch in repository origin/dependabot/maven/commons-io-commons-io-2.7
Seen branch in repository origin/dependabot/maven/junit-junit-4.13.1
Seen branch in repository origin/dependabot/maven/mysql-mysql-connector-java-8.0.28
Seen branch in repository origin/dependabot/maven/org.apache.commons-commons-email-1.5
Seen branch in repository origin/dependabot/maven/org.apache.lucene-lucene-core-7.1.0
Seen branch in repository origin/dependabot/maven/org.hibernate-hibernate-validator-5.3.5.Final
Seen branch in repository origin/dependabot/maven/org.springframework-spring-beans-5.2.20.RELEASE
Seen branch in repository origin/dependabot/maven/org.springframework-spring-core-5.2.22.RELEASE
Seen branch in repository origin/dependabot/maven/org.springframework-spring-expression-5.2.21.RELEASE
Seen branch in repository origin/dependabot/maven/org.springframework-spring-webmvc-5.2.20.RELEASE
Seen branch in repository origin/dependabot/maven/xalan-xalan-2.7.2
Seen branch in repository origin/dependabot/maven/xerces-xercesImpl-2.12.2
Seen branch in repository origin/dev
Seen branch in repository origin/gradle
Seen branch in repository origin/kubernetes_setup
Seen branch in repository origin/master
Seen branch in repository origin/ms
Seen branch in repository origin/msk-tf-files
Seen branch in repository origin/ninja
Seen branch in repository origin/sonar-branch-test
Seen branch in repository origin/surabhi
Seen branch in repository origin/tf-var-override
Seen 29 remote branches
 > git show-ref --tags -d # timeout=10
Checking out Revision 82d59771f414e2ea2583b200e688d2878c98cb29 (origin/master)
 > git config core.sparsecheckout # timeout=10
 > git checkout -f 82d59771f414e2ea2583b200e688d2878c98cb29 # timeout=10
Commit message: "Updated path to correct value"
 > git rev-list --no-walk 82d59771f414e2ea2583b200e688d2878c98cb29 # timeout=10
[Checks API] No suitable checks publisher found.
[8mha:////4MyRFRrNQ4I5Nox6PW0cMyC3lsqX04P1tKoi26kNLIm5AAAApR+LCAAAAAAAAP9tjTEOwjAQBC9BFLSUPOIiUSAkRJXWcsMLTGyME+vO2A5JxYv4Gn8gEImKLVY728zzBcsU4cjRYmuoc5Qah8H3dlo4cOwungds+YwNU2JvUJpBsjb1jJKzgTlFCQsBK0ON5+TIZliLVt1V5RXZ6pTj9B0ElE7f4AGFmMxZxfyFMcLm2uvE9PP8FcAYQoZyu//U7g2/yR8JvgAAAA==[0m[Pipeline] }
[8mha:////4EN6gPfymjkcRnHwEDb5ok/5BHSCuINjI+l2txSpFBU+AAAApR+LCAAAAAAAAP9tjTEOwjAQBC9BFLSUPOIiIVEgRJXWcsMLTGyME+vO2A5JxYv4Gn8gEImKLVY728zzBcsU4cjRYmuoc5Qah8H3dlo4cOwungds+YwNU2JvUJpBsjb1jJKzgTlFCQsBK0ON5+TIZliLVt1V5RXZ6pTj9B0ElE7f4AGFmMxZxfyFMcLm2uvE9PP8FcAYQoZyu//U7g2gS0pbvgAAAA==[0m[Pipeline] // withEnv
[8mha:////4IAvtMm2Ccy2MOrU5ZdxJGnOZbHzfmWm7gRkQSTcki2GAAAApR+LCAAAAAAAAP9tjTEOwjAQBC9BFLSUPOICokFCqWgtN7zAJMY4se6C7eBUvIiv8QcsIlGxxWpnm3m9YRk81OwNdpp6S6GxOLjR5IWJfX91nLDjCzZMgZ1GqZPkVp9mlBw1zClKWAhYaWocB0smwlp06qEqp8hU5+jzdxRQ2vYOTyhENkfl4xcmD5vb2Aamn+evAKZhiFDut7l2hw+iPq6PvgAAAA==[0m[Pipeline] }
[8mha:////4Pj7H5uDrddF8wk+Xrh8gDa1h4VnB9slZxicJcTHhdHoAAAApR+LCAAAAAAAAP9tjTEOwjAQBC9BFLSUPOKiiIICUaW10vACExvjxLoztkNS8SK+xh+wiETFFqudbeb1hnUMcOJgsNc0WIqdRe9GkxdOHIar4wl7vmDHFNlpbPXUstLNgi0nDUuKElYCNpo6x9GSSbAVvXzIykky1TmF/B0FlFbd4QmFyOYkQ/rCHGB3G1Vk+nn+CmD2PkG5r3PVhw+W8E3UvgAAAA==[0m[Pipeline] // stage
[8mha:////4Df9OyVNa5SsNnNAqckrG0XPlo1x4DTZdGb+9uKd9kU4AAAAqB+LCAAAAAAAAP9tjTEOwjAUQ3+LOrAycohUgMSCOrFGXThBaEJIGv1fkpR04kRcjTsQqMSEB8u2ZL3nC6rgoSGvmVXYGwydYYMbdU4ske8vjhKzdGYdYSCnWKtSS1Id59pSVDCrKGHBYamwcxQM6ggrbsVd1E6grk/R5+3AoTTyBg8oeCZH4eO3TB7W11EGwh/nLwCmIUK52WfbbT/P6g3FCA4lwgAAAA==[0m[Pipeline] stage
[8mha:////4AQmRd6afeguKAwNaNXfxYbDLRkDjn1wDjm9sw+tM10cAAAAph+LCAAAAAAAAP9tjTEOwjAUQ3+DOrAycohUoiNiYo26cILQhJA0+r9NUtKJE3E17kBLJSY8WLYl673eUMYAJwqGO42dxdha3vvRzIlnCt3NU+aOrrwljOQ1b3RuSOnzWhtKGlYVDDYCthpbT9GiSbATTj5k5SWa6pLCvB0FMKsGeEIhZnKSIX3LFGB/H1Uk/HH+AmDqE7D6sFi9PMsPfTawssIAAAA=[0m[Pipeline] { (Build)
[8mha:////4HCp9l/GCEfi1+8y8RlXY1B9SfKVndSn2KGA8OVDX0QAAAAAox+LCAAAAAAAAP9tjTESwiAURH/iWNhaeghSxM6xsmVoPAEmiBDmfwJEUnkir+YdRDNj5RY7+7Z5zxesY4AjBc2swsFg7AzzbtJlsUxhuDrKzNKFdYSRnGJCZUG9Oi0oKClYUtWw4rBR2DmKBnWCLbfyLhsnUTfnFMp34FCbfoQHVLyYkwzpC3OA3W3qI+HP81cAs09Qt+2n9v4NGWcPtb4AAAA=[0m[Pipeline] tool
[8mha:////4MXradiIh0XPULCEbH8iKn8xSqKXeX4URVYThkmA/V2UAAAAox+LCAAAAAAAAP9tjTESwiAURH/iWNhaeghSZKwcK1uGxhNggghh/idAJJUn8mreQTQzVm6xs2+b93zBOgY4UtDMKhwMxs4w7yZdFssUhqujzCxdWEcYySkmVBbUq9OCgpKCJVUNKw4bhZ2jaFAn2HIr77JxEnVzTqF8Bw616Ud4QMWLOcmQvjAH2N2mPhL+PH8FMPsEddt+au/fWFYUrL4AAAA=[0m[Pipeline] envVarsForTool
[8mha:////4BxjMmFpHcnLeqXP++PFaAahicJk8ywXKInmDsmbUrhrAAAApB+LCAAAAAAAAP9tjTESwiAURH/iWNhaeghSZMbGsbJlaDwBJogQ5n8CRFJ5Iq/mHUQzY+UWO/u2ec8XrGOAIwXNrMLBYOwM827SZbFMYbg6yszShXWEkZxiQmVBvTotKCgpWFLVsOKwUdg5igZ1gi238i4bJ1E35xTKd+BQm36EB1S8mJMM6QtzgN1t6iPhz/NXALNPULftp/b+DZsFOYe+AAAA[0m[Pipeline] tool
[8mha:////4LhJ0EhWxGkU1ugF7DioG8wYjT5BXi69APsIQGkjcLavAAAApB+LCAAAAAAAAP9tjTESwiAURH/iWNhaeghSpLBwrGwZGk+ACSKE+Z8AkVSeyKt5B9HMWLnFzr5t3vMF6xjgSEEzq3AwGDvDvJt0WSxTGK6OMrN0YR1hJKeYUFlQr04LCkoKllQ1rDhsFHaOokGdYMutvMvGSdTNOYXyHTjUph/hARUv5iRD+sIcYHeb+kj48/wVwOwT1G37qb1/A9o0Ip6+AAAA[0m[Pipeline] envVarsForTool
[8mha:////4DVo9kyaviAhwCceIcZVmkqthEWpLXufEOlm8HDDML/GAAAApB+LCAAAAAAAAP9tjTESwiAURH/iWNhaeghSpHHGsbJlaDwBJogQ5n8CRFJ5Iq/mHUQzY+UWO/u2ec8XrGOAIwXNrMLBYOwM827SZbFMYbg6yszShXWEkZxiQmVBvTotKCgpWFLVsOKwUdg5igZ1gi238i4bJ1E35xTKd+BQm36EB1S8mJMM6QtzgN1t6iPhz/NXALNPULftp/b+DRUouhm+AAAA[0m[Pipeline] tool
[8mha:////4D+3h+hu6VEQ/y1MdchvxrVv7MPb0Oy1qLsXFAsYKKztAAAAox+LCAAAAAAAAP9tjTESwiAURH/iWNhaeghSpHIcK1uGxhNggghh/idAJJUn8mreQTQzVm6xs2+b93zBOgY4UtDMKhwMxs4w7yZdFssUhqujzCxdWEcYySkmVBbUq9OCgpKCJVUNKw4bhZ2jaFAn2HIr77JxEnVzTqF8Bw616Ud4QMWLOcmQvjAH2N2mPhL+PH8FMPsEddt+au/fVBmhAL4AAAA=[0m[Pipeline] envVarsForTool
[8mha:////4LL14omoXrfIRoNsv1f9Ql438QinXGkVb+UBRwLMkjZYAAAApx+LCAAAAAAAAP9tjTEOwjAUQ3+LOrAycogUqWyIqWuUhROEJIS00f8lSWknTsTVuAOBSkx4sGxL1nu+oIoBjhQs6wz2DqNybPCjzYlNFPqLp4l1dGaKMJI3TJhJkDbtUgUlA4uKElYc1gaVp+jQJtjwTt5l7SXa+pRC3g4cSqdv8ICCZ3KSIX3LHGB7HXUk/HH+AmAeEpRNk22/+zyrN52lDTDCAAAA[0m[Pipeline] withEnv
[8mha:////4I1c7eK+O6Se1xpr1inbhPEmg0F37A/Yn7cN0jeuMgP7AAAApx+LCAAAAAAAAP9tjTEOwjAUQ3+LOrAycogUJDbE1DXKwglCE0La6P/yk9JOnIircQdaKjHhwbItWe/1hiIynIidaCy2HmPtRRd6NyUxELfXQINo6CJqwkjBCmUHRcZWS1WULCzKclhJWFusA0WPLsFGNvqhy6DRlefE03aUkHtzhydkciInzelbRobtrTeR8Mf5C4CxS5AfdrPt52fxAbb5KxbCAAAA[0m[Pipeline] {
[8mha:////4IeIqHLlLtg/xRNxONE3JcuzzGnEynTrdx45tyXxBOA/AAAApB+LCAAAAAAAAP9tjTEOwjAQBC9BFLSUPOIiEB2iSmu54QUmNsaJdWdsh6TiRXyNPxCIRMUWq51t5vmCZYpw5GixNdQ5So3D4Hs7LRw4dhfPA7Z8xoYpsTcozSBZm3pGydnAnKKEhYCVocZzcmQzrEWr7qryimx1ynH6DgJKp2/wgEJM5qxi/sIYYXPtdWL6ef4KYAwZyv32U7vwBirOQHu+AAAA[0m[Pipeline] sh
+ mvn clean package
[[1;34mINFO[m] Scanning for projects...
[[1;34mINFO[m] 
[[1;34mINFO[m] [1m--------------< [0;36mSpring3HibernateApp:Spring3HibernateApp[0;1m >---------------[m
[[1;34mINFO[m] [1mBuilding Spring3HibernateApp 1.8-SNAPSHOT[m
[[1;34mINFO[m] [1m--------------------------------[ war ]---------------------------------[m
[[1;33mWARNING[m] The artifact ehcache:ehcache:jar:1.2.3 has been relocated to net.sf.ehcache:ehcache:jar:1.2.3
[[1;33mWARNING[m] The artifact icu4j:icu4j:jar:2.6.1 has been relocated to com.ibm.icu:icu4j:jar:2.6.1
[[1;34mINFO[m] 
[[1;34mINFO[m] [1m--- [0;32mmaven-clean-plugin:2.5:clean[m [1m(default-clean)[m @ [36mSpring3HibernateApp[0;1m ---[m
[[1;34mINFO[m] Deleting /var/lib/jenkins/workspace/Assignment_04/target
[[1;34mINFO[m] 
[[1;34mINFO[m] [1m--- [0;32mmaven-resources-plugin:2.6:resources[m [1m(default-resources)[m @ [36mSpring3HibernateApp[0;1m ---[m
[[1;33mWARNING[m] Using platform encoding (UTF-8 actually) to copy filtered resources, i.e. build is platform dependent!
[[1;34mINFO[m] Copying 2 resources
[[1;34mINFO[m] 
[[1;34mINFO[m] [1m--- [0;32mmaven-compiler-plugin:2.3.2:compile[m [1m(default-compile)[m @ [36mSpring3HibernateApp[0;1m ---[m
[[1;33mWARNING[m] File encoding has not been set, using platform encoding UTF-8, i.e. build is platform dependent!
[[1;34mINFO[m] Compiling 15 source files to /var/lib/jenkins/workspace/Assignment_04/target/classes
[[1;34mINFO[m] 
[[1;34mINFO[m] [1m>>> [0;32mfindbugs-maven-plugin:3.0.5:check[m [1m(analyze-compile)[0;1m > [0;1m:findbugs[m @ [36mSpring3HibernateApp[0;1m >>>[m
[[1;34mINFO[m] 
[[1;34mINFO[m] [1m--- [0;32mfindbugs-maven-plugin:3.0.5:findbugs[m [1m(findbugs)[m @ [36mSpring3HibernateApp[0;1m ---[m
WARNING: An illegal reflective access operation has occurred
WARNING: Illegal reflective access by org.codehaus.groovy.reflection.CachedClass (file:/var/lib/jenkins/.m2/repository/org/codehaus/groovy/groovy/2.4.12/groovy-2.4.12.jar) to method java.lang.Object.finalize()
WARNING: Please consider reporting this to the maintainers of org.codehaus.groovy.reflection.CachedClass
WARNING: Use --illegal-access=warn to enable warnings of further illegal reflective access operations
WARNING: All illegal access operations will be denied in a future release
[[1;34mINFO[m] Fork Value is true
     [java] WARNING: An illegal reflective access operation has occurred
     [java] WARNING: Illegal reflective access by org.dom4j.io.SAXContentHandler (file:/var/lib/jenkins/.m2/repository/dom4j/dom4j/1.6.1/dom4j-1.6.1.jar) to method com.sun.org.apache.xerces.internal.parsers.AbstractSAXParser$LocatorProxy.getEncoding()
     [java] WARNING: Please consider reporting this to the maintainers of org.dom4j.io.SAXContentHandler
     [java] WARNING: Use --illegal-access=warn to enable warnings of further illegal reflective access operations
     [java] WARNING: All illegal access operations will be denied in a future release
     [java] The following classes needed for analysis were missing:
     [java]   java.lang.Object
     [java]   java.io.Serializable
     [java]   java.io.File
     [java]   java.util.List
     [java]   java.util.Iterator
     [java]   java.lang.StringBuilder
     [java]   java.util.Properties
     [java]   java.io.InputStream
     [java]   java.io.IOException
     [java]   java.lang.Long
     [java]   java.lang.Integer
     [java]   java.util.HashMap
     [java]   java.util.Map
     [java]   java.util.ArrayList
     [java]   java.io.FileInputStream
     [java]   java.io.PrintStream
     [java]   java.lang.String
     [java]   java.io.OutputStream
     [java]   java.lang.NoSuchFieldError
     [java]   java.lang.UnsatisfiedLinkError
     [java]   java.lang.IllegalAccessError
     [java]   java.lang.NoSuchMethodError
     [java]   java.lang.NullPointerException
     [java]   java.lang.IncompatibleClassChangeError
     [java]   java.lang.AbstractMethodError
     [java]   java.lang.Error
     [java]   java.lang.RuntimeException
     [java]   java.lang.Throwable
     [java]   java.lang.NoClassDefFoundError
     [java]   java.lang.ClassFormatError
     [java]   java.lang.VerifyError
     [java]   java.lang.ExceptionInInitializerError
     [java]   java.lang.ClassCastException
     [java] Warnings generated: 5
     [java] Missing classes: 21
[[1;34mINFO[m] Done FindBugs Analysis....
[[1;34mINFO[m] 
[[1;34mINFO[m] [1m<<< [0;32mfindbugs-maven-plugin:3.0.5:check[m [1m(analyze-compile)[0;1m < [0;1m:findbugs[m @ [36mSpring3HibernateApp[0;1m <<<[m
[[1;34mINFO[m] 
[[1;34mINFO[m] 
[[1;34mINFO[m] [1m--- [0;32mfindbugs-maven-plugin:3.0.5:check[m [1m(analyze-compile)[m @ [36mSpring3HibernateApp[0;1m ---[m
[[1;34mINFO[m] BugInstance size is 5
[[1;34mINFO[m] Error size is 0
[[1;34mINFO[m] Total bugs: 5
[[1;34mINFO[m] The field name com.sample.bean.EmployeeBean.Name doesn't start with a lower case letter [com.sample.bean.EmployeeBean] In EmployeeBean.java NM_FIELD_NAMING_CONVENTION
[[1;34mINFO[m] The field name com.sample.bean.FileBean.Name doesn't start with a lower case letter [com.sample.bean.FileBean] In FileBean.java NM_FIELD_NAMING_CONVENTION
[[1;34mINFO[m] Relative path traversal in com.sample.servlet.DownloadServlet.doGet(HttpServletRequest, HttpServletResponse) [com.sample.servlet.DownloadServlet, com.sample.servlet.DownloadServlet] Value generated at DownloadServlet.java:[line 26]At DownloadServlet.java:[line 29] PT_RELATIVE_PATH_TRAVERSAL
[[1;34mINFO[m] com.sample.servlet.DownloadServlet is Serializable; consider declaring a serialVersionUID [com.sample.servlet.DownloadServlet] At DownloadServlet.java:[lines 21-87] SE_NO_SERIALVERSIONID
[[1;34mINFO[m] com.sample.servlet.FileUploadServlet is Serializable; consider declaring a serialVersionUID [com.sample.servlet.FileUploadServlet] At FileUploadServlet.java:[lines 25-89] SE_NO_SERIALVERSIONID
[[1;34mINFO[m] 


To see bug detail using the Findbugs GUI, use the following command "mvn findbugs:gui"



[[1;34mINFO[m] 
[[1;34mINFO[m] [1m--- [0;32mmaven-resources-plugin:2.6:testResources[m [1m(default-testResources)[m @ [36mSpring3HibernateApp[0;1m ---[m
[[1;33mWARNING[m] Using platform encoding (UTF-8 actually) to copy filtered resources, i.e. build is platform dependent!
[[1;34mINFO[m] skip non existing resourceDirectory /var/lib/jenkins/workspace/Assignment_04/src/test/resources
[[1;34mINFO[m] 
[[1;34mINFO[m] [1m--- [0;32mmaven-compiler-plugin:2.3.2:testCompile[m [1m(default-testCompile)[m @ [36mSpring3HibernateApp[0;1m ---[m
[[1;33mWARNING[m] File encoding has not been set, using platform encoding UTF-8, i.e. build is platform dependent!
[[1;34mINFO[m] Compiling 2 source files to /var/lib/jenkins/workspace/Assignment_04/target/test-classes
[[1;34mINFO[m] 
[[1;34mINFO[m] [1m--- [0;32mmaven-surefire-plugin:2.12.4:test[m [1m(default-test)[m @ [36mSpring3HibernateApp[0;1m ---[m
[[1;34mINFO[m] Surefire report directory: /var/lib/jenkins/workspace/Assignment_04/target/surefire-reports

-------------------------------------------------------
 T E S T S
-------------------------------------------------------
Running com.sample.service.EmployeeServiceImplTest
WARNING: An illegal reflective access operation has occurred
WARNING: Illegal reflective access by org.mockito.cglib.core.ReflectUtils$2 (file:/var/lib/jenkins/.m2/repository/org/mockito/mockito-all/1.9.5/mockito-all-1.9.5.jar) to method java.lang.ClassLoader.defineClass(java.lang.String,byte[],int,int,java.security.ProtectionDomain)
WARNING: Please consider reporting this to the maintainers of org.mockito.cglib.core.ReflectUtils$2
WARNING: Use --illegal-access=warn to enable warnings of further illegal reflective access operations
WARNING: All illegal access operations will be denied in a future release
Tests run: 2, Failures: 0, Errors: 0, Skipped: 0, Time elapsed: 0.351 sec
Running com.sample.bean.EmployeeBeanTest
Tests run: 1, Failures: 0, Errors: 0, Skipped: 0, Time elapsed: 0.022 sec

Results :

Tests run: 3, Failures: 0, Errors: 0, Skipped: 0

[[1;34mINFO[m] 
[[1;34mINFO[m] [1m--- [0;32mmaven-war-plugin:2.1.1:war[m [1m(default-war)[m @ [36mSpring3HibernateApp[0;1m ---[m
[[1;34mINFO[m] Packaging webapp
[[1;34mINFO[m] Assembling webapp [Spring3HibernateApp] in [/var/lib/jenkins/workspace/Assignment_04/target/Spring3HibernateApp-1.8-SNAPSHOT]
[[1;34mINFO[m] Processing war project
[[1;34mINFO[m] Copying webapp resources [/var/lib/jenkins/workspace/Assignment_04/src/main/webapp]
[[1;34mINFO[m] Webapp assembled in [115 msecs]
[[1;34mINFO[m] Building war: /var/lib/jenkins/workspace/Assignment_04/target/Spring3HibernateApp.war
[[1;34mINFO[m] WEB-INF/web.xml already added, skipping
[[1;34mINFO[m] 
[[1;34mINFO[m] [1m>>> [0;32mcobertura-maven-plugin:2.5.1:cobertura[m [1m(default)[0;1m > [0;1m[cobertura]test[m @ [36mSpring3HibernateApp[0;1m >>>[m
[[1;34mINFO[m] 
[[1;34mINFO[m] [1m--- [0;32mmaven-resources-plugin:2.6:resources[m [1m(default-resources)[m @ [36mSpring3HibernateApp[0;1m ---[m
[[1;33mWARNING[m] Using platform encoding (UTF-8 actually) to copy filtered resources, i.e. build is platform dependent!
[[1;34mINFO[m] Copying 2 resources
[[1;34mINFO[m] 
[[1;34mINFO[m] [1m--- [0;32mmaven-compiler-plugin:2.3.2:compile[m [1m(default-compile)[m @ [36mSpring3HibernateApp[0;1m ---[m
[[1;34mINFO[m] Nothing to compile - all classes are up to date
[[1;34mINFO[m] 
[[1;34mINFO[m] [1m>>> [0;32mfindbugs-maven-plugin:3.0.5:check[m [1m(analyze-compile)[0;1m > [0;1m:findbugs[m @ [36mSpring3HibernateApp[0;1m >>>[m
[[1;34mINFO[m] 
[[1;34mINFO[m] [1m--- [0;32mfindbugs-maven-plugin:3.0.5:findbugs[m [1m(findbugs)[m @ [36mSpring3HibernateApp[0;1m ---[m
[[1;34mINFO[m] Fork Value is true
     [java] WARNING: An illegal reflective access operation has occurred
     [java] WARNING: Illegal reflective access by org.dom4j.io.SAXContentHandler (file:/var/lib/jenkins/.m2/repository/dom4j/dom4j/1.6.1/dom4j-1.6.1.jar) to method com.sun.org.apache.xerces.internal.parsers.AbstractSAXParser$LocatorProxy.getEncoding()
     [java] WARNING: Please consider reporting this to the maintainers of org.dom4j.io.SAXContentHandler
     [java] WARNING: Use --illegal-access=warn to enable warnings of further illegal reflective access operations
     [java] WARNING: All illegal access operations will be denied in a future release
     [java] The following classes needed for analysis were missing:
     [java]   java.lang.Object
     [java]   java.io.Serializable
     [java]   java.io.File
     [java]   java.util.List
     [java]   java.util.Iterator
     [java]   java.lang.StringBuilder
     [java]   java.util.Properties
     [java]   java.io.InputStream
     [java]   java.io.IOException
     [java]   java.lang.Long
     [java]   java.lang.Integer
     [java]   java.util.HashMap
     [java]   java.util.Map
     [java]   java.util.ArrayList
     [java]   java.io.FileInputStream
     [java]   java.io.PrintStream
     [java]   java.lang.String
     [java]   java.io.OutputStream
     [java]   java.lang.NoSuchFieldError
     [java]   java.lang.UnsatisfiedLinkError
     [java]   java.lang.IllegalAccessError
     [java]   java.lang.NoSuchMethodError
     [java]   java.lang.NullPointerException
     [java]   java.lang.IncompatibleClassChangeError
     [java]   java.lang.AbstractMethodError
     [java]   java.lang.Error
     [java]   java.lang.RuntimeException
     [java]   java.lang.Throwable
     [java]   java.lang.NoClassDefFoundError
     [java]   java.lang.ClassFormatError
     [java]   java.lang.VerifyError
     [java]   java.lang.ExceptionInInitializerError
     [java]   java.lang.ClassCastException
     [java] Warnings generated: 5
     [java] Missing classes: 21
[[1;34mINFO[m] Done FindBugs Analysis....
[[1;34mINFO[m] 
[[1;34mINFO[m] [1m<<< [0;32mfindbugs-maven-plugin:3.0.5:check[m [1m(analyze-compile)[0;1m < [0;1m:findbugs[m @ [36mSpring3HibernateApp[0;1m <<<[m
[[1;34mINFO[m] 
[[1;34mINFO[m] 
[[1;34mINFO[m] [1m--- [0;32mfindbugs-maven-plugin:3.0.5:check[m [1m(analyze-compile)[m @ [36mSpring3HibernateApp[0;1m ---[m
[[1;34mINFO[m] BugInstance size is 5
[[1;34mINFO[m] Error size is 0
[[1;34mINFO[m] Total bugs: 5
[[1;34mINFO[m] The field name com.sample.bean.EmployeeBean.Name doesn't start with a lower case letter [com.sample.bean.EmployeeBean] In EmployeeBean.java NM_FIELD_NAMING_CONVENTION
[[1;34mINFO[m] The field name com.sample.bean.FileBean.Name doesn't start with a lower case letter [com.sample.bean.FileBean] In FileBean.java NM_FIELD_NAMING_CONVENTION
[[1;34mINFO[m] Relative path traversal in com.sample.servlet.DownloadServlet.doGet(HttpServletRequest, HttpServletResponse) [com.sample.servlet.DownloadServlet, com.sample.servlet.DownloadServlet] Value generated at DownloadServlet.java:[line 26]At DownloadServlet.java:[line 29] PT_RELATIVE_PATH_TRAVERSAL
[[1;34mINFO[m] com.sample.servlet.DownloadServlet is Serializable; consider declaring a serialVersionUID [com.sample.servlet.DownloadServlet] At DownloadServlet.java:[lines 21-87] SE_NO_SERIALVERSIONID
[[1;34mINFO[m] com.sample.servlet.FileUploadServlet is Serializable; consider declaring a serialVersionUID [com.sample.servlet.FileUploadServlet] At FileUploadServlet.java:[lines 25-89] SE_NO_SERIALVERSIONID
[[1;34mINFO[m] 


To see bug detail using the Findbugs GUI, use the following command "mvn findbugs:gui"



[[1;34mINFO[m] 
[[1;34mINFO[m] [1m--- [0;32mcobertura-maven-plugin:2.5.1:instrument[m [1m(default)[m @ [36mSpring3HibernateApp[0;1m ---[m
[[1;34mINFO[m] Cobertura 1.9.4.1 - GNU GPL License (NO WARRANTY) - See COPYRIGHT file
Instrumenting 15 files to /var/lib/jenkins/workspace/Assignment_04/target/generated-classes/cobertura
Cobertura: Saved information on 15 classes.
Instrument time: 144ms

[[1;34mINFO[m] Instrumentation was successful.
[[1;34mINFO[m] NOT adding cobertura ser file to attached artifacts list.
[[1;33mWARNING[m] The artifact ehcache:ehcache:jar:1.2.3 has been relocated to net.sf.ehcache:ehcache:jar:1.2.3
[[1;33mWARNING[m] The artifact icu4j:icu4j:jar:2.6.1 has been relocated to com.ibm.icu:icu4j:jar:2.6.1
[[1;34mINFO[m] 
[[1;34mINFO[m] [1m--- [0;32mmaven-resources-plugin:2.6:testResources[m [1m(default-testResources)[m @ [36mSpring3HibernateApp[0;1m ---[m
[[1;33mWARNING[m] Using platform encoding (UTF-8 actually) to copy filtered resources, i.e. build is platform dependent!
[[1;34mINFO[m] skip non existing resourceDirectory /var/lib/jenkins/workspace/Assignment_04/src/test/resources
[[1;34mINFO[m] 
[[1;34mINFO[m] [1m--- [0;32mmaven-compiler-plugin:2.3.2:testCompile[m [1m(default-testCompile)[m @ [36mSpring3HibernateApp[0;1m ---[m
[[1;34mINFO[m] Nothing to compile - all classes are up to date
[[1;34mINFO[m] 
[[1;34mINFO[m] [1m--- [0;32mmaven-surefire-plugin:2.12.4:test[m [1m(default-test)[m @ [36mSpring3HibernateApp[0;1m ---[m
[[1;34mINFO[m] Surefire report directory: /var/lib/jenkins/workspace/Assignment_04/target/surefire-reports

-------------------------------------------------------
 T E S T S
-------------------------------------------------------
Running com.sample.service.EmployeeServiceImplTest
WARNING: An illegal reflective access operation has occurred
WARNING: Illegal reflective access by org.mockito.cglib.core.ReflectUtils$2 (file:/var/lib/jenkins/.m2/repository/org/mockito/mockito-all/1.9.5/mockito-all-1.9.5.jar) to method java.lang.ClassLoader.defineClass(java.lang.String,byte[],int,int,java.security.ProtectionDomain)
WARNING: Please consider reporting this to the maintainers of org.mockito.cglib.core.ReflectUtils$2
WARNING: Use --illegal-access=warn to enable warnings of further illegal reflective access operations
WARNING: All illegal access operations will be denied in a future release
Tests run: 2, Failures: 0, Errors: 0, Skipped: 0, Time elapsed: 0.32 sec
Running com.sample.bean.EmployeeBeanTest
Tests run: 1, Failures: 0, Errors: 0, Skipped: 0, Time elapsed: 0.008 sec
Flushing results...
Flushing results done
Cobertura: Loaded information on 15 classes.
Cobertura: Saved information on 15 classes.

Results :

Tests run: 3, Failures: 0, Errors: 0, Skipped: 0

[[1;34mINFO[m] 
[[1;34mINFO[m] [1m<<< [0;32mcobertura-maven-plugin:2.5.1:cobertura[m [1m(default)[0;1m < [0;1m[cobertura]test[m @ [36mSpring3HibernateApp[0;1m <<<[m
[[1;34mINFO[m] 
[[1;34mINFO[m] 
[[1;34mINFO[m] [1m--- [0;32mcobertura-maven-plugin:2.5.1:cobertura[m [1m(default)[m @ [36mSpring3HibernateApp[0;1m ---[m
[[1;34mINFO[m] Cobertura 1.9.4.1 - GNU GPL License (NO WARRANTY) - See COPYRIGHT file
Cobertura: Loaded information on 15 classes.
Report time: 206ms

[[1;34mINFO[m] Cobertura Report generation was successful.
[[1;34mINFO[m] [1m------------------------------------------------------------------------[m
[[1;34mINFO[m] [1;32mBUILD SUCCESS[m
[[1;34mINFO[m] [1m------------------------------------------------------------------------[m
[[1;34mINFO[m] Total time:  16.923 s
[[1;34mINFO[m] Finished at: 2023-05-23T14:34:45Z
[[1;34mINFO[m] [1m------------------------------------------------------------------------[m
[8mha:////4JwinzWfFzk2vD0uTaG4XeV+5uCrfG2SgV390IXgOeTmAAAApB+LCAAAAAAAAP9tjTEOwjAQBC9BFLSUPOIiBB2iSmu54QUmNsaJdWdsh6TiRXyNPxCIRMUWq51t5vmCZYpw5GixNdQ5So3D4Hs7LRw4dhfPA7Z8xoYpsTcozSBZm3pGydnAnKKEhYCVocZzcmQzrEWr7qryimx1ynH6DgJKp2/wgEJM5qxi/sIYYXPtdWL6ef4KYAwhQ7nffWr7BmM+Nsi+AAAA[0m[Pipeline] }
[8mha:////4Pg83iYB1cfi1PpRua5LT+u1kr6fqcOysnOWp4T/StmnAAAAox+LCAAAAAAAAP9tjTEOwjAQBC9BFLSUPOJCkQ5R0VppeIFJjLFj3Tm2g1PxIr7GHwhEomKL1c4283zBOgY4ctBoFfWGYmvQu1HPCzOH/uo4o+ULtkyRncJG5YY7dVqw4aRgSVHCSsBGUes4GtIJtsLKu6ycJF2dU5i/g4DSdAM8oBCzOcmQvjAF2N3GLjL9PH8FMHmfoKzrT+3fTT40or4AAAA=[0m[Pipeline] // withEnv
[8mha:////4HGYlM+kDytSF9z4KGFvZG2439ppE+zCWEJPX097pKpDAAAApB+LCAAAAAAAAP9tjTEOwjAQBC9BFLSUPOJSBCpEldZKwwtMbIwT687YDknFi/gaf8AiEhVbrHa2mdcb1jHAiYPBXtNgKXYWvRtNXjhxGK6OJ+z5gh1TZKex1VPLSjcLtpw0LClKWAnYaOocR0smwVb08iErJ8lU5xTydxRQWnWHJxQim5MM6QtzgN1tVJHp5/krgNn7BOX+kKuuP5UqIL++AAAA[0m[Pipeline] }
[8mha:////4CyxBTkhWkrfKIxmlXLLaODrm7svZLVV5jiSojE36LvdAAAApR+LCAAAAAAAAP9tjTEOwjAQBC9BFLSUPOIiAaJBqWgtN7zAJMY4se6C7eBUvIiv8QcsIlGxxWpnm3m9YRk81OwNdpp6S6GxOLjR5IWJfX91nLDjCzZMgZ1GqZPkVp9mlBw1zClKWAhYaWocB0smwlp06qEqp8hU5+jzdxRQ2vYOTyhENkfl4xcmD5vb2Aamn+evAKZhiFDuD7l22w+taLNOvgAAAA==[0m[Pipeline] // stage
[8mha:////4IKMk2cG9hKF3Au6Fr0aAxPOrYS3jj2nXtnFIIFO1VRjAAAAqB+LCAAAAAAAAP9tjTEOwjAUQ3+LOrAycohUSAgG1Ik16sIJQhNC0uj/kqSkEyfiatyBQCUmPFi2Jes9X1AFDw15zazC3mDoDBvcqHNiiXx/cZSYpTPrCAM5xVqVWpLqONeWooJZRQkLDkuFnaNgUEdYcSvuonYCdX2KPm8HDqWRN3hAwTM5Ch+/ZfKwvo4yEP44fwEwDRHKzS7bdv95Vm/4p2SwwgAAAA==[0m[Pipeline] stage
[8mha:////4M3YyAqWCEi0xsuvpzI0PqtZPu5/VBbQmnCBnGDYCI/JAAAAqB+LCAAAAAAAAP9tjTEOwjAUQ3+LOrAycoh0QQIJMXWNsnCC0ISQNvq//KS0EyfiatyBlkpMeLBsS9Z7vaGIDCdiJxqLrcdYe9GF3k1JDMTtNdAgGrqImjBSsELZQZGx1VIVJQuLshxWEtYW60DRo0uwkY1+6DJodOU58bQdJeTe3OEJmZzISXP6lpFhe+tNJPxx/gJg7BLku/1sh/lZfAD9vR8YwgAAAA==[0m[Pipeline] { (user input)
[8mha:////4FKj7a9Seccrun9y0C5X3usCHp2OJ63VUEphmnsmFlW9AAAApB+LCAAAAAAAAP9tjTEOwjAQBC9BFLSUPOLSUIAQVVrLDS8wsTFOrDtjOyQVL+Jr/IFAJCq2WO1sM88XLFOEI0eLraHOUWocBt/baeHAsbt4HrDlMzZMib1BaQbJ2tQzSs4G5hQlLASsDDWekyObYS1adVeVV2SrU47TdxBQOn2DBxRiMmcV8xfGCJtrrxPTz/NXAGPIUG53n9qHNzJSLA2+AAAA[0m[Pipeline] input
Do you want to fail the pipeline
[8mha:////4FCZxI2SXk7Ttmnmhf6YMA7PaJZTO+KmMEFPxv2JgXOkAAABHx+LCAAAAAAAAP9djzFOwzAYhf+kghkxIjZ2O5abNBR1QIAEUgVIZYfguG4S1zb2H9ouPQTXgAWJK3AILsDGzMBCoRO85b3l+6T39AEbwcOx9YrU0jSVCaIiTrdqtcjM+mas7YyE1jnrkQSULpDKuBbJ5cXo6nThpNeVac4tyq23zstn7+s9hmgIndZrhO1hXdwXVBdG0RH6yqiDuYfdSVsGa4iwJlgtyR9LNnh8Hjy41xjiM9jU0iicrHV3sIRohe/8w4/W/QPDOlEMMHerESNEewg3E0TXp5QTxhjhCcm6/TzJE1rbW3oYQqXMVBq8TrqUM/p7jzImUp6OBRN5ytlY8P0kKwvBe0UqeJYJ6rwVUpYnU4eLbxFLer5HAQAA[0mNo or [8mha:////4HolkKCmBQufvSVAwYUXwUN5/0XgVRcVUiVTSwyh3FaZAAABGx+LCAAAAAAAAP9dkL1OwzAcxP9JVWbEiNjY7Vhu0lDUAcEAUgVIZWFCrus4H8Y2tkPLwkPwGrAg8Qo8BC/AxszAQiAT3HK3/E66e/qAoXdwZJxEtdBNpT2vkFWt7BJaGdcUyqyQb601LiAfhPWo0rYN6PxsfnF8Z4VTlW5OTRCbb4OXz/HXewzRDAatUwG2ZjW7ZVgxLfE8uErL/bWDnbJdeqMRN9obJdCflmz6+Dx9sK8xxCewoYSWoezrbuAeog7f/ocf9v4DQ68oBljbLgwDRLsBLssQ7ARjigghiCYoG03yJE9wbRb4wPtK6muhw1UywpTg33mYEJ7StOCE5yklBad7SbZknI5ZymmWccwW3SPfxVn+w0ABAAA=[0mAbort
Approved by [8mha:////4KVef2Y2rt1aHG3Ubl730ZXhQB3qCGGZoQc5yMa57M8MAAAAmB+LCAAAAAAAAP9b85aBtbiIQTGjNKU4P08vOT+vOD8nVc83PyU1x6OyILUoJzMv2y+/JJUBAhiZGBgqihhk0NSjKDWzXb3RdlLBUSYGJk8GtpzUvPSSDB8G5tKinBIGIZ+sxLJE/ZzEvHT94JKizLx0a6BxUmjGOUNodHsLgAyeEgYe/dLi1CL9osyS1OIMAJg1/OrBAAAA[0mRitesh_Kumar
[8mha:////4F6lOhkOCeDidD1S5Gk3hv7KKwB353Y086D8zrfbpo5IAAAAph+LCAAAAAAAAP9tjTEOwjAQBC9BFLSUPOJCARISSkVrueEFJjHGiXUXbAen4kV8jT9gEYmKLVY728zrDcvgoWZvsNPUWwqNxcGNJi9M7Pur44QdX7BhCuw0Sp0kt/o0o+SoYU5RwkLASlPjOFgyEdaiUw9VOUWmOkefv6OA0rZ3eEIhsjkqH78wedjcxjYw/Tx/BTANEcrdIdd+O3wATIMs3b4AAAA=[0m[Pipeline] tool
[8mha:////4HyksBQ1W/YP4TjxSdIPydvn2TxGP1nkoP/PQQvyuq2jAAAAph+LCAAAAAAAAP9tjTEOwjAQBC9BFLSUPOIiJJCQUCpayw0vMIkxTqy7YDs4FS/ia/wBi0hUbLHa2WZeb1gGDzV7g52m3lJoLA5uNHlhYt9fHSfs+IINU2CnUeokudWnGSVHDXOKEhYCVpoax8GSibAWnXqoyiky1Tn6/B0FlLa9wxMKkc1R+fiFycPmNraB6ef5K4BpiFDuDrn22+EDDbI3xL4AAAA=[0m[Pipeline] envVarsForTool
[8mha:////4IrcHxgvsvAS7Cuz3fvBwel3owc/sY8UTK2UWLdxCp5YAAAAph+LCAAAAAAAAP9tjTEOwjAQBC9BFLSUPOIiIZCQUCpayw0vMIkxTqy7YDs4FS/ia/wBi0hUbLHa2WZeb1gGDzV7g52m3lJoLA5uNHlhYt9fHSfs+IINU2CnUeokudWnGSVHDXOKEhYCVpoax8GSibAWnXqoyiky1Tn6/B0FlLa9wxMKkc1R+fiFycPmNraB6ef5K4BpiFDuDrn22+EDzuEa774AAAA=[0m[Pipeline] tool
[8mha:////4IR5Mp3F3OPoR+YU28trvYwXbsKxRj/LCApMwIvk2nw6AAAAph+LCAAAAAAAAP9tjTEOwjAQBC9BFLSUPOJSABISSkVrueEFJjHGiXUXbAen4kV8jT9gEYmKLVY728zrDcvgoWZvsNPUWwqNxcGNJi9M7Pur44QdX7BhCuw0Sp0kt/o0o+SoYU5RwkLASlPjOFgyEdaiUw9VOUWmOkefv6OA0rZ3eEIhsjkqH78wedjcxjYw/Tx/BTANEcrdIdd+O3wAj9AB9r4AAAA=[0m[Pipeline] envVarsForTool
[8mha:////4KPu2AQpa5y3+WJFjFzhIS11zGjCKWdnI87lZ+zo7f+/AAAApR+LCAAAAAAAAP9tjTEOwjAQBC9BFLSUPOLSBAkJUaW10vACExvjxLoztkNS8SK+xh+wiETFFqudbeb1hnUMcOJgsNc0WIqdRe9GkxdOHIar4wl7vmDHFNlpbPXUstLNgi0nDUuKElYCNpo6x9GSSbAVvXzIykky1TmF/B0FlFbd4QmFyOYkQ/rCHGB3G1Vk+nn+CmD2Ccr6kGtf+w9IRkC5vgAAAA==[0m[Pipeline] tool
[8mha:////4N55KV3JdK5Zl4UEqWokfURlJmKVpRRuq2yDOcPwTLXVAAAApR+LCAAAAAAAAP9tjTEOwjAQBC9BFLSUPMJpiISEqNJaaXiBiQ/jxLoztkNS8SK+xh+wiETFFqudbeb1hnUMcOJgRI80WIqdFd6NJi8xcRiujifR80V0TJEdihanljU2C7acEJYUJawkbJA6x9GSSbCVvXqoyiky1TmF/B0llFbf4QmFzOakQvrCHGB3G3Vk+nn+CmD2Ccr9IVdd+w8Jd1ugvgAAAA==[0m[Pipeline] envVarsForTool
[8mha:////4LT9Fa/3mTxQGCzz3T0290MF4pC9pzStwtGEiF1c1gXZAAAAqB+LCAAAAAAAAP9tjTEOwjAUQ3+LOrAycoh0AYSEOrFGXThBaEJIGv1fkpR04kRcjTsQqMSEB8u2ZL3nC6rgoSGvmVXYGwydYYMbdU4ske8vjhKzdGYdYSCnWKtSS1Id59pSVDCrKGHBYamwcxQM6ggrbsVd1E6grk/R5+3AoTTyBg8oeCZH4eO3TB7W11EGwh/nLwCmIUK52Wfb7j7P6g3/I5oXwgAAAA==[0m[Pipeline] withEnv
[8mha:////4AEf27hegrLWUYw4ksmroZrITdj2J0Walu6CLsfkwe/LAAAApx+LCAAAAAAAAP9tjTEOwjAUQ3+LOrAycoh0AgbE1DXKwglCE0La6P/yk9JOnIircQdaKjHhwbItWe/1hiIynIidaCy2HmPtRRd6NyUxELfXQINo6CJqwkjBCmUHRcZWS1WULCzKclhJWFusA0WPLsFGNvqhy6DRlefE03aUkHtzhydkciInzelbRobtrTeR8Mf5C4CxS5Dv9rMd5mfxATOXFRXCAAAA[0m[Pipeline] {
[8mha:////4HBWr0z4eKo023/5ZAJkm168rodUxbSH3ZAUjJNOg2GBAAAApB+LCAAAAAAAAP9tjTEOwjAQBC9BFLSUPOJSIZAQVVrLDS8wsTFOrDtjOyQVL+Jr/IFAJCq2WO1sM88XLFOEI0eLraHOUWocBt/baeHAsbt4HrDlMzZMib1BaQbJ2tQzSs4G5hQlLASsDDWekyObYS1adVeVV2SrU47TdxBQOn2DBxRiMmcV8xfGCJtrrxPTz/NXAGPIUG53n9qHNzN5Fy++AAAA[0m[Pipeline] echo
end
[8mha:////4AUPpWNvJOBn4jBeD9dpph9vjhW0i5pPliJ0nAJYTqW0AAAApB+LCAAAAAAAAP9tjTEOwjAQBC9BFLSUPOJSIYQQVVrLDS8wsTFOrDtjOyQVL+Jr/IFAJCq2WO1sM88XLFOEI0eLraHOUWocBt/baeHAsbt4HrDlMzZMib1BaQbJ2tQzSs4G5hQlLASsDDWekyObYS1adVeVV2SrU47TdxBQOn2DBxRiMmcV8xfGCJtrrxPTz/NXAGMIGcrt/lO7N8WCoj++AAAA[0m[Pipeline] }
[8mha:////4HVoDvJ8jhjl3UqJD9u6ENcl92g3+hlZ2ntuVnrs4WePAAAApB+LCAAAAAAAAP9tjTEOwjAQBC9BFLSUPOJCQxpEldZKwwtMbIwT687YDknFi/gaf8AiEhVbrHa2mdcb1jHAiYPBXtNgKXYWvRtNXjhxGK6OJ+z5gh1TZKex1VPLSjcLtpw0LClKWAnYaOocR0smwVb08iErJ8lU5xTydxRQWnWHJxQim5MM6QtzgN1tVJHp5/krgNn7BGW9z3WoPwb5Ql6+AAAA[0m[Pipeline] // withEnv
[8mha:////4NW904OUTUNy1PHSetCVY07mxCau3DK1wjCLXSiyQrLGAAAAph+LCAAAAAAAAP9tjTEOwjAQBC9BFLSUPOIiJISQUCpayw0vMIkxTqy7YDs4FS/ia/wBi0hUbLHa2WZeb1gGDzV7g52m3lJoLA5uNHlhYt9fHSfs+IINU2CnUeokudWnGSVHDXOKEhYCVpoax8GSibAWnXqoyiky1Tn6/B0FlLa9wxMKkc1R+fiFycPmNraB6ef5K4BpGCKU+22u3eED5Ta9a74AAAA=[0m[Pipeline] }
[8mha:////4N6oqZ02mQAvsZVUsX7EYqRERbQ8Z3/O8MqkjbaIVYA5AAAAph+LCAAAAAAAAP9tjTEOwjAQBC9BFLSUPOIiIQQFSkVrueEFJjHGiXUXbAen4kV8jT9gEYmKLVY728zrDcvgoWZvsNPUWwqNxcGNJi9M7Pur44QdX7BhCuw0Sp0kt/o0o+SoYU5RwkLASlPjOFgyEdaiUw9VOUWmOkefv6OA0rZ3eEIhsjkqH78wedjcxjYw/Tx/BTANQ4Ryv821O3wA2lmWfb4AAAA=[0m[Pipeline] // stage
[8mha:////4IpP3Ezoed+ydg74hwJVlpI9/pzGCjpYCEvanq5rr6IrAAAAqB+LCAAAAAAAAP9tjTEOwjAUQ3+LOrAycohUCKkLYuoaZeEEIQkhbfR/SVLaiRNxNe5AoBITHizbkvWeL6higCMFyzqDvcOoHBv8aHNiE4X+4mliHZ2ZIozkDRNmEqRNu1RBycCiooQVh7VB5Sk6tAk2vJN3WXuJtj6lkLcDh9LpGzyg4JmcZEjfMgfYXkcdCX+cvwCYhwTlrsnW7D/P6g3H9Gq8wgAAAA==[0m[Pipeline] stage
[8mha:////4BJN3Zqm5NJRyY43D9Kl9J3enPMt+sIVi/R6LI6g3oJ8AAAApx+LCAAAAAAAAP9tjTEOwjAUQ3+LOrAycoh0ALEgpq5RFk4QmhDSRv+Xn5R24kRcjTvQUokJD5ZtyXqvNxSR4UTsRGOx9RhrL7rQuymJgbi9BhpEQxdRE0YKVig7KDK2WqqiZGFRlsNKwtpiHSh6dAk2stEPXQaNrjwnnrajhNybOzwhkxM5aU7fMjJsb72JhD/OXwCMXYL8sJttPz+LD7KBoKTCAAAA[0m[Pipeline] { (Test)
[8mha:////4C3Qd48/VefdRD127iIyTGzARU0av/giv+z+P2n1GD0bAAAApx+LCAAAAAAAAP9tjTEOwjAUQ3+LOrAycoh0ARbE1DXKwglCE0La6P/yk9JOnIircQdaKjHhwbItWe/1hiIynIidaCy2HmPtRRd6NyUxELfXQINo6CJqwkjBCmUHRcZWS1WULCzKclhJWFusA0WPLsFGNvqhy6DRlefE03aUkHtzhydkciInzelbRobtrTeR8Mf5C4CxS5AfdrPt52fxAZRHx0bCAAAA[0m[Pipeline] parallel
[8mha:////4Pbw63+qIQwZUy3swrN2oBeYF1DbbPRjB0Zxwv5M4LHHAAAApx+LCAAAAAAAAP9tjTEOwjAUQ3+LOrAycoh0AiEhpq5RFk4QmhDSRv+Xn5R24kRcjTvQUokJD5ZtyXqvNxSR4UTsRGOx9RhrL7rQuymJgbi9BhpEQxdRE0YKVig7KDK2WqqiZGFRlsNKwtpiHSh6dAk2stEPXQaNrjwnnrajhNybOzwhkxM5aU7fMjJsb72JhD/OXwCMXYJ8v5vtMD+LD4qL1zvCAAAA[0m[Pipeline] { (Branch: Code Stability Tests)
[8mha:////4IR20wTsWSnW/WXt4SsYv4oWIUGLj8Oo6sHZn7pQrvSCAAAApx+LCAAAAAAAAP9tjTEOwjAUQ3+LOrAycoh0Agkhpq5RFk4QmhDSRv+Xn5R24kRcjTvQUokJD5ZtyXqvNxSR4UTsRGOx9RhrL7rQuymJgbi9BhpEQxdRE0YKVig7KDK2WqqiZGFRlsNKwtpiHSh6dAk2stEPXQaNrjwnnrajhNybOzwhkxM5aU7fMjJsb72JhD/OXwCMXYJ8v5vtMD+LDy9Yi/DCAAAA[0m[Pipeline] { (Branch: Code Quality Analysis Tests)
[8mha:////4EqKJs5xOSHXd0vC7bOlQ2oMKGOODDQbwMFn0gTNSZZSAAAAqB+LCAAAAAAAAP9tjTEOwjAUQ3+LOrAycoiUBRhQJ9aoCycITQhJo/9LkpJOnIircQcClZjwYNmWrPd8QRU8NOQ1swp7g6EzbHCjzokl8v3FUWKWzqwjDOQUa1VqSarjXFuKCmYVJSw4LBV2joJBHWHFrbiL2gnU9Sn6vB04lEbe4AEFz+QofPyWycP6OspA+OP8BcA0RCh322z7zedZvQFTAvNxwgAAAA==[0m[Pipeline] { (Branch: Code Coverage Tests)
[8mha:////4Jb0060FgqTDm13Yajw8qstP1kqAPruF2uoE3GvS+8fSAAAAqB+LCAAAAAAAAP9tjTEOwjAUQ3+LOrAycohULICEOrFGXThBaEJIGv1fkpR04kRcjTsQqMSEB8u2ZL3nC6rgoSGvmVXYGwydYYMbdU4ske8vjhKzdGYdYSCnWKtSS1Id59pSVDCrKGHBYamwcxQM6ggrbsVd1E6grk/R5+3AoTTyBg8oeCZH4eO3TB7W11EGwh/nLwCmIUK53WfbbT7P6g3xnDtxwgAAAA==[0m[Pipeline] stage
[8mha:////4F90jv9AtZeURWTDw9it0/gJXCATuDzH6aORuNRQS0z6AAAApx+LCAAAAAAAAP9tjTEOwjAUQ3+LOrAycohUsDAgpq5RFk4QmhDSRv+Xn5R24kRcjTvQUokJD5ZtyXqvNxSR4UTsRGOx9RhrL7rQuymJgbi9BhpEQxdRE0YKVig7KDK2WqqiZGFRlsNKwtpiHSh6dAk2stEPXQaNrjwnnrajhNybOzwhkxM5aU7fMjJsb72JhD/OXwCMXYL8sJttPz+LD7WcRxfCAAAA[0m[Pipeline] { (Code Stability Tests)
[8mha:////4GqgzePJNnOc2fFWvTvPDpAqP/NCc2tusgG9RbQ2vMNdAAAAqB+LCAAAAAAAAP9tjTEOwjAUQ3+LOrAycoh0QAIh1Ik16sIJQhNC0uj/kqSkEyfiatyBQCUmPFi2Jes9X1AFDw15zazC3mDoDBvcqHNiiXx/cZSYpTPrCAM5xVqVWpLqONeWooJZRQkLDkuFnaNgUEdYcSvuonYCdX2KPm8HDqWRN3hAwTM5Ch+/ZfKwvo4yEP44fwEwDRHK7T7bbvN5Vm864n39wgAAAA==[0m[Pipeline] stage
[8mha:////4LkJsW1E5em7DCP76rj1gqSu+XVKAfArDjstm/wPuauxAAAAqB+LCAAAAAAAAP9tjTEOwjAUQ3+LOrAycoh0AIkBMXWNsnCC0ISQNvq//KS0EyfiatyBlkpMeLBsS9Z7vaGIDCdiJxqLrcdYe9GF3k1JDMTtNdAgGrqImjBSsELZQZGx1VIVJQuLshxWEtYW60DRo0uwkY1+6DJodOU58bQdJeTe3OEJmZzISXP6lpFhe+tNJPxx/gJg7BLkh91s+/lZfABpxnKZwgAAAA==[0m[Pipeline] { (Code Quality Analysis Tests)
[8mha:////4PfsUdYbdi48+PqoQHzWWzuZ5ubmn15VWcWwuCLX94k8AAAApx+LCAAAAAAAAP9tjTEOwjAUQ3+LOrAycoiUBTEgpq5RFk4QmhDSRv+Xn5R24kRcjTvQUokJD5ZtyXqvNxSR4UTsRGOx9RhrL7rQuymJgbi9BhpEQxdRE0YKVig7KDK2WqqiZGFRlsNKwtpiHSh6dAk2stEPXQaNrjwnnrajhNybOzwhkxM5aU7fMjJsb72JhD/OXwCMXYL8sJttPz+LD81zzMvCAAAA[0m[Pipeline] stage
[8mha:////4OXDLaC2fOOt1y1BgtKPFklX7irtMGfGoEA7vhLzOwJGAAAApx+LCAAAAAAAAP9tjTEOwjAUQ3+LOrAycoh0AgbE1DXKwglCE0La6P/yk9JOnIircQdaKjHhwbItWe/1hiIynIidaCy2HmPtRRd6NyUxELfXQINo6CJqwkjBCmUHRcZWS1WULCzKclhJWFusA0WPLsFGNvqhy6DRlefE03aUkHtzhydkciInzelbRobtrTeR8Mf5C4CxS5AfdrPt52fxASGtDzzCAAAA[0m[Pipeline] { (Code Coverage Tests)
[8mha:////4JshDlJVc1VckEzdkLghe+7b3ZNeFUwfOao2uLc2pSauAAAApB+LCAAAAAAAAP9tjTEOwjAQBC9BFLSUPOIi0aRAVLRWGl5gEmPsWHeO7eBUvIiv8QcCkajYYrWzzTxfsI4Bjhw0WkW9odga9G7U88LMob86zmj5gi1TZKewUbnhTp0WbDgpWFKUsBKwUdQ6joZ0gq2w8i4rJ0lX5xTm7yCgNN0ADyjEbE4ypC9MAXa3sYtMP89fAUw+QVnvP1X7N0iZFru+AAAA[0m[Pipeline] tool
[8mha:////4FXxGIMULQ3gimuJH/QtEF4J4YXzJVtsBqRHZm4SuzbUAAAApR+LCAAAAAAAAP9tjTEOwjAQBC9BFLSUPOLSIIGEqNJabniBiY1xYt0Z2yGpeBFf4w8EIlGxxWpnm3m+YJkiHDlabA11jlLjMPjeTgsHjt3F84Atn7FhSuwNSjNI1qaeUXI2MKcoYSFgZajxnBzZDGvRqruqvCJbnXKcvoOA0ukbPKAQkzmrmL8wRthce52Yfp6/AhhDhnK3/dQ+vAG9sF5fvgAAAA==[0m[Pipeline] tool
[8mha:////4PLVXhiIFM+OtkiB3KIX5zu+McUXeELN/rgkA1ksSllKAAAApB+LCAAAAAAAAP9tjTEOwjAQBC9BFLSUPOLSgRCiSmu54QUmNsaJdWdsh6TiRXyNPxCIRMUWq51t5vmCZYpw5GixNdQ5So3D4Hs7LRw4dhfPA7Z8xoYpsTcozSBZm3pGydnAnKKEhYCVocZzcmQzrEWr7qryimx1ynH6DgJKp2/wgEJM5qxi/sIYYXPtdWL6ef4KYAwZyt32U/vwBtWQ2tG+AAAA[0m[Pipeline] tool
[8mha:////4AoRIMVjALmFzmsjUwMgglvSMRajaIrng1aBB3lVfsr3AAAApR+LCAAAAAAAAP9tjTEOwjAQBC9BFLSUPOKCaEBCqWgtN7zAJMY4se6C7eBUvIiv8QcsIlGxxWpnm3m9YRk81OwNdpp6S6GxOLjR5IWJfX91nLDjCzZMgZ1GqZPkVp9mlBw1zClKWAhYaWocB0smwlp06qEqp8hU5+jzdxRQ2vYOTyhENkfl4xcmD5vb2Aamn+evAKYhQrnf5Tpshw+ySAv/vgAAAA==[0m[Pipeline] envVarsForTool
[8mha:////4FjBuP6zx/G6kovLmlL+WhYqzW/2o2yGfVGJBLqHUZYwAAAAph+LCAAAAAAAAP9tjTEOwjAQBC9BFLSUPOIiJCSQUCpayw0vMIkxTqy7YDs4FS/ia/wBi0hUbLHa2WZeb1gGDzV7g52m3lJoLA5uNHlhYt9fHSfs+IINU2CnUeokudWnGSVHDXOKEhYCVpoax8GSibAWnXqoyiky1Tn6/B0FlLa9wxMKkc1R+fiFycPmNraB6ef5K4BpiFDud7kO2+EDyUzAhb4AAAA=[0m[Pipeline] envVarsForTool
[8mha:////4CwYOUwSdniqUQigVBZr7hokqtH2RfcdeHwHBeZO3aOUAAAAph+LCAAAAAAAAP9tjTEOwjAQBC9BFLSUPOIiUQASSkVrueEFJjHGiXUXbAen4kV8jT9gEYmKLVY728zrDcvgoWZvsNPUWwqNxcGNJi9M7Pur44QdX7BhCuw0Sp0kt/o0o+SoYU5RwkLASlPjOFgyEdaiUw9VOUWmOkefv6OA0rZ3eEIhsjkqH78wedjcxjYw/Tx/BTANEcr9LtdhO3wAIw5yOb4AAAA=[0m[Pipeline] envVarsForTool
[8mha:////4KDTmpis3c+qART4Mt/B62q0Z0UxykQD6olKCVJ3OMtqAAAAph+LCAAAAAAAAP9tjTEOwjAQBC9BFLSUPOIiQQESSkVrueEFJjHGiXUXbAen4kV8jT9gEYmKLVY728zrDcvgoWZvsNPUWwqNxcGNJi9M7Pur44QdX7BhCuw0Sp0kt/o0o+SoYU5RwkLASlPjOFgyEdaiUw9VOUWmOkefv6OA0rZ3eEIhsjkqH78wedjcxjYw/Tx/BTANEcr9NtdhN3wAcRsm1L4AAAA=[0m[Pipeline] tool
[8mha:////4NVpemX+5LCEakzf8iEyC16ZzrvEzl0XAzOO766fIRHNAAAApR+LCAAAAAAAAP9tjTEOwjAQBC9BFLSUPOLSRAIJUaW10vACExvjxLoztkNS8SK+xh+wiETFFqudbeb1hnUMcOJgsNc0WIqdRe9GkxdOHIar4wl7vmDHFNlpbPXUstLNgi0nDUuKElYCNpo6x9GSSbAVvXzIykky1TmF/B0FlFbd4QmFyOYkQ/rCHGB3G1Vk+nn+CmD2Ccp9netQ+w+MuLf4vgAAAA==[0m[Pipeline] tool
[8mha:////4OZE97eQyIkw6BwZlTiBW+63mPe4nE0cCuEh01U1/NUCAAAApR+LCAAAAAAAAP9tjTsOwjAQRDdBFLSUHGJT8ZFQKlrLDScwiTFOrN1gOzgVJ+Jq3AGLSFRMMZo3zXu9YRk81OwNdpp6S6GxOLjR5IWJfX91nLDjCzZMgZ1GqZPkVp9mlBw1zClKWAhYaWocB0smwlp06qEqp8hU5+jzdxRQ2vYOTyhENkfl4xcmD5vb2Aamn+evAKYhQrnf5Tpshw/kmDN2vgAAAA==[0m[Pipeline] tool
[8mha:////4LS8en+XaRTNOW8cbbyd/dcf3uG0efNNiXTG1tnSgD+/AAAApR+LCAAAAAAAAP9tjTEOwjAQBC9BFLSUPOLSIEBCqWgtN7zAJMY4se6C7eBUvIiv8QcsIlGxxWpnm3m9YRk81OwNdpp6S6GxOLjR5IWJfX91nLDjCzZMgZ1GqZPkVp9mlBw1zClKWAhYaWocB0smwlp06qEqp8hU5+jzdxRQ2vYOTyhENkfl4xcmD5vb2Aamn+evAKYhQrnf5jrshg8O2oHKvgAAAA==[0m[Pipeline] envVarsForTool
[8mha:////4GNyC4WxRnzFMS7+QIAvD0bHAYaA6VkibRfji2vOhbfgAAAApR+LCAAAAAAAAP9tjTEOwjAQBC9BFLSUPMKRaIKEqNJaaXiBiQ/jxLoztkNS8SK+xh+wiETFFqudbeb1hnUMcOJgRI80WIqdFd6NJi8xcRiujifR80V0TJEdihanljU2C7acEJYUJawkbJA6x9GSSbCVvXqoyiky1TmF/B0llFbf4QmFzOakQvrCHGB3G3Vk+nn+CmD2Ccp6n+tQ+w913kqwvgAAAA==[0m[Pipeline] envVarsForTool
[8mha:////4BsUM+VkOU66fXxXeJloJey3a/TbYLJfqoAe2mzP5nNqAAAApB+LCAAAAAAAAP9tjTEOwjAQBC9BFLSUPOLSQSREldZKwwtMbIwT687YDknFi/gaf8AiEhVbrHa2mdcb1jHAiYPBXtNgKXYWvRtNXjhxGK6OJ+z5gh1TZKex1VPLSjcLtpw0LClKWAnYaOocR0smwVb08iErJ8lU5xTydxRQWnWHJxQim5MM6QtzgN1tVJHp5/krgNknKA/7XHXtP6nmncO+AAAA[0m[Pipeline] envVarsForTool
[8mha:////4ByUIFGwgyMsZzDmCk8DW9eKKGNxMCvoFMeTdPgpcC0DAAAApR+LCAAAAAAAAP9tjTEOwjAQBC9BFLSUPOIi0QBCqWgtN7zAJMY4se6C7eBUvIiv8QcsIlGxxWpnm3m9YRk81OwNdpp6S6GxOLjR5IWJfX91nLDjCzZMgZ1GqZPkVp9mlBw1zClKWAhYaWocB0smwlp06qEqp8hU5+jzdxRQ2vYOTyhENkfl4xcmD5vb2Aamn+evAKYhQrnb5tofhg/788kuvgAAAA==[0m[Pipeline] tool
[8mha:////4P++Qt1e/e+oq4c4rTnzb2qg1ini4EVtcH9+9BO5QU/wAAAAph+LCAAAAAAAAP9tjTEOwjAQBC9BFLSUPOJCgYQQSkVrueEFJjHGiXUXbAen4kV8jT9gEYmKLVY728zrDcvgoWZvsNPUWwqNxcGNJi9M7Pur44QdX7BhCuw0Sp0kt/o0o+SoYU5RwkLASlPjOFgyEdaiUw9VOUWmOkefv6OA0rZ3eEIhsjkqH78wedjcxjYw/Tx/BTANEcr9LtdhO3wAvxcZnb4AAAA=[0m[Pipeline] tool
[8mha:////4GVn0gW8St+xi1lJsyL0653NRPszqpY/m8PfFBKc0i91AAAApR+LCAAAAAAAAP9tjTEOwjAQBC9BFLSUPOIiaBBCqWgtN7zAJMY4se6C7eBUvIiv8QcsIlGxxWpnm3m9YRk81OwNdpp6S6GxOLjR5IWJfX91nLDjCzZMgZ1GqZPkVp9mlBw1zClKWAhYaWocB0smwlp06qEqp8hU5+jzdxRQ2vYOTyhENkfl4xcmD5vb2Aamn+evAKYhQrnf5Tpshw/EE9LnvgAAAA==[0m[Pipeline] envVarsForTool
[8mha:////4Mdwd+brmHTiHMXjutIjK5/bcutEcG3cvwrNSCpwAMQHAAAAph+LCAAAAAAAAP9tjTEOwjAQBC9BFLSUPOIiISSEUCpayw0vMIkxTqy7YDs4FS/ia/wBi0hUbLHa2WZeb1gGDzV7g52m3lJoLA5uNHlhYt9fHSfs+IINU2CnUeokudWnGSVHDXOKEhYCVpoax8GSibAWnXqoyiky1Tn6/B0FlLa9wxMKkc1R+fiFycPmNraB6ef5K4BpiFDud7kO2+EDPXUvr74AAAA=[0m[Pipeline] envVarsForTool
[8mha:////4DonE7AIBylcA8Th/RhWt6yD9NsxMecUlSKTb7DjMlL8AAAAph+LCAAAAAAAAP9tjTEOwjAQBC9BFLSUPOJSIIEQSkVrueEFJjHGiXUXbAen4kV8jT9gEYmKLVY728zrDcvgoWZvsNPUWwqNxcGNJi9M7Pur44QdX7BhCuw0Sp0kt/o0o+SoYU5RwkLASlPjOFgyEdaiUw9VOUWmOkefv6OA0rZ3eEIhsjkqH78wedjcxjYw/Tx/BTANEcr9LtdhO3wAVVWrIb4AAAA=[0m[Pipeline] tool
[8mha:////4KGkiN4JUwqvMRm/he9g0SObCm7kBR+OHB6t/hJzKE1oAAAApR+LCAAAAAAAAP9tjTEOwjAQBC9BFLSUPOLSIBBCqWgtN7zAJMY4se6C7eBUvIiv8QcsIlGxxWpnm3m9YRk81OwNdpp6S6GxOLjR5IWJfX91nLDjCzZMgZ1GqZPkVp9mlBw1zClKWAhYaWocB0smwlp06qEqp8hU5+jzdxRQ2vYOTyhENkfl4xcmD5vb2Aamn+evAKYhQrnf5Tpshw+Sw+puvgAAAA==[0m[Pipeline] envVarsForTool
[8mha:////4JXf2jq0vYM8DKHd7i3BH2C+zYcfBVfVMthfnOxmJ7DtAAAAqB+LCAAAAAAAAP9tjUEKwjAURH8rXbh16SFSEEREunIbuvEEsYkxafi/JqnpyhN5Ne9gtODKWQwzA8N7vqAKHhrymlmFvcHQGTa4UefEEvn+4igxS2fWEQZyirUqtSTVca4tRQWzihIWHJYKO0fBoI6w4lbcRe0E6voUfd4OHEojb/CAgmdyFD5+y+RhfR1lIPxx/gJgGiKUu022/fbzrN5RsZ/DwgAAAA==[0m[Pipeline] withEnv
[8mha:////4BlIBn/sz8jwsP0PX7yAH2kgZhCcirqjCprDS46USIpBAAAApx+LCAAAAAAAAP9tjTEOwjAUQ3+LOrAycoh0Agkhpq5RFk4QmhDSRv+Xn5R24kRcjTvQUokJD5ZtyXqvNxSR4UTsRGOx9RhrL7rQuymJgbi9BhpEQxdRE0YKVig7KDK2WqqiZGFRlsNKwtpiHSh6dAk2stEPXQaNrjwnnrajhNybOzwhkxM5aU7fMjJsb72JhD/OXwCMXYL8sJttPz+LD2IFAYXCAAAA[0m[Pipeline] {
[8mha:////4Py1+/rDPahVuDqTEX1XrthWiziw1uXos25d+Q7kchXUAAAAqB+LCAAAAAAAAP9tjTEOwjAUQ3+LOrAycoh0QaoQYuoaZeEEIQkhbfR/SVLaiRNxNe5AoBITHizbkvWeL6higCMFyzqDvcOoHBv8aHNiE4X+4mliHZ2ZIozkDRNmEqRNu1RBycCiooQVh7VB5Sk6tAk2vJN3WXuJtj6lkLcDh9LpGzyg4JmcZEjfMgfYXkcdCX+cvwCYhwRls8u2bz7P6g0Z2uJmwgAAAA==[0m[Pipeline] withEnv
[8mha:////4MIWr0vMFVSfg4o8dJk9MD3tJ6RiN7ziIhJdM4GZ+0D3AAAAph+LCAAAAAAAAP9tjTEOwjAUQ3+LOrAycoh0BISYukZZOEFoQkgb/V9+UtqJE3E17kBLJSY8WLYl673eUESGE7ETjcXWY6y96ELvpiQG4vYaaBANXURNGClYoeygyNhqqYqShUVZDisJa4t1oOjRJdjIRj90GTS68px42o4Scm/u8IRMTuSkOX3LyLC99SYS/jh/ATB2CfLDbrb9/Cw+091n58IAAAA=[0m[Pipeline] {
[8mha:////4CmeGdGnx0vA6kEATkuYVUQ1bkjoPGR57k5ywXTNwi+JAAAApx+LCAAAAAAAAP9tjTEOwjAUQ3+LOrAycoh0A1WIqWuUhROEJIS00f8lSWknTsTVuAOBSkx4sGxL1nu+oIoBjhQs6wz2DqNybPCjzYlNFPqLp4l1dGaKMJI3TJhJkDbtUgUlA4uKElYc1gaVp+jQJtjwTt5l7SXa+pRC3g4cSqdv8ICCZ3KSIX3LHGB7HXUk/HH+AmAeEpT7Xbam+TyrN6gChATCAAAA[0m[Pipeline] withEnv
[8mha:////4HEQ8kgsIXZUcgR6EHmoebpeqXk44XMWh3EVv+gSxCtkAAAApx+LCAAAAAAAAP9tjbEOgjAURR8QBldHP6LgSIwTa8PiF9RSa6F5D9uHMPlF/pr/IEri5J3uucnNeb4gjwGOFKzoDPYOo3Zi8KNdmpgo9BdPk+joLDRhJG9EY6aGWlOv2BAbWJOkkEnYGNSeokPLsJWduqvCK7TFicOyHSSkrr3BAxK5mFkF/sIcYHcd20j48/wVwDwwpFXFkO3L8nPN3zgbWwvDAAAA[0m[Pipeline] {
[8mha:////4Ht9ERJ+5EplK9CGkPzAEPQ4W7BoCux408ro+JBkmQ7dAAAAph+LCAAAAAAAAP9tjbEOgjAURR8QB1dHP6LIYmIMk2vD4hdUWmuheQ/bhzD5Rf6a/2AjiZN3uucs5/WGVQxQU7CiM9g7jK0Tgx9temKi0F89TaKji2gJI3kjGjM1pM1pwYbYwLIsh0LC2mDrKTq0DBvZqYcqvUJbnjkkd5SQO32HJ2QylVkF/sIcYHsbdST8df4GYB4Y8sOeoah21fABT4oVQr8AAAA=[0m[Pipeline] sh
[8mha:////4PzxkCcsenoGu8kMF39VeMITPryumHz5/jobYj2i/RppAAAApR+LCAAAAAAAAP9tjTESgjAQRRcYC1tLDxHUSoexss3QeIJIYgxkdjFZhMoTeTXvYEZmrPzVf695rzcsYoAjBStag53D2DjR+8GmJ0YK3dXTKFq6iIYwkjeiNmNN2pxmrIkNzMtyKCQsDTaeokPLsJKteqjSK7TlmUNylYTc6Ts8IZOpzCrwF6YA69ugI+Gv8zcAU8+QH/YMxXaz6z++y7J8vwAAAA==[0m[Pipeline] sh
[8mha:////4Ne5UlbGSLySTmYfsWJ2Q2CWGZDQ9Xp/9dgij28CsPMKAAAApB+LCAAAAAAAAP9tjTEOwjAQBC+JKGgpeYQTRImo0lppeIGJjbFj3RnbIal4EV/jD1iJRMUWq51t5v2BTQxwpqCZVTgYjL1h3o06LzZRGG6OJmbpynrCSE6xTk0dSdWu2FFSsKYooeKwVdg7igZ1gh234ilqJ1DXlxTyd+JQGvmAFxQ8m5MIaYE5wP4+ykj48/wVwOwTVIemWfrov3eByk/AAAAA[0m[Pipeline] sh
+ echo Running unit tests
Running unit tests
+ echo Running unit tests
Running unit tests
[8mha:////4BQ76JAIGgQq/e6+WWw3qoPD81O5esBN8tFeIyRfrygtAAAApx+LCAAAAAAAAP9tjTEOwjAQBC+JKGgpeYQDEkJCERWtlYYXmNgYJ9ZdsC8kFS/ia/wBi0hUbLUzzbzesIgBjhSsaA12DmPjRO8Hm54YKXRXT6No6SIawkjeiNqMNWlzmrEmNjAvy6GQsDTYeIoOLcNKtuqhSq/QlmcOyVUScqfv8IRMpjKrwF+YAqxvg46Ev87fAEw9Q37YMxTbza7/AAp+Yj+/AAAA[0m[Pipeline] sh
+ echo Running integration tests
Running integration tests
[8mha:////4BS9tkp+qgZHsasC6amoFciU+XqJOY9gR6uSTaIdAMyxAAAAph+LCAAAAAAAAP9tjTEOwjAQBC+JKGgpeYQDBRIooqK10vACExvjxLoL9oWk4kV8jT9gEYmKrXammdcbFjHAkYIVrcHOYWyc6P1g0xMjhe7qaRQtXURDGMkbUZuxJm1OM9bEBuZlORQSlgYbT9GhZVjJVj1U6RXa8swhuUpC7vQdnpDJVGYV+AtTgPVt0JHw1/kbgKlnyA97hmK72fUfeV3zM78AAAA=[0m[Pipeline] sh
[8mha:////4IBa8Ax0COO3OCWYWfyqIQKo2VQMStGu+Kfw2ya5aQk+AAAApR+LCAAAAAAAAP9tjTESgjAURD8wFraWHiJgY+NY0WZoPEEkMSZk/o9JECpP5NW8gxmYsXKLnX3bvPcHNjHAmYJmVuFgMPaGeTfqvNhEYbg5mpilK+sJIznFOjV1JFW7YkdJwZqihIrDVmHvKBrUCXbciqeonUBdX1LI34lDaeQDXlDwbE4ipAXmAPv7KCPhz/NXALNPUB2aZumj/wIydb0ywAAAAA==[0m[Pipeline] sh
+ mvn surefire:test
+ mvn checkstyle:checkstyle
+ mvn cobertura:cobertura
[[1;34mINFO[m] Scanning for projects...
[[1;34mINFO[m] Scanning for projects...
[[1;34mINFO[m] Scanning for projects...
[[1;34mINFO[m] 
[[1;34mINFO[m] [1m--------------< [0;36mSpring3HibernateApp:Spring3HibernateApp[0;1m >---------------[m
[[1;34mINFO[m] [1mBuilding Spring3HibernateApp 1.8-SNAPSHOT[m
[[1;34mINFO[m] [1m--------------------------------[ war ]---------------------------------[m
[[1;34mINFO[m] 
[[1;34mINFO[m] [1m--------------< [0;36mSpring3HibernateApp:Spring3HibernateApp[0;1m >---------------[m
[[1;34mINFO[m] [1mBuilding Spring3HibernateApp 1.8-SNAPSHOT[m
[[1;34mINFO[m] [1m--------------------------------[ war ]---------------------------------[m
[[1;34mINFO[m] 
[[1;34mINFO[m] [1m>>> [0;32mcobertura-maven-plugin:2.5.1:cobertura[m [1m(default-cli)[0;1m > [0;1m[cobertura]test[m @ [36mSpring3HibernateApp[0;1m >>>[m
[[1;34mINFO[m] 
[[1;34mINFO[m] [1m--------------< [0;36mSpring3HibernateApp:Spring3HibernateApp[0;1m >---------------[m
[[1;34mINFO[m] [1mBuilding Spring3HibernateApp 1.8-SNAPSHOT[m
[[1;34mINFO[m] [1m--------------------------------[ war ]---------------------------------[m
[[1;33mWARNING[m] The artifact ehcache:ehcache:jar:1.2.3 has been relocated to net.sf.ehcache:ehcache:jar:1.2.3
[[1;33mWARNING[m] The artifact icu4j:icu4j:jar:2.6.1 has been relocated to com.ibm.icu:icu4j:jar:2.6.1
[[1;34mINFO[m] 
[[1;34mINFO[m] [1m--- [0;32mmaven-surefire-plugin:2.12.4:test[m [1m(default-cli)[m @ [36mSpring3HibernateApp[0;1m ---[m
[[1;33mWARNING[m] The artifact ehcache:ehcache:jar:1.2.3 has been relocated to net.sf.ehcache:ehcache:jar:1.2.3
[[1;33mWARNING[m] The artifact icu4j:icu4j:jar:2.6.1 has been relocated to com.ibm.icu:icu4j:jar:2.6.1
[[1;34mINFO[m] 
[[1;34mINFO[m] [1m--- [0;32mmaven-checkstyle-plugin:2.14:checkstyle[m [1m(default-cli)[m @ [36mSpring3HibernateApp[0;1m ---[m
[[1;33mWARNING[m] The artifact ehcache:ehcache:jar:1.2.3 has been relocated to net.sf.ehcache:ehcache:jar:1.2.3
[[1;33mWARNING[m] The artifact icu4j:icu4j:jar:2.6.1 has been relocated to com.ibm.icu:icu4j:jar:2.6.1
[[1;34mINFO[m] 
[[1;34mINFO[m] [1m--- [0;32mmaven-resources-plugin:2.6:resources[m [1m(default-resources)[m @ [36mSpring3HibernateApp[0;1m ---[m
[[1;34mINFO[m] Surefire report directory: /var/lib/jenkins/workspace/Assignment_04/target/surefire-reports
[[1;33mWARNING[m] Using platform encoding (UTF-8 actually) to copy filtered resources, i.e. build is platform dependent!
[[1;34mINFO[m] Copying 2 resources
[[1;34mINFO[m] 
[[1;34mINFO[m] [1m--- [0;32mmaven-compiler-plugin:2.3.2:compile[m [1m(default-compile)[m @ [36mSpring3HibernateApp[0;1m ---[m
[[1;34mINFO[m] Nothing to compile - all classes are up to date
[[1;34mINFO[m] 
[[1;34mINFO[m] [1m>>> [0;32mfindbugs-maven-plugin:3.0.5:check[m [1m(analyze-compile)[0;1m > [0;1m:findbugs[m @ [36mSpring3HibernateApp[0;1m >>>[m
[[1;34mINFO[m] 
[[1;34mINFO[m] [1m--- [0;32mfindbugs-maven-plugin:3.0.5:findbugs[m [1m(findbugs)[m @ [36mSpring3HibernateApp[0;1m ---[m

-------------------------------------------------------
 T E S T S
-------------------------------------------------------
Running com.sample.service.EmployeeServiceImplTest
[[1;33mWARNING[m] File encoding has not been set, using platform encoding UTF-8, i.e. build is platform dependent!
WARNING: An illegal reflective access operation has occurred
WARNING: Illegal reflective access by org.mockito.cglib.core.ReflectUtils$2 (file:/var/lib/jenkins/.m2/repository/org/mockito/mockito-all/1.9.5/mockito-all-1.9.5.jar) to method java.lang.ClassLoader.defineClass(java.lang.String,byte[],int,int,java.security.ProtectionDomain)
WARNING: Please consider reporting this to the maintainers of org.mockito.cglib.core.ReflectUtils$2
WARNING: Use --illegal-access=warn to enable warnings of further illegal reflective access operations
WARNING: All illegal access operations will be denied in a future release
Tests run: 2, Failures: 0, Errors: 0, Skipped: 0, Time elapsed: 0.777 sec
Running com.sample.bean.EmployeeBeanTest
Tests run: 1, Failures: 0, Errors: 0, Skipped: 0, Time elapsed: 0.023 sec

Results :

Tests run: 3, Failures: 0, Errors: 0, Skipped: 0

[[1;34mINFO[m] [1m------------------------------------------------------------------------[m
[[1;34mINFO[m] [1;32mBUILD SUCCESS[m
[[1;34mINFO[m] [1m------------------------------------------------------------------------[m
[[1;34mINFO[m] Total time:  4.965 s
[[1;34mINFO[m] Finished at: 2023-05-23T14:35:30Z
[[1;34mINFO[m] [1m------------------------------------------------------------------------[m
[8mha:////4Dlt30rqcRrYFxnlyjSGa1/dL2muXxdaFn2OSyh3MF2xAAAAph+LCAAAAAAAAP9tjTEOwjAQBC+JKGgpeYQDDQhFVLRWGl5gYmOcWHfBvpBUvIiv8QcsIlGx1c4083rDIgY4UrCiNdg5jI0TvR9semKk0F09jaKli2gII3kjajPWpM1pxprYwLwsh0LC0mDjKTq0DCvZqocqvUJbnjkkV0nInb7DEzKZyqwCf2EKsL4NOhL+On8DMPU9Q7Hd7Bnyw+4DHpkQYL8AAAA=[0m[Pipeline] }
[8mha:////4Om96zpdxS4Lwmm2KhKk+zhNHgnVCsb4VHc2+E3klz+FAAAAph+LCAAAAAAAAP9tjTEOwjAQBC+JKGgpeYQDBRIooqK10vACExvjxLoL9oWk4kV8jT9gEYmKrXammdcbFjHAkYIVrcHOYWyc6P1g0xMjhe7qaRQtXURDGMkbUZuxJm1OM9bEBuZlORQSlgYbT9GhZVjJVj1U6RXa8swhuUpC7vQdnpDJVGYV+AtTgPVt0JHw1/kbgKnvGYrtZs+QH3YfcXpPCL8AAAA=[0m[Pipeline] // withEnv
[8mha:////4EtNBXcAfR7kuS27eb51oi0FiqU99/PkPQHMN6IpZ2WcAAAAph+LCAAAAAAAAP9tjTEOwjAQBC+JKGgpeYQDNAhFVLRWGl5gYmOcWHfBvpBUvIiv8QcsIlGx1c4083rDIgY4UrCiNdg5jI0TvR9semKk0F09jaKli2gII3kjajPWpM1pxprYwLwsh0LC0mDjKTq0DCvZqocqvUJbnjkkV0nInb7DEzKZyqwCf2EKsL4NOhL+On8DMPU9Q7HdHBjy/e4D+RH0w78AAAA=[0m[Pipeline] }
[8mha:////4IrFHc/CIV22t4PXZKmWlBjL8oUmfMPVZnL5+1tJA1y1AAAApR+LCAAAAAAAAP9tjTESgjAQRRcYC1tLDxGksnCsbDM0niCSGAOZ3ZgshsoTeTXvICMzVv7qv9e81xtWKcKRohW9wcFh6pwIfrTzE5nicPWURU8X0REm8ka0JrekzWnBltjAsqKESsLaYOcpObQMG9mrh6q9QlufOc7uIKF0+g5PKORcZhX5C1OE7W3UifDX+RuAKQSGqml2DOW++QA/GoXbvwAAAA==[0m[Pipeline] // stage
[8mha:////4JR/hykYbLV/y9RWULgHdbylcxE+LI/MZon8dZ+892DyAAAAph+LCAAAAAAAAP9tjTEOwjAQBC+JKGgpeYSjNAgJUdFaaXiBiY1xYt0Z+4JT8SK+xh+IiETFVjvTzOsNqxThSNGK3uDgMHVOBD/a+YlMcbh6yqKni+gIE3kjWpNb0ua0YEtsYFlRQiVhbbDzlBxaho3s1UPVXqGtzxxnd5BQOn2HJxRyLrOK/IUpwvY26kT46/wNwBQCQ9U0DUO5238Af0AecL8AAAA=[0m[Pipeline] }
WARNING: An illegal reflective access operation has occurred
WARNING: Illegal reflective access by org.codehaus.groovy.reflection.CachedClass (file:/var/lib/jenkins/.m2/repository/org/codehaus/groovy/groovy/2.4.12/groovy-2.4.12.jar) to method java.lang.Object.finalize()
WARNING: Please consider reporting this to the maintainers of org.codehaus.groovy.reflection.CachedClass
WARNING: Use --illegal-access=warn to enable warnings of further illegal reflective access operations
WARNING: All illegal access operations will be denied in a future release
[[1;34mINFO[m] There are 813 checkstyle errors.
[[1;33mWARNING[m] Unable to locate Source XRef to link to - DISABLED
[[1;34mINFO[m] Fork Value is true
[[1;34mINFO[m] [1m------------------------------------------------------------------------[m
[[1;34mINFO[m] [1;32mBUILD SUCCESS[m
[[1;34mINFO[m] [1m------------------------------------------------------------------------[m
[[1;34mINFO[m] Total time:  6.815 s
[[1;34mINFO[m] Finished at: 2023-05-23T14:35:32Z
[[1;34mINFO[m] [1m------------------------------------------------------------------------[m
[8mha:////4M/XWwTnIVymeXczsSN5OMo8qvRFxPPOGARkEhAY+P3vAAAApR+LCAAAAAAAAP9tjTESgjAQRRcYC1tLDxEGKx2HyjZD4wliiDGQ2cVkESpP5NW8gxmZsfJX/73mvd6wigFqClZ0BnuHUTsx+NGmJyYK/dXTJDq6CE0YyRvRmKmh1pwWbIgNLMtyKCSsDWpP0aFl2MhOPVTpFdryzCG5o4TctXd4QiZTmVXgL8wBtrexjYS/zt8AzANDftgzFFW1Gz6JoXB9vwAAAA==[0m[Pipeline] recordIssues
[CheckStyle] Searching for all files in '/var/lib/jenkins/workspace/Assignment_04' that match the pattern '**/checkstyle-result.xml'
[CheckStyle] Traversing of symbolic links: enabled
[CheckStyle] -> found 1 file
[CheckStyle] Successfully parsed file /var/lib/jenkins/workspace/Assignment_04/target/checkstyle-result.xml
[CheckStyle] -> found 813 issues (skipped 0 duplicates)
[CheckStyle] Successfully processed file 'target/checkstyle-result.xml'
[CheckStyle] Post processing issues on 'Master' with source code encoding 'UTF-8'
[CheckStyle] Creating SCM blamer to obtain author and commit information for affected files
[CheckStyle] -> No blamer installed yet. You need to install the 'git-forensics' plugin to enable blaming for Git.
[CheckStyle] Resolving file names for all issues in workspace '/var/lib/jenkins/workspace/Assignment_04'
[CheckStyle] -> resolved paths in source directory (16 found, 0 not found)
[CheckStyle] Resolving module names from module definitions (build.xml, pom.xml, or Manifest.mf files)
[CheckStyle] -> resolved module names for 813 issues
[CheckStyle] Resolving package names (or namespaces) by parsing the affected files
[CheckStyle] -> resolved package names of 16 affected files
[CheckStyle] No filter has been set, publishing all 813 issues
[CheckStyle] Creating fingerprints for all affected code blocks to track issues over different builds
[CheckStyle] -> created fingerprints for 813 issues (skipped 0 issues)
[CheckStyle] Copying affected files to Jenkins' build folder '/var/lib/jenkins/jobs/Assignment_04/builds/31/files-with-issues'
[CheckStyle] -> 16 copied, 0 not in workspace, 0 not-found, 0 with I/O error
[CheckStyle] Repository miner is not configured, skipping repository mining
[CheckStyle] Searching for all files in '/var/lib/jenkins/workspace/Assignment_04' that match the pattern '**/checkstyle-result.xml'
[CheckStyle] Traversing of symbolic links: enabled
[CheckStyle] -> found 1 file
[CheckStyle] Successfully parsed file /var/lib/jenkins/workspace/Assignment_04/target/checkstyle-result.xml
[CheckStyle] -> found 813 issues (skipped 0 duplicates)
[CheckStyle] Successfully processed file 'target/checkstyle-result.xml'
[CheckStyle] Post processing issues on 'Master' with source code encoding 'UTF-8'
[CheckStyle] Creating SCM blamer to obtain author and commit information for affected files
[CheckStyle] -> No blamer installed yet. You need to install the 'git-forensics' plugin to enable blaming for Git.
[CheckStyle] Resolving file names for all issues in workspace '/var/lib/jenkins/workspace/Assignment_04'
[CheckStyle] -> resolved paths in source directory (16 found, 0 not found)
[CheckStyle] Resolving module names from module definitions (build.xml, pom.xml, or Manifest.mf files)
[CheckStyle] -> resolved module names for 813 issues
[CheckStyle] Resolving package names (or namespaces) by parsing the affected files
[CheckStyle] -> resolved package names of 16 affected files
[CheckStyle] No filter has been set, publishing all 813 issues
[CheckStyle] Creating fingerprints for all affected code blocks to track issues over different builds
[CheckStyle] -> created fingerprints for 813 issues (skipped 0 issues)
[CheckStyle] Searching for all files in '/var/lib/jenkins/workspace/Assignment_04' that match the pattern '**/checkstyle-result.xml'
[CheckStyle] Traversing of symbolic links: enabled
[CheckStyle] -> found 1 file
[CheckStyle] Successfully parsed file /var/lib/jenkins/workspace/Assignment_04/target/checkstyle-result.xml
[CheckStyle] -> found 813 issues (skipped 0 duplicates)
[CheckStyle] Successfully processed file 'target/checkstyle-result.xml'
[CheckStyle] Post processing issues on 'Master' with source code encoding 'UTF-8'
[CheckStyle] Creating SCM blamer to obtain author and commit information for affected files
[CheckStyle] -> No blamer installed yet. You need to install the 'git-forensics' plugin to enable blaming for Git.
[CheckStyle] Resolving file names for all issues in workspace '/var/lib/jenkins/workspace/Assignment_04'
[CheckStyle] -> resolved paths in source directory (16 found, 0 not found)
[CheckStyle] Resolving module names from module definitions (build.xml, pom.xml, or Manifest.mf files)
[CheckStyle] -> resolved module names for 813 issues
[CheckStyle] Resolving package names (or namespaces) by parsing the affected files
[CheckStyle] -> resolved package names of 16 affected files
[CheckStyle] No filter has been set, publishing all 813 issues
[CheckStyle] Creating fingerprints for all affected code blocks to track issues over different builds
[CheckStyle] -> created fingerprints for 813 issues (skipped 0 issues)
[CheckStyle] Copying affected files to Jenkins' build folder '/var/lib/jenkins/jobs/Assignment_04/builds/31/files-with-issues'
[CheckStyle] -> 16 copied, 0 not in workspace, 0 not-found, 0 with I/O error
[CheckStyle] Repository miner is not configured, skipping repository mining
[CheckStyle] Reference build recorder is not configured
[CheckStyle] Obtaining reference build from same job (Assignment_04)
[CheckStyle] Using reference build 'Assignment_04 #30' to compute new, fixed, and outstanding issues
[CheckStyle] Issues delta (vs. reference build): outstanding: 813, new: 0, fixed: 0
[CheckStyle] No quality gates have been set - skipping
[CheckStyle] Health report is disabled - skipping
[CheckStyle] Created analysis result for 813 issues (found 0 new issues, fixed 0 issues)
[CheckStyle] Attaching ResultAction with ID 'checkstyle' to build 'Assignment_04 #31'.
[Checks API] No suitable checks publisher found.
[8mha:////4HJwDr7ynFppe7Ni9DH+oRHrrZnNJCeVFbZ1yepi+jmTAAAAph+LCAAAAAAAAP9tjbEOgjAURR8QB1dHP6KEuGgMk2vD4hfUUmuheQ/bhzD5Rf6a/2AjiZN3uucs5/WGVQxQU7CiM9g7jNqJwY82PTFR6K+eJtHRRWjCSN6IxkwNtea0YENsYFmWQyFhbVB7ig4tw0Z26qFKr9CWZw7JHSXkrr3DEzKZyqwCf2EOsL2NbST8df4GYB4GhqKqdgz5Yf8Bu/1Our8AAAA=[0m[Pipeline] }
[8mha:////4FpY1n+J139ip7qJozDMk5U1c3ua67Ol1x1hsqF9SvcKAAAApx+LCAAAAAAAAP9tjbEOgjAURR8QB1dHP6KExMQYw+TasPgFtdRaaN7D9iFMfpG/5j/YSOLkne45y3m9YRUD1BSs6Az2DqN2YvCjTU9MFPqrp0l0dBGaMJI3ojFTQ605LdgQG1iW5VBIWBvUnqJDy7CRnXqo0iu05ZlDckcJuWvv8IRMpjKrwF+YA2xvYxsJf52/AZiHgaGoqh1Dfth/AJLQ9De/AAAA[0m[Pipeline] // withEnv
[8mha:////4IoLMsawC/MqWy/p/sK52HDP3FlyUwMwb2lFvW18WNyHAAAAph+LCAAAAAAAAP9tjbEOgjAURR8QB1dHP6KERONgmFwbFr+glloLzXvYPoTJL/LX/AcbSZy80z1nOa83rGKAmoIVncHeYdRODH606YmJQn/1NImOLkITRvJGNGZqqDWnBRtiA8uyHAoJa4PaU3RoGTayUw9VeoW2PHNI7ighd+0dnpDJVGYV+AtzgO1tbCPhr/M3APMwMBRVtWfID7sPA38i+78AAAA=[0m[Pipeline] }
[8mha:////4BTmQuhF0rtIshLabpa9eXXpsk+bkBeS4l834qS4ZuReAAAAph+LCAAAAAAAAP9tjbEOgjAURR8QB1dHP6KEmOhgmFwbFr+glloLzXvYPoTJL/LX/AcbSZy80z1nOa83rGKAmoIVncHeYdRODH606YmJQn/1NImOLkITRvJGNGZqqDWnBRtiA8uyHAoJa4PaU3RoGTayUw9VeoW2PHNI7ighd+0dnpDJVGYV+AtzgO1tbCPhr/M3APMwMBRVtWfID7sPDpjS478AAAA=[0m[Pipeline] // stage
[8mha:////4FCS0+uEDp97SLqJxkrWh+Noibge4Qh9vARi3VeMGDjVAAAAph+LCAAAAAAAAP9tjbEOgjAURR8QB1dHP6KERWMMk2vD4hfUUmuheQ/bhzD5Rf6a/2AjiZN3uucs5/WGVQxQU7CiM9g7jNqJwY82PTFR6K+eJtHRRWjCSN6IxkwNtea0YENsYFmWQyFhbVB7ig4tw0Z26qFKr9CWZw7JHSXkrr3DEzKZyqwCf2EOsL2NbST8df4GYB4GhqKq9gz57vAB9JNA0b8AAAA=[0m[Pipeline] }
     [java] WARNING: An illegal reflective access operation has occurred
     [java] WARNING: Illegal reflective access by org.dom4j.io.SAXContentHandler (file:/var/lib/jenkins/.m2/repository/dom4j/dom4j/1.6.1/dom4j-1.6.1.jar) to method com.sun.org.apache.xerces.internal.parsers.AbstractSAXParser$LocatorProxy.getEncoding()
     [java] WARNING: Please consider reporting this to the maintainers of org.dom4j.io.SAXContentHandler
     [java] WARNING: Use --illegal-access=warn to enable warnings of further illegal reflective access operations
     [java] WARNING: All illegal access operations will be denied in a future release
     [java] The following classes needed for analysis were missing:
     [java]   java.lang.Object
     [java]   java.io.Serializable
     [java]   java.io.File
     [java]   java.util.List
     [java]   java.util.Iterator
     [java]   java.lang.StringBuilder
     [java]   java.util.Properties
     [java]   java.io.InputStream
     [java]   java.io.IOException
     [java]   java.lang.Long
     [java]   java.lang.Integer
     [java]   java.util.HashMap
     [java]   java.util.Map
     [java]   java.util.ArrayList
     [java]   java.io.FileInputStream
     [java]   java.io.PrintStream
     [java]   java.lang.String
     [java]   java.io.OutputStream
     [java]   java.lang.NoSuchFieldError
     [java]   java.lang.UnsatisfiedLinkError
     [java]   java.lang.IllegalAccessError
     [java]   java.lang.NoSuchMethodError
     [java]   java.lang.NullPointerException
     [java]   java.lang.IncompatibleClassChangeError
     [java]   java.lang.AbstractMethodError
     [java]   java.lang.Error
     [java]   java.lang.RuntimeException
     [java]   java.lang.Throwable
     [java]   java.lang.NoClassDefFoundError
     [java]   java.lang.ClassFormatError
     [java]   java.lang.VerifyError
     [java]   java.lang.ExceptionInInitializerError
     [java]   java.lang.ClassCastException
     [java] Warnings generated: 5
     [java] Missing classes: 21
[[1;34mINFO[m] Done FindBugs Analysis....
[[1;34mINFO[m] 
[[1;34mINFO[m] [1m<<< [0;32mfindbugs-maven-plugin:3.0.5:check[m [1m(analyze-compile)[0;1m < [0;1m:findbugs[m @ [36mSpring3HibernateApp[0;1m <<<[m
[[1;34mINFO[m] 
[[1;34mINFO[m] 
[[1;34mINFO[m] [1m--- [0;32mfindbugs-maven-plugin:3.0.5:check[m [1m(analyze-compile)[m @ [36mSpring3HibernateApp[0;1m ---[m
[[1;34mINFO[m] BugInstance size is 5
[[1;34mINFO[m] Error size is 0
[[1;34mINFO[m] Total bugs: 5
[[1;34mINFO[m] The field name com.sample.bean.EmployeeBean.Name doesn't start with a lower case letter [com.sample.bean.EmployeeBean] In EmployeeBean.java NM_FIELD_NAMING_CONVENTION
[[1;34mINFO[m] The field name com.sample.bean.FileBean.Name doesn't start with a lower case letter [com.sample.bean.FileBean] In FileBean.java NM_FIELD_NAMING_CONVENTION
[[1;34mINFO[m] Relative path traversal in com.sample.servlet.DownloadServlet.doGet(HttpServletRequest, HttpServletResponse) [com.sample.servlet.DownloadServlet, com.sample.servlet.DownloadServlet] Value generated at DownloadServlet.java:[line 26]At DownloadServlet.java:[line 29] PT_RELATIVE_PATH_TRAVERSAL
[[1;34mINFO[m] com.sample.servlet.DownloadServlet is Serializable; consider declaring a serialVersionUID [com.sample.servlet.DownloadServlet] At DownloadServlet.java:[lines 21-87] SE_NO_SERIALVERSIONID
[[1;34mINFO[m] com.sample.servlet.FileUploadServlet is Serializable; consider declaring a serialVersionUID [com.sample.servlet.FileUploadServlet] At FileUploadServlet.java:[lines 25-89] SE_NO_SERIALVERSIONID
[[1;34mINFO[m] 


To see bug detail using the Findbugs GUI, use the following command "mvn findbugs:gui"



[[1;34mINFO[m] 
[[1;34mINFO[m] [1m--- [0;32mcobertura-maven-plugin:2.5.1:instrument[m [1m(default-cli)[m @ [36mSpring3HibernateApp[0;1m ---[m
[[1;34mINFO[m] Cobertura 1.9.4.1 - GNU GPL License (NO WARRANTY) - See COPYRIGHT file
Cobertura: Loaded information on 15 classes.
Instrumenting 15 files to /var/lib/jenkins/workspace/Assignment_04/target/generated-classes/cobertura
Cobertura: Saved information on 15 classes.
Instrument time: 208ms

[[1;34mINFO[m] Instrumentation was successful.
[[1;34mINFO[m] NOT adding cobertura ser file to attached artifacts list.
[[1;33mWARNING[m] The artifact ehcache:ehcache:jar:1.2.3 has been relocated to net.sf.ehcache:ehcache:jar:1.2.3
[[1;33mWARNING[m] The artifact icu4j:icu4j:jar:2.6.1 has been relocated to com.ibm.icu:icu4j:jar:2.6.1
[[1;34mINFO[m] 
[[1;34mINFO[m] [1m--- [0;32mmaven-resources-plugin:2.6:testResources[m [1m(default-testResources)[m @ [36mSpring3HibernateApp[0;1m ---[m
[[1;33mWARNING[m] Using platform encoding (UTF-8 actually) to copy filtered resources, i.e. build is platform dependent!
[[1;34mINFO[m] skip non existing resourceDirectory /var/lib/jenkins/workspace/Assignment_04/src/test/resources
[[1;34mINFO[m] 
[[1;34mINFO[m] [1m--- [0;32mmaven-compiler-plugin:2.3.2:testCompile[m [1m(default-testCompile)[m @ [36mSpring3HibernateApp[0;1m ---[m
[[1;34mINFO[m] Nothing to compile - all classes are up to date
[[1;34mINFO[m] 
[[1;34mINFO[m] [1m--- [0;32mmaven-surefire-plugin:2.12.4:test[m [1m(default-test)[m @ [36mSpring3HibernateApp[0;1m ---[m
[[1;34mINFO[m] Surefire report directory: /var/lib/jenkins/workspace/Assignment_04/target/surefire-reports

-------------------------------------------------------
 T E S T S
-------------------------------------------------------
Running com.sample.service.EmployeeServiceImplTest
WARNING: An illegal reflective access operation has occurred
WARNING: Illegal reflective access by org.mockito.cglib.core.ReflectUtils$2 (file:/var/lib/jenkins/.m2/repository/org/mockito/mockito-all/1.9.5/mockito-all-1.9.5.jar) to method java.lang.ClassLoader.defineClass(java.lang.String,byte[],int,int,java.security.ProtectionDomain)
WARNING: Please consider reporting this to the maintainers of org.mockito.cglib.core.ReflectUtils$2
WARNING: Use --illegal-access=warn to enable warnings of further illegal reflective access operations
WARNING: All illegal access operations will be denied in a future release
Tests run: 2, Failures: 0, Errors: 0, Skipped: 0, Time elapsed: 0.227 sec
Running com.sample.bean.EmployeeBeanTest
Tests run: 1, Failures: 0, Errors: 0, Skipped: 0, Time elapsed: 0 sec
Flushing results...
Flushing results done
Cobertura: Loaded information on 15 classes.
Cobertura: Saved information on 15 classes.

Results :

Tests run: 3, Failures: 0, Errors: 0, Skipped: 0

[[1;34mINFO[m] 
[[1;34mINFO[m] [1m<<< [0;32mcobertura-maven-plugin:2.5.1:cobertura[m [1m(default-cli)[0;1m < [0;1m[cobertura]test[m @ [36mSpring3HibernateApp[0;1m <<<[m
[[1;34mINFO[m] 
[[1;34mINFO[m] 
[[1;34mINFO[m] [1m--- [0;32mcobertura-maven-plugin:2.5.1:cobertura[m [1m(default-cli)[m @ [36mSpring3HibernateApp[0;1m ---[m
[[1;34mINFO[m] Cobertura 1.9.4.1 - GNU GPL License (NO WARRANTY) - See COPYRIGHT file
Cobertura: Loaded information on 15 classes.
Report time: 219ms

[[1;34mINFO[m] Cobertura Report generation was successful.
[[1;34mINFO[m] [1m------------------------------------------------------------------------[m
[[1;34mINFO[m] [1;32mBUILD SUCCESS[m
[[1;34mINFO[m] [1m------------------------------------------------------------------------[m
[[1;34mINFO[m] Total time:  13.894 s
[[1;34mINFO[m] Finished at: 2023-05-23T14:35:39Z
[[1;34mINFO[m] [1m------------------------------------------------------------------------[m
[8mha:////4DTD6wDfmm0PTs4M5eXF4VzMTlM5Vo5RWXoG5mm1vHLVAAAAph+LCAAAAAAAAP9tjTEOwjAQBC+JKGgpeYSTdEiIitZKwwtMbIwT6y7YF5KKF/E1/oAhEhVbrHa2mecLVjHAgYIVncHeYWydGPxo0xIThf7iaRIdnUVLGMkb0ZipIW2OCzbEBpZkORQS1gZbT9GhZdjITt1V6RXa8sQhfXsJudM3eEAmk5lV4C/MAbbXUUfCn+evAOZhYCjqevfpqnoD9xOj1MAAAAA=[0m[Pipeline] }
[8mha:////4DxhdfPjuSu5erNGtEcMervot7/x61KVipFTvgMtBKl5AAAApB+LCAAAAAAAAP9tjTEOwjAQBC+JKGgpeYSjlBGiorXc8AKTGOPEujP2haTiRXyNP2ARiYqtdqaZ1xs2KcKRohWDwdFh6pwIfrL5iZniePU0i4EuoiNM5I1QZlbUm9OKitjAuqKESsLWYOcpObQMOznoh669RlufOWZ3kFC6/g5PKGQus478hSXC/jb1ifDX+RuAJQSGqmlahrJtP0vu0my/AAAA[0m[Pipeline] // withEnv
[8mha:////4HznCC1y+QydhtnRmrMkgvZjpcqMNwcHe54VBvtXTm5DAAAAph+LCAAAAAAAAP9tjTESgjAQRRcYC1tLDxHUQgvGyjZD4wkiiTGQ2cVkESpP5NW8gxmZsfJX/73mvd6wiAGOFKxoDXYOY+NE7webnhgpdFdPo2jpIhrCSN6I2ow1aXOasSY2MC/LoZCwNNh4ig4tw0q26qFKr9CWZw7JVRJyp+/whEymMqvAX5gCrG+DjoS/zt8ATH3PUGx3G4b8sP8AAZUJdL8AAAA=[0m[Pipeline] }
[8mha:////4PTN7QbmbqBJo0acfmrhshLUDcknWo+iFWCRKff9a2FKAAAAph+LCAAAAAAAAP9tjbEOgjAURR8QB1dHP6IEE+NgmFwbFr+glloLzXvYPoTJL/LX/AcbSZy80z1nOa83rGKAmoIVncHeYdRODH606YmJQn/1NImOLkITRvJGNGZqqDWnBRtiA8uyHAoJa4PaU3RoGTayUw9VeoW2PHNI7ighd+0dnpDJVGYV+AtzgO1tbCPhr/M3APMwMBTVrmLID/sPHhdcJr8AAAA=[0m[Pipeline] // stage
[8mha:////4M2rlvekEa0nbap3PHk3AFEqtUvM8xXH/1SpBSeyp2wlAAAApR+LCAAAAAAAAP9tjTESgjAQRZcwFraWHiIojYVDZZuh8QQxxBjI7GKyCJUn8mreQUZmrPzVf695rzesUoSKopOtxc5jMl72YXDzkyPF7hpolC1dpCFMFKys7VhTY08L1sQWlmUCcgVriyZQ8ugYNqrVD10Eja44c5zdUYHwzR2ekKm5zDryF6YI29vQJMJf528Apr5nyPdlySAOuw8/kaLQvwAAAA==[0m[Pipeline] }
[8mha:////4JAiRQ/CjQugT3DS9gLf9oSR7MpgJ4zHdPEduz4LQGgcAAAAph+LCAAAAAAAAP9tjTEOwjAQBC+JKGgpeYQjQNBEVLRWGl5gYmOcWHfBvpBUvIiv8QcsIlGx1c4083rDIgY4UrCiNdg5jI0TvR9semKk0F09jaKli2gII3kjajPWpM1pxprYwLwsh0LC0mDjKTq0DCvZqocqvUJbnjkkV0nInb7DEzKZyqwCf2EKsL4NOhL+On8DMPU9Q7HZ7hjyw/4DVIePcr8AAAA=[0m[Pipeline] // parallel
[8mha:////4O2DLciYx4aM626CLnnvBGx0KYLuDx5wyMJjFqdVmqP2AAAAph+LCAAAAAAAAP9tjbEOgjAURR8lDq6OfkSJhrgYJteGxS+opdZC8x62D2Hyi/w1/0EiiZN3uucs5/WGVYpQUXSytdh5TMbLPgxufnKk2F0DjbKlizSEiYKVtR1rauxpwZrYwrJMQK5gbdEESh4dw0a1+qGLoNEVZ46zOyoQvrnDEzI1l1lH/sIUYXsbmkT46/wNwNT3DPluXzKIQ/kBeoeNGL8AAAA=[0m[Pipeline] }
[8mha:////4E76BjWDdAiWFIVMaQjKR3hCNvv/3O7vGvgPrYnUACN7AAAAph+LCAAAAAAAAP9tjTEOwjAQBC+JKGgpeYQjQNBEVLRWGl5gYmOcWHfBvpBUvIiv8QcsIlGx1c4083rDIgY4UrCiNdg5jI0TvR9semKk0F09jaKli2gII3kjajPWpM1pxprYwLwsh0LC0mDjKTq0DCvZqocqvUJbnjkkV0nInb7DEzKZyqwCf2EKsL4NOhL+On8DMPU9Q7HZ7hnyw+4DfMG1Tb8AAAA=[0m[Pipeline] // stage
[8mha:////4MFnGmqKJScjCQ95wLPGIQaR+bTeDIvgKV8LU5SSNFxXAAAAqB+LCAAAAAAAAP9tjbEOgjAURR8QBldHP6IEBxbjxNqw+AW11Fpo3sP2IUx+kb/mP4iSOHmne25yc54vyGOAIwUrOoO9w6idGPxolyYmCv3F0yQ6OgtNGMkb0ZipodbUKzbEBtYkKWQSNga1p+jQMmxlp+6q8AptceKwbAcJqWtv8IBELmZWgb8wB9hdxzYS/jx/BTAPDGlZMWTlvvpc8zcQpQpiwwAAAA==[0m[Pipeline] stage
[8mha:////4C3I4LIiebwLtoDF/10FiVkBTFBEARnF9uDNts74p3WhAAAAqB+LCAAAAAAAAP9tjTEOwjAUQ39bdWBl5BCpYIABdWKNunCCkISQNPq/JCntxIm4GnegtBITHizbkvVebyhjgJqCYU5jazFKyzrfmymxgUJ79TQwRxcmCSN5zRo9NKT0aakNJQ2LshwKDiuN0lO0aBKsuRMPUXmBpjqnMG1HDrlVd3hCxidyEiHNZQywufUqEv44fwEwdgmK7W4/++H7LT+6jidwxAAAAA==[0m[Pipeline] { (Report Generation )
[8mha:////4A1XsDnxbuFzA16q0wki7kATaCk4pOXfMNpadZxuqKOvAAAAph+LCAAAAAAAAP9tjTEOwjAQBC+JKGgpeYQjaEBCqWitNLzA2MbYse6C7eBUvIiv8QeiRKJii9XONvP+wCoGaCgY5jR2FqO0rPeDmRbLFLqbp8wcXZkkjOQ1a3VuSenzgi0lDUuKEioOa43SU7RoEmy4E09Re4GmvqQwfScOpVUPeEHBJ3MSIc0wBtjeBxUJf56/Ahj7BNVuf5j72H8BTa2Ji8AAAAA=[0m[Pipeline] tool
[8mha:////4DnZtK/0TN6wfrJnMMnYH8chh/lreUhyx79DnI2dc/lyAAAAph+LCAAAAAAAAP9tjTEOwjAQBC+JKGgpeYQjaBBCqWitNLzA2MbYse6C7eBUvIiv8QeiRKJii9XONvP+wCoGaCgY5jR2FqO0rPeDmRbLFLqbp8wcXZkkjOQ1a3VuSenzgi0lDUuKEioOa43SU7RoEmy4E09Re4GmvqQwfScOpVUPeEHBJ3MSIc0wBtjeBxUJf56/Ahj7BNVuf5j72H8BDJySksAAAAA=[0m[Pipeline] envVarsForTool
[8mha:////4Gw+8o0CIVI1rsxHCDThizu6sWtUiC8EPs8Avbb+Elj0AAAApx+LCAAAAAAAAP9tjT0SwiAUhF+SsbC19BDEn8LCsbJlaDwBAiIJ814EYlJ5Iq/mHUQzY+UWO/tt8z1fMIsBDhQsawy2DqNyrPO9zYsNFNqLp4E1dGaKMJI3TJhBkDbHCQUlA1OKEioOc4PKU3RoEyx4I++y9hJtfUohf3sOpdM3eEDBsznJkL4wBlheex0Jf56/Ahi7BNV6s/v0dtW9AXJNkkLAAAAA[0m[Pipeline] tool
[8mha:////4P8bnINsEp034mv8vhuzPpYO/kzlp09TQtF5pksK7ygKAAAAph+LCAAAAAAAAP9tjTESwiAURH+SsbC19BBkooWFY2XL0HgCBEQS5v8IRFJ5Iq/mHYxmxsotdvZt854vWMQABwqWtQY7h1E51vvBTotlCt3FU2YtnZkijOQNEyYL0uY4o6BkYE5RQsVhaVB5ig5tghVv5V3WXqKtTylM355D6fQNHlDwyZxkSF8YA6yvg46EP89fAYx9gqrZ7D69bfo3M3yJW8AAAAA=[0m[Pipeline] envVarsForTool
[8mha:////4PVop9uxKVHhajlah8XjKLvE49PwsT5TEhmWkQopzujdAAAAph+LCAAAAAAAAP9tjTEOwjAQBC+JKGgpeYQjQkGBqGitNLzAJMbYse6MfSGpeBFf4w8EIlGxxWpnm3m+YJEiHCga4TR2FlNjRfC9mZYYKHYXT4NwdBYNYSKvRa2Hmlp9nLEm1jAny6GQsNTYeEoWDcNKOnVXpVdoyhPH6dtLyG17gwdkcjKzivyFMcL62reJ8Of5K4AxMBSbavfpbRXe8C+kcMAAAAA=[0m[Pipeline] tool
[8mha:////4LpEJytLsvoQd8wN+bXl6YHmu+/LKPXp4UiQJoaEHD/8AAAAph+LCAAAAAAAAP9tjTEOwjAQBC+JKGgpeYQjSEGBqGitNLzAJMbYse6MfSGpeBFf4w8EIlGxxWpnm3m+YJEiHCga4TR2FlNjRfC9mZYYKHYXT4NwdBYNYSKvRa2Hmlp9nLEm1jAny6GQsNTYeEoWDcNKOnVXpVdoyhPH6dtLyG17gwdkcjKzivyFMcL62reJ8Of5K4AxMBSb7e7TVRXesR6/acAAAAA=[0m[Pipeline] envVarsForTool
[8mha:////4KXjwrszGdy2CNTrwEKxWCKo6Nw2yyXdnKd3+qk9evczAAAAqh+LCAAAAAAAAP9tjT0OwjAUg19bdWBl5BCp+JEYEBNrlIUThDSEtNF7JUlJJ07E1bgDLZWY8GDZlqzv9YYyeDiSN6zR2FoMyrLO9WZMLJFvr44Sa+jCFGEgp5nQSVCtT3MVFDXMynIoOCw0KkfBoomw5I18yMpJNNU5+nE7cMhtfYcnZHwkR+njtwweVre+DoQ/zl8ADF2EYr3ZT77dTd/yA8+7YcvEAAAA[0m[Pipeline] withEnv
[8mha:////4DESHjfOlktVzI9VIoAu+F2FGNDCWK9cDhl+/1u/6J8mAAAAqB+LCAAAAAAAAP9tjTEOwjAUQ39bdWBl5BCpEDChTqxRF04QkhCSRv+XJKWdOBFX4w6UVmLCg2Vbst7rDWUMUFMwzGlsLUZpWed7MyU2UGivngbm6MIkYSSvWaOHhpQ+LbWhpGFRlkPBYaVReooWTYI1d+IhKi/QVOcUpu3IIbfqDk/I+EROIqS5jAE2t15Fwh/nLwDGLkGx3e1nP3y/5QcfYzWqxAAAAA==[0m[Pipeline] {
[8mha:////4C6DrhfvMBV+IQbVPW5lFjfRTQ7fNDRUcrjPivz6SuPjAAAAph+LCAAAAAAAAP9tjTEOwjAQBC+JKGgpeYQjhKBBqWitNLzA2MbYse6C7eBUvIiv8QeiRKJii9XONvP+wCoGaCgY5jR2FqO0rPeDmRbLFLqbp8wcXZkkjOQ1a3VuSenzgi0lDUuKEioOa43SU7RoEmy4E09Re4GmvqQwfScOpVUPeEHBJ3MSIc0wBtjeBxUJf56/Ahj7BNVuf5j72H8ByvmWQcAAAAA=[0m[Pipeline] echo
Generating Report
[8mha:////4Akhu4AOgVTFedRbyoD8hrpdIlZqJtosLyeUDMiO/Ur7AAAAph+LCAAAAAAAAP9tjTEOwjAQBC+JKGgpeYQjhBAFSkVrpeEFxjbGjnUXbAen4kV8jT8QJRIVW6x2tpn3B1YxQEPBMKexsxilZb0fzLRYptDdPGXm6MokYSSvWatzS0qfF2wpaVhSlFBxWGuUnqJFk2DDnXiK2gs09SWF6TtxKK16wAsKPpmTCGmGMcD2PqhI+PP8FcDYJ6h2+8Pcx/4Li8iNWMAAAAA=[0m[Pipeline] sh
+ mvn checkstyle:checkstyle
[8mha:////4MNY/VSj79zY7j4r3dQ5yH/sUd1NFSrt8A2wn+MXKuLOAAAAph+LCAAAAAAAAP9tjbEKwjAURV9bHFwd/YgUEUGQTq6hi18QkxiThvdqkppOfpG/5j9YWnDyDpd77nLeH1jFAA0Fw5zGzmKUlvV+MNNimUJ385SZoyuThJG8Zq3OLSl9XrClpGFJUULFYa1ReooWTYINd+Ipai/Q1JcUpu/EobTqAS8o+GROIqQZxgDb+6Ai4c/zVwBjn6Da7Q9zH/svRNQV38AAAAA=[0m[Pipeline] sh
+ mvn cobertura:cobertura
WARNING: An illegal reflective access operation has occurred
WARNING: Illegal reflective access by org.codehaus.groovy.reflection.CachedClass (file:/var/lib/jenkins/.m2/repository/org/codehaus/groovy/groovy/2.4.12/groovy-2.4.12.jar) to method java.lang.Object.finalize()
WARNING: Please consider reporting this to the maintainers of org.codehaus.groovy.reflection.CachedClass
WARNING: Use --illegal-access=warn to enable warnings of further illegal reflective access operations
WARNING: All illegal access operations will be denied in a future release
[8mha:////4BmwbFKRafuoA0basHyzjnPXGSd4mCmSA398JN0saqK3AAAAph+LCAAAAAAAAP9tjTEOwjAQBC+JKGgpeYQjhCgQSkVrpeEFxjbGjnUXbAen4kV8jT8QJRIVW6x2tpn3B1YxQEPBMKexsxilZb0fzLRYptDdPGXm6MokYSSvWatzS0qfF2wpaVhSlFBxWGuUnqJFk2DDnXiK2gs09SWF6TtxKK16wAsKPpmTCGmGMcD2PqhI+PP8FcDY9wmq3f449+ELcri2a8AAAAA=[0m[Pipeline] }
[8mha:////4P//GES9LweEaXhngJQaaWN1ZgqosJzKVfvqh9zILaUCAAAAph+LCAAAAAAAAP9tjTEOwjAQBC+JKGgpeYQDIh2iorXS8AKTGGPHujP2haTiRXyNPxCIRMUWq51t5vmCRYpwoGiE09hZTI0VwfdmWmKg2F08DcLRWTSEibwWtR5qavVxxppYw5wsh0LCUmPjKVk0DCvp1F2VXqEpTxynby8ht+0NHpDJycwq8hfGCOtr3ybCn+evAMYQGIpttfn0rnoDLsTsg8AAAAA=[0m[Pipeline] // withEnv
[8mha:////4Enn8wRzSBVO35hDR3ZcTBzsq5mtOZtU3I8S3pDGrQqXAAAApx+LCAAAAAAAAP9tjTEOwjAQBC+JKGgpeYSjICQKREVrueEFxjbGiXUXbAen4kV8jT8QiETFFqudbeb5gkUMcKBgWWuwcxiVY70f7LRYptBdPGXW0pkpwkjeMGGyIG2OMwpKBuYUJVQclgaVp+jQJljxVt5l7SXa+pTC9O05lE7f4AEFn8xJhvSFMcD6OuhI+PP8FcDY9wmqZtt8erN7A2GviaXAAAAA[0m[Pipeline] }
[8mha:////4I8GTCxyvIbzN5j6o84OxJ4i3KwIx5xCeyoe4aofLlG6AAAAph+LCAAAAAAAAP9tjTEOwjAQBC+JKGgpeYQjIkSDqGitNLzAJMbYse6MfSGpeBFf4w8EIlGxxWpnm3m+YJEiHCga4TR2FlNjRfC9mZYYKHYXT4NwdBYNYSKvRa2Hmlp9nLEm1jAny6GQsNTYeEoWDcNKOnVXpVdoyhPH6dtLyG17gwdkcjKzivyFMcL62reJ8Of5K4AxBIZis60+Xe3eaoVm48AAAAA=[0m[Pipeline] // stage
[8mha:////4MjFY9gZSy/wxF1davijzSkha2oLIq2tGcTCIWTylTHyAAAAqR+LCAAAAAAAAP9tjbEOgjAURR8QBldHP6KEaFwMk2vTxS+oUGuheQ/bhzD5Rf6a/yBK4uSd7rnJzXm+II8BKgpWtAY7h7F2oveDnZsYKXQXT6No6SxqwkjeCGVGRY05LqiIDSxJUsgkrAzWnqJDy7CWrb7rwmu0xYnDvB0kpK65wQMSOZtZB/7CFGBzHZpI+PP8FcDUM6TlniErd9vPNX8DmQEXUcMAAAA=[0m[Pipeline] stage
[8mha:////4LQY8Gmz6uQ9FpC7SwVgr5TTkGkhZSZ4EfiORcQX2ihvAAAAqB+LCAAAAAAAAP9tjbEOgjAYhH8gDK6OPkSJkc04sTYsPkEttRaa/8e2WCafyFfzHayQOHnD5e6Sy/d6Q+kdnMhp1iscDHpp2GgnnRKL5Iarpch6ujBJ6Mkq1qrYUqeatbYUFKzKcig4bBRKS96gDrDlvXiIygrU1Tm4tB055Ka7wxMynshBuLCU2cHuNnWe8Mf5C4B5DFDs68Pi9fdbfgDjYSWtxAAAAA==[0m[Pipeline] { (Artifact archieve)
[8mha:////4JWVwnMo29jHFJxNmzdRqy4q2ZsipPyjVxfXj46As6/OAAAApR+LCAAAAAAAAP9tjbEOgjAURR8QB1dHP+IRE5yME2vTxS+opdZC8x62RZj8In/Nf5BA4uQdbu65y3l/YBMDnDlYbA11jqJ22PvBzgtHDt3N84gtX1EzRfYGpRklN6ZeUXIysCbLoRCwNaQ9R0c2wU606qlKr8iWlxTm7yQgd80DXpCJ2ZxUSAtMAfb3oYlMP89fAUx9guJQVUsf+y/b0T/HwAAAAA==[0m[Pipeline] tool
[8mha:////4HY13SORLSNRdqP8PU6roQa0OcY/WPhN/OmXAaBxHMtaAAAAph+LCAAAAAAAAP9tjbEOgjAURR8QB1dHP+IRE+JinFibLn5BLbUWmvewLcLkF/lr/oMEEifvcHPPXc77A5sY4MzBYmuocxS1w94Pdl44cuhunkds+YqaKbI3KM0ouTH1ipKTgTVZDoWArSHtOTqyCXaiVU9VekW2vKQwfycBuWse8IJMzOakQlpgCrC/D01k+nn+CmDqExSHqlr62H8BGIIS7MAAAAA=[0m[Pipeline] envVarsForTool
[8mha:////4BnaEURV7vXtAwbgKSYX3iUMYdcE0m3L0/shsR8OE4uzAAAAph+LCAAAAAAAAP9tjbEOgjAURR8QB1dHP+IRExIH48TadPELaqm10LyHbREmv8hf8x8kkDh5h5t77nLeH9jEAGcOFltDnaOoHfZ+sPPCkUN38zxiy1fUTJG9QWlGyY2pV5ScDKzJcigEbA1pz9GRTbATrXqq0iuy5SWF+TsJyF3zgBdkYjYnFdICU4D9fWgi08/zVwBTn6A4VNXSx/4LWbMJ9cAAAAA=[0m[Pipeline] tool
[8mha:////4PWIPqRrlg7OdeRIwYWTbuaWQen2DAR58QfwrND39HOMAAAAph+LCAAAAAAAAP9tjbEOgjAURR8QB1dHP+IREwYT48TadPELaqm10LyHbREmv8hf8x8kkDh5h5t77nLeH9jEAGcOFltDnaOoHfZ+sPPCkUN38zxiy1fUTJG9QWlGyY2pV5ScDKzJcigEbA1pz9GRTbATrXqq0iuy5SWF+TsJyF3zgBdkYjYnFdICU4D9fWgi08/zVwBTn6A4VNXSx/4Llq+RcsAAAAA=[0m[Pipeline] envVarsForTool
[8mha:////4BeIwreiGZmlQZ+uEsHIEeaguD9Dpa4nbRLzDqkzr82tAAAAph+LCAAAAAAAAP9tjbEOgjAURR8QB1dHP+IRExZjnFibLn5BLbUWmvewLcLkF/lr/oMEEifvcHPPXc77A5sY4MzBYmuocxS1w94Pdl44cuhunkds+YqaKbI3KM0ouTH1ipKTgTVZDoWArSHtOTqyCXaiVU9VekW2vKQwfycBuWse8IJMzOakQlpgCrC/D01k+nn+CmDqExSHqlr62H8B156Ka8AAAAA=[0m[Pipeline] tool
[8mha:////4I8Ob35PSuB3wj+b555nHtPwevvKgmKUvzPefs1A55JVAAAAph+LCAAAAAAAAP9tjTEOwjAQBC+JKGgpeYQDUqgQFa2VhheYxBg71p2xLyQVL+Jr/IFAJCq2WO1sM88XLFKEA0UjnMbOYmqsCL430xIDxe7iaRCOzqIhTOS1qPVQU6uPM9bEGuZkORQSlhobT8miYVhJp+6q9ApNeeI4fXsJuW1v8IBMTmZWkb8wRlhf+zYR/jx/BTAGhmJbVZ/ebcIbqU+Ku8AAAAA=[0m[Pipeline] envVarsForTool
[8mha:////4Eiu0mu70l6KaWErwCI+a7kqLA2LO/+ePDw8N6tJfB5XAAAAqR+LCAAAAAAAAP9tjbEOgjAYhH8gDK6OPkQJCU7GybVh8QlqW2uh+X9si2XyiXw130GQxMkbLneXXL7XG8rg4UjesE5jbzFIywY3mjmxRL6/OkqsowuThIGcZq1OLSl9WmtLUcOqLIeCw0ajdBQsmghb3omHqJxAU52jn7cDh9yqOzwh4zM5Ch+/ZfKwu40qEP44fwEwDRGKumkW39fLt/wAaxIHL8QAAAA=[0m[Pipeline] withEnv
[8mha:////4DjcfepXw+lqrGmQ2k8ErNtIdU3TKWj62kliyTFrCMHbAAAAqB+LCAAAAAAAAP9tjbEOgjAYhH8gDK6OPkQJJk7GibVh8QlqqbXQ/D+2xTL5RL6a72CFxMkbLneXXL7XG0rv4EROs17hYNBLw0Y76ZRYJDdcLUXW04VJQk9WsVbFljrVrLWloGBVlkPBYaNQWvIGdYAt78VDVFagrs7Bpe3IITfdHZ6Q8UQOwoWlzA52t6nzhD/OXwDMY4CiPtSL77/f8gNQzqbsxAAAAA==[0m[Pipeline] {
[8mha:////4NP5hADO+ehK8NpapLFvpZZKHBs0k7tNB4hZ3Oyfm8LPAAAApR+LCAAAAAAAAP9tjTEOwjAQBC+JKGgpeYQjQFQoFa2VhhcY2xg71l2wHZyKF/E1/kCUSFRssdrZZt4fWMUADQXDnMbOYpSW9X4w02KZQnfzlJmjK5OEkbxmrc4tKX1esKWkYUlRQsVhrVF6ihZNgg134ilqL9DUlxSm78ShtOoBLyj4ZE4ipBnGANv7oCLhz/NXAGOfoNod93Mf+i+uAbNBwAAAAA==[0m[Pipeline] archiveArtifacts
Archiving artifacts
‘archiveArtifacts artifacts: 'target/*.war’ doesn’t match anything: even ‘archiveArtifacts artifacts: 'target’ doesn’t exist
[8mha:////4KvGZetY6NJifVjU81wfEe8q9RK/EmIYEczdcqBjtZBEAAAApR+LCAAAAAAAAP9tjTEOwjAQBC+JKGgpeYQjEFQoFa2VhhcY2xg71l2wHZyKF/E1/kCUSFRssdrZZt4fWMUADQXDnMbOYpSW9X4w02KZQnfzlJmjK5OEkbxmrc4tKX1esKWkYUlRQsVhrVF6ihZNgg134ilqL9DUlxSm78ShtOoBLyj4ZE4ipBnGANv7oCLhz/NXAGPfJ6h2x8Pc+y8Q4jAEwAAAAA==[0m[Pipeline] }
[8mha:////4JYNJliSIrkJwaJRqUoQbX85+CjOVl2i4Q2bFDvF7yjhAAAApR+LCAAAAAAAAP9tjTESgjAQRRcYC1tLDxGGgsqxss3QeIIYYgxkdkOyCJUn8mreQQZmrPzFn/9+894f2KUIZ4pWdAZ7h0k7EfxolyUmiv3d0yQ6uglNmMgb0ZipodZcNmyIDWzJcigk7A1qT8mhZTjITj1V6RXa8spx+U4SctcO8IJMLmZWkVeYIxwfY5sIf56/AphDYCiqul67+gIeuE47wAAAAA==[0m[Pipeline] // withEnv
[8mha:////4PHrSqfgoYfvmoCPpphtZrTNO8+y/sMAx4lZB6hz5qb1AAAAph+LCAAAAAAAAP9tjTEOwjAQBC+JKGgpeYQjpECDqGitNLzAJMbYse6MfSGpeBFf4w8EIlGxxWpnm3m+YJEiHCga4TR2FlNjRfC9mZYYKHYXT4NwdBYNYSKvRa2Hmlp9nLEm1jAny6GQsNTYeEoWDcNKOnVXpVdoyhPH6dtLyG17gwdkcjKzivyFMcL62reJ8Of5K4AxBIZis919uqreTWfXY8AAAAA=[0m[Pipeline] }
[8mha:////4J48mrI95xzQC7rSj0y3WYx/js+WEw+dBbSJ5kxh+FABAAAApx+LCAAAAAAAAP9tjTEOwjAQBC+JKGgpeYQjBIgCUdFabniBsY1xYt0F2yGpeBFf4w8YIlGxxWpnm3m+YBYDHChY1hhsHUblWOd7mxcbKLQXTwNr6MwUYSRvmDCDIG2OEwpKBqYUJVQc5gaVp+jQJljwRt5l7SXa+pRC/vYcSqdv8ICCZ3OSIX1hDLC89joS/jx/BTB2XYJqtd19erN+A1r5xFvAAAAA[0m[Pipeline] // stage
[8mha:////4GSYLLrjX/ta127HMO8ippgWIvKktwAfr+lt5CC6W6hOAAAAqR+LCAAAAAAAAP9tjbEOgjAURR8QBldHP6KEQWNimFybLn5BhVoLzXvYPoTJL/LX/AdREifvdM9Nbs7zBXkMUFGwojXYOYy1E70f7NzESKG7eBpFS2dRE0byRigzKmrMcUFFbGBJkkImYWWw9hQdWoa1bPVdF16jLU4c5u0gIXXNDR6QyNnMOvAXpgCb69BEwp/nrwCmniEtdwxZud1/rvkb7vqnncMAAAA=[0m[Pipeline] stage
[8mha:////4A4q0N+g3Cmq8FJ/vN6QESPYDCSGEg4wgEy1JUAMwLvvAAAAqR+LCAAAAAAAAP9tjTEOwjAUQ39bdWBl5BCpGJBAqBNr1IUThCSEpNH/JUlpJ07E1bgDpZWY8GDZlqz3ekMZA9QUDHMaW4tRWtb53kyJDRTaq6eBObowSRjJa9booSGlT0ttKGlYlOVQcFhplJ6iRZNgzZ14iMoLNNU5hWk7csitusMTMj6RkwhpLmOAza1XkfDH+QuAsUtQbHf72Q/fb/kBAgTIG8QAAAA=[0m[Pipeline] { (Slack Notification)
Stage "Slack Notification" skipped due to earlier failure(s)
[8mha:////4GhpmISfb4zVa2ZRiwbL13WfGQ7YxQGBYSFLSv6kaG7yAAAApx+LCAAAAAAAAP9tjTEOwjAQBC+JKGgpeYQDBUgIUdFabniBsY1xYt0F2yGpeBFf4w8YIlGxxWpnm3m+YBYDHChY1hhsHUblWOd7mxcbKLQXTwNr6MwUYSRvmDCDIG2OEwpKBqYUJVQc5gaVp+jQJljwRt5l7SXa+pRC/vYcSqdv8ICCZ3OSIX1hDLC89joS/jx/BTB2XYJqvV19erN7A2gYIunAAAAA[0m[Pipeline] }
[8mha:////4MZ6TtkL2YL02WM7+3AdsNcgIsC9PaRYk3iqGipIrDbmAAAApx+LCAAAAAAAAP9tjTEOwjAQBC+JKGgpeYSjFCAkREVrueEFxjbGiXUXbAen4kV8jT8QiETFFqudbeb5gkUMcKBgWWuwcxiVY70f7LRYptBdPGXW0pkpwkjeMGGyIG2OMwpKBuYUJVQclgaVp+jQJljxVt5l7SXa+pTC9O05lE7f4AEFn8xJhvSFMcD6OuhI+PP8FcDY9wmqZtt8erN7A0ojUjjAAAAA[0m[Pipeline] // stage
[8mha:////4Ees0Z1owinRhGrVOzzPeOZOXnK2vw9b8JfUlzZ8wAMHAAAAqB+LCAAAAAAAAP9tjbEOgjAURR8QBldHP6IEBxbjxNqw+AW11Fpo3sP2IUx+kb/mP4iSOHmne25yc54vyGOAIwUrOoO9w6idGPxolyYmCv3F0yQ6OgtNGMkb0ZipodbUKzbEBtYkKWQSNga1p+jQMmxlp+6q8AptceKwbAcJqWtv8IBELmZWgb8wB9hdxzYS/jx/BTAPDGlZMWRltf9c8zcVw9QNwwAAAA==[0m[Pipeline] stage
[8mha:////4Cn2nMWT+q1REg0fx/bSLnakSI0xIAThf8BG8+LrNXk2AAAAqB+LCAAAAAAAAP9tjTEOwjAUQ39bdWBl5BCpAIkFdWKNunCCkISQNPq/JCntxIm4GnegtBITHizbkvVebyhjgJqCYU5jazFKyzrfmymxgUJ79TQwRxcmCSN5zRo9NKT0aakNJQ2LshwKDiuN0lO0aBKsuRMPUXmBpjqnMG1HDrlVd3hCxidyEiHNZQywufUqEv44fwEwdgmK7WE3+/77LT9WuUbcxAAAAA==[0m[Pipeline] { (Email Notification)
Stage "Email Notification" skipped due to earlier failure(s)
[8mha:////4M1zm4jVN6UsIARcHT/qtbzumBHxr9qTfv+ZZbZo4LLKAAAAph+LCAAAAAAAAP9tjTEOwjAQBC+JKGgpeYQjBKJBqWitNLzA2MbYse6C7eBUvIiv8QeiRKJii9XONvP+wCoGaCgY5jR2FqO0rPeDmRbLFLqbp8wcXZkkjOQ1a3VuSenzgi0lDUuKEioOa43SU7RoEmy4E09Re4GmvqQwfScOpVUPeEHBJ3MSIc0wBtjeBxUJf56/Ahj7PkG1Ox7m3n8BpoaV1sAAAAA=[0m[Pipeline] }
[8mha:////4F/+eN3S2rNPd8eyBntM+f4pI0mR5/lmmwOfRgh+R5BuAAAAph+LCAAAAAAAAP9tjTEOwjAQBC+JKGgpeYQjkKBBqWitNLzA2MbYse6C7eBUvIiv8QeiRKJii9XONvP+wCoGaCgY5jR2FqO0rPeDmRbLFLqbp8wcXZkkjOQ1a3VuSenzgi0lDUuKEioOa43SU7RoEmy4E09Re4GmvqQwfScOpVUPeEHBJ3MSIc0wBtjeBxUJf56/Ahj7PkG1Ox7m3n8BhL3lB8AAAAA=[0m[Pipeline] // stage
[8mha:////4JsQLOs3SuiH4eSXs17yUA0ECVPRbsTjyNee2Hax1MnsAAAAqB+LCAAAAAAAAP9tjbEOgjAURR8QBldHP6KEhcU4uTYsfkGltRaa97B9WCa/yF/zH0RJnLzTPTe5Oc8XlDHAgYIVvcHBYeycGP1klyYSheHiKYmezqIjjOSNaE1qSZvjii2xgTVZDoWEjcHOU3RoGbayV3dVeYW2OnFYtr2E3OkbPCCTi5lV4C/MAXbXSUfCn+evAOaRIa8bhqJums+1fAMDgUWWwwAAAA==[0m[Pipeline] stage
[8mha:////4EhKdfU+WFNd8l4kte17PRRtK6yu8NEE7iRbMBG3qTZkAAAAqB+LCAAAAAAAAP9tjbEOgjAYhH8gDK6OPkSJCw7GibVh8QlqqbXQ/D+2xTL5RL6a72CFxMkbLneXXL7XG0rv4EROs17hYNBLw0Y76ZRYJDdcLUXW04VJQk9WsVbFljrVrLWloGBVlkPBYaNQWvIGdYAt78VDVFagrs7Bpe3IITfdHZ6Q8UQOwoWlzA52t6nzhD/OXwDMY4BiX9eLH77f8gM/wNFExAAAAA==[0m[Pipeline] { (Deploy)
Stage "Deploy" skipped due to earlier failure(s)
[8mha:////4DLFC9MdRYBkufpV5Z0Giau3RUGRRGSSFe/lzs6IztCRAAAAph+LCAAAAAAAAP9tjTEOwjAQBC+JKGgpeYQjGkBCqWitNLzA2MbYse6C7eBUvIiv8QeiRKJii9XONvP+wCoGaCgY5jR2FqO0rPeDmRbLFLqbp8wcXZkkjOQ1a3VuSenzgi0lDUuKEioOa43SU7RoEmy4E09Re4GmvqQwfScOpVUPeEHBJ3MSIc0wBtjeBxUJf56/Ahj7PkG12x/nPnwByyhYFsAAAAA=[0m[Pipeline] }
[8mha:////4MbjLOLnG8T1dSHGm+jzPFcSgf0J5vPPsb7S2C6UUuG+AAAAph+LCAAAAAAAAP9tjbEOgjAURR8QB1dHP+IRFxJjnFibLn5BLbUWmvewLcLkF/lr/oMEEifvcHPPXc77A5sY4MzBYmuocxS1w94Pdl44cuhunkds+YqaKbI3KM0ouTH1ipKTgTVZDoWArSHtOTqyCXaiVU9VekW2vKQwfycBuWse8IJMzOakQlpgCrC/D01k+nn+CmDq+wTFoTouXX0B6RMox8AAAAA=[0m[Pipeline] // stage
[8mha:////4NNpbxItqk5bYZ5KeztjQ8C+3mNfoh7SjvG8rccnk5uOAAAApR+LCAAAAAAAAP9tjTESgjAQRRcYC1tLDxGk0cKhss3QeIJIYgxkdjFZhMoTeTXvYEZmrPzVf695rzesYoCaghWdwd5hbJ0Y/GjTExOF/uppEh1dREsYyRvRmKkhbU4LNsQGlmU5FBLWBltP0aFl2MhOPVTpFdryzCG5o4Tc6Ts8IZOpzCrwF+YA29uoI+Gv8zcA8zAwFNVhx5BX+w8gHWtwvwAAAA==[0m[Pipeline] }
[8mha:////4PYdgoOCcn1BfBBYoeww3Mi9sDRXPXQHyL3IwgkmuseZAAAAph+LCAAAAAAAAP9tjTEOwjAQBC+JKGgpeYSjFIgCUdFaaXiBiY1xYt0Z+4JT8SK+xh+IiETFVjvTzOsNqxThSNGK3uDgMHVOBD/a+YlMcbh6yqKni+gIE3kjWpNb0ua0YEtsYFlRQiVhbbDzlBxaho3s1UPVXqGtzxxnd5BQOn2HJxRyLrOK/IUpwvY26kT46/wNwBQCQ9XsG4ay2X0AP58+Ir8AAAA=[0m[Pipeline] // withEnv
[8mha:////4D/Lb4k/Sj1aYlrmoYtZIDxgdaqTGBpOQJeAWilB9OuqAAAApR+LCAAAAAAAAP9tjTEOwjAQBM+JKGgpeYQjEBIFoqK10vAC4xjjxLoL9gWn4kV8jT8QEYmKrXammdcbFinCkaKTrcXOYzJe9mFw05OZYncNlGVLF2kIEwUra5trauxpxprYwjxRQKlgadEESh4dw0q1+qGroNFVZ46TOygofHOHJwg1lVlH/sIYYX0bmkT46/wNwNj3DOVmv2UQuw85KwQvvgAAAA==[0m[Pipeline] }
[8mha:////4G9yH0xT1LHc80+6Q1VkSJcgLoWvTtx63j3cMOsOMCj4AAAApR+LCAAAAAAAAP9tjTEOwjAQBC+JKGgpeYQjlIICUdFaaXiBiY1xYt0Z+4JT8SK+xh+IiETFVjvTzOsNqxThSNGK3uDgMHVOBD/a+YlMcbh6yqKni+gIE3kjWpNb0ua0YEtsYFlRQiVhbbDzlBxaho3s1UPVXqGtzxxnd5BQOn2HJxRyLrOK/IUpwvY26kT46/wNwBQCQ7XbNwxF8wEqlwCMvgAAAA==[0m[Pipeline] // node
[8mha:////4PZjTL22uZNrMuxMsT2Ow0pk8Jo2eHKrEjetZy3rdbnGAAAApR+LCAAAAAAAAP9tjTEOwjAQBM+JKGgpeYQjEBIFoqK10vAC4xjjxLoL9gWn4kV8jT8QEYmKrXammdcbFinCkaKTrcXOYzJe9mFw05OZYncNlGVLF2kIEwUra5trauxpxprYwjxRQKlgadEESh4dw0q1+qGroNFVZ46TOygofHOHJwg1lVlH/sIYYX0bmkT46/wNwNj3DOVmv2MQ2w+seydJvgAAAA==[0m[Pipeline] End of Pipeline
ERROR: No artifacts found that match the file pattern "archiveArtifacts artifacts: 'target/*.war". Configuration error?
[Checks API] No suitable checks publisher found.
Finished: FAILURE
